Compiling 25 files with Solc 0.8.28
Solc 0.8.28 finished in 1.45s
Compiler run successful with warnings:
Warning (6321): Unnamed return variable can remain unassigned. Add an explicit return with value to all non-reverting code paths or name the variable.
   --> lib/Common.sol:118:93:
    |
118 |     function prepareInitialCapital(address from, address to, uint amount) internal returns (bool) {
    |                                                                                             ^^^^

Warning (2018): Function state mutability can be restricted to view
 --> lib/Common.sol:7:5:
  |
7 |     function getRouterAndMainToken() internal returns (address, address[] memory){
  |     ^ (Relevant source part starts here and spans across multiple lines).

Warning (2018): Function state mutability can be restricted to pure
  --> lib/Common.sol:99:5:
   |
99 |     function tokenInArray(address token, address[] memory array) internal returns (bool){
   |     ^ (Relevant source part starts here and spans across multiple lines).

[2m2024-12-23T05:04:59.257796Z[0m [31mERROR[0m [2msharedbackend[0m[2m:[0m Failed to send/recv `basic` [3merr[0m[2m=[0mfailed to get account for 0xFF################################B5CC8: server returned an error response: error code -32000: missing trie node 0000000000000000000000000000000000000000000000000000000000000000 (path ) <nil> [3maddress[0m[2m=[0m0xFF################################B5CC8
[2m2024-12-23T05:04:59.257862Z[0m [31mERROR[0m [2msharedbackend[0m[2m:[0m It looks like you're trying to fork from an older block with a non-archive node which is not supported. Please try to change your RPC url to an archive node if the issue persists.

Ran 1 test for src/migration_result_test/Dexible_exp/0x67################################711Ec.sol:ContractTest
[FAIL: EVM error; database error: failed to get account for 0xFF################################B5CC8: server returned an error response: error code -32000: missing trie node 0000000000000000000000000000000000000000000000000000000000000000 (path ) <nil>] setUp() (gas: 0)
Suite result: FAILED. 0 passed; 1 failed; 0 skipped; finished in 938.52ms (0.00ns CPU time)

Ran 1 test suite in 940.15ms (938.52ms CPU time): 0 tests passed, 1 failed, 0 skipped (1 total tests)

Failing tests:
Encountered 1 failing test in src/migration_result_test/Dexible_exp/0x67################################711Ec.sol:ContractTest
[FAIL: EVM error; database error: failed to get account for 0xFF################################B5CC8: server returned an error response: error code -32000: missing trie node 0000000000000000000000000000000000000000000000000000000000000000 (path ) <nil>] setUp() (gas: 0)

Encountered a total of 1 failing tests, 0 tests succeeded
