Compiling 25 files with Solc 0.8.28
Solc 0.8.28 finished in 1.42s
Compiler run successful with warnings:
Warning (6321): Unnamed return variable can remain unassigned. Add an explicit return with value to all non-reverting code paths or name the variable.
   --> lib/Common.sol:118:93:
    |
118 |     function prepareInitialCapital(address from, address to, uint amount) internal returns (bool) {
    |                                                                                             ^^^^

Warning (5667): Unused function parameter. Remove or comment out the variable name to silence this warning.
   --> src/migration_result_test/RevertFinance_exp/0x95################################2a164.sol:390:27:
    |
390 |     function transferFrom(address from, address to, uint256 value) external returns (bool) {
    |                           ^^^^^^^^^^^^

Warning (5667): Unused function parameter. Remove or comment out the variable name to silence this warning.
   --> src/migration_result_test/RevertFinance_exp/0x95################################2a164.sol:390:41:
    |
390 |     function transferFrom(address from, address to, uint256 value) external returns (bool) {
    |                                         ^^^^^^^^^^

Warning (5667): Unused function parameter. Remove or comment out the variable name to silence this warning.
   --> src/migration_result_test/RevertFinance_exp/0x95################################2a164.sol:390:53:
    |
390 |     function transferFrom(address from, address to, uint256 value) external returns (bool) {
    |                                                     ^^^^^^^^^^^^^

Warning (5667): Unused function parameter. Remove or comment out the variable name to silence this warning.
   --> src/migration_result_test/RevertFinance_exp/0x95################################2a164.sol:395:22:
    |
395 |     function approve(address spender, uint256 value) external returns (bool) {
    |                      ^^^^^^^^^^^^^^^

Warning (5667): Unused function parameter. Remove or comment out the variable name to silence this warning.
   --> src/migration_result_test/RevertFinance_exp/0x95################################2a164.sol:395:39:
    |
395 |     function approve(address spender, uint256 value) external returns (bool) {
    |                                       ^^^^^^^^^^^^^

Warning (5667): Unused function parameter. Remove or comment out the variable name to silence this warning.
   --> src/migration_result_test/RevertFinance_exp/0x95################################2a164.sol:399:23:
    |
399 |     function transfer(address to, uint256 value) external returns (bool) {
    |                       ^^^^^^^^^^

Warning (5667): Unused function parameter. Remove or comment out the variable name to silence this warning.
   --> src/migration_result_test/RevertFinance_exp/0x95################################2a164.sol:399:35:
    |
399 |     function transfer(address to, uint256 value) external returns (bool) {
    |                                   ^^^^^^^^^^^^^

Warning (5667): Unused function parameter. Remove or comment out the variable name to silence this warning.
   --> src/migration_result_test/RevertFinance_exp/0x95################################2a164.sol:403:24:
    |
403 |     function balanceOf(address owner) external view returns (uint256) {
    |                        ^^^^^^^^^^^^^

Warning (2018): Function state mutability can be restricted to view
 --> lib/Common.sol:7:5:
  |
7 |     function getRouterAndMainToken() internal returns (address, address[] memory){
  |     ^ (Relevant source part starts here and spans across multiple lines).

Warning (2018): Function state mutability can be restricted to pure
  --> lib/Common.sol:99:5:
   |
99 |     function tokenInArray(address token, address[] memory array) internal returns (bool){
   |     ^ (Relevant source part starts here and spans across multiple lines).

Warning (2018): Function state mutability can be restricted to pure
   --> src/migration_result_test/RevertFinance_exp/0x95################################2a164.sol:395:5:
    |
395 |     function approve(address spender, uint256 value) external returns (bool) {
    |     ^ (Relevant source part starts here and spans across multiple lines).

Warning (2018): Function state mutability can be restricted to pure
   --> src/migration_result_test/RevertFinance_exp/0x95################################2a164.sol:399:5:
    |
399 |     function transfer(address to, uint256 value) external returns (bool) {
    |     ^ (Relevant source part starts here and spans across multiple lines).

[2m2024-12-23T04:51:13.001843Z[0m [31mERROR[0m [2msharedbackend[0m[2m:[0m Failed to send/recv `basic` [3merr[0m[2m=[0mfailed to get account for 0xFF################################B5CC8: server returned an error response: error code -32000: missing trie node 0000000000000000000000000000000000000000000000000000000000000000 (path ) <nil> [3maddress[0m[2m=[0m0xFF################################B5CC8
[2m2024-12-23T04:51:13.001931Z[0m [31mERROR[0m [2msharedbackend[0m[2m:[0m It looks like you're trying to fork from an older block with a non-archive node which is not supported. Please try to change your RPC url to an archive node if the issue persists.

Ran 1 test for src/migration_result_test/RevertFinance_exp/0x95################################2a164.sol:ContractTest
[FAIL: EVM error; database error: failed to get account for 0xFF################################B5CC8: server returned an error response: error code -32000: missing trie node 0000000000000000000000000000000000000000000000000000000000000000 (path ) <nil>] setUp() (gas: 0)
Suite result: FAILED. 0 passed; 1 failed; 0 skipped; finished in 869.57ms (0.00ns CPU time)

Ran 1 test suite in 871.06ms (869.57ms CPU time): 0 tests passed, 1 failed, 0 skipped (1 total tests)

Failing tests:
Encountered 1 failing test in src/migration_result_test/RevertFinance_exp/0x95################################2a164.sol:ContractTest
[FAIL: EVM error; database error: failed to get account for 0xFF################################B5CC8: server returned an error response: error code -32000: missing trie node 0000000000000000000000000000000000000000000000000000000000000000 (path ) <nil>] setUp() (gas: 0)

Encountered a total of 1 failing tests, 0 tests succeeded
