Compiling 25 files with Solc 0.8.28
Solc 0.8.28 finished in 1.42s
Compiler run successful with warnings:
Warning (6321): Unnamed return variable can remain unassigned. Add an explicit return with value to all non-reverting code paths or name the variable.
   --> lib/Common.sol:118:93:
    |
118 |     function prepareInitialCapital(address from, address to, uint amount) internal returns (bool) {
    |                                                                                             ^^^^

Warning (2018): Function state mutability can be restricted to view
 --> lib/Common.sol:7:5:
  |
7 |     function getRouterAndMainToken() internal returns (address, address[] memory){
  |     ^ (Relevant source part starts here and spans across multiple lines).

Warning (2018): Function state mutability can be restricted to pure
  --> lib/Common.sol:99:5:
   |
99 |     function tokenInArray(address token, address[] memory array) internal returns (bool){
   |     ^ (Relevant source part starts here and spans across multiple lines).


Ran 1 test for src/migration_result_test2/BEVO_exp.sol/0x5a################################03d28.sol:ContractTest
[FAIL: revert: Pancake: TRANSFER_FAILED] test() (gas: 84203)
Traces:
  [84203] ContractTest::test()
     [2534] 0xbb################################c095c::balanceOf(ContractTest: [0x7F################################e1496]) [staticcall]
         [Return] 337000000000000000000 [3.37e20]
     [68504] 0x10################################6024E::swapExactTokensForTokensSupportingFeeOnTransferTokens(192500000000000000000 [1.925e20], 0, [0xbb################################c095c, 0x5A################################03D28], ContractTest: [0x7F################################e1496], 1675071422 [1.675e9])
        [13025] 0xbb################################c095c::transferFrom(ContractTest: [0x7F################################e1496], 0xd6################################1bd9d, 192500000000000000000 [1.925e20])
           emit Transfer(from: ContractTest: [0x7F################################e1496], to: 0xd6################################1bd9d, value: 192500000000000000000 [1.925e20])
            [Return] true
        [12769] 0x5A################################03D28::balanceOf(ContractTest: [0x7F################################e1496]) [staticcall]
            [Return] 0
        [2893] 0xd6################################1bd9d::getReserves() [staticcall]
            [Return] 91531640738295796 [9.153e16], 190303627047991528 [1.903e17], 1672503014 [1.672e9]
        [534] 0xbb################################c095c::balanceOf(0xd6################################1bd9d) [staticcall]
            [Return] 192690303627047991528 [1.926e20]
        [27768] 0xd6################################1bd9d::swap(91441016478441991 [9.144e16], 0, ContractTest: [0x7F################################e1496], 0x)
           [15995] 0x5A################################03D28::transfer(ContractTest: [0x7F################################e1496], 91441016478441991 [9.144e16])
               [Revert] revert: Transfer amount exceeds the maxTxAmount.
            [Revert] revert: Pancake: TRANSFER_FAILED
         [Revert] revert: Pancake: TRANSFER_FAILED
      [Revert] revert: Pancake: TRANSFER_FAILED

Suite result: FAILED. 0 passed; 1 failed; 0 skipped; finished in 995.96ms (1.47ms CPU time)

Ran 1 test suite in 3.12s (995.96ms CPU time): 0 tests passed, 1 failed, 0 skipped (1 total tests)

Failing tests:
Encountered 1 failing test in src/migration_result_test2/BEVO_exp.sol/0x5a################################03d28.sol:ContractTest
[FAIL: revert: Pancake: TRANSFER_FAILED] test() (gas: 84203)

Encountered a total of 1 failing tests, 0 tests succeeded
