Compiling 25 files with Solc 0.8.28
Solc 0.8.28 finished in 1.45s
Compiler run successful with warnings:
Warning (6321): Unnamed return variable can remain unassigned. Add an explicit return with value to all non-reverting code paths or name the variable.
   --> lib/Common.sol:118:93:
    |
118 |     function prepareInitialCapital(address from, address to, uint amount) internal returns (bool) {
    |                                                                                             ^^^^

Warning (2018): Function state mutability can be restricted to view
 --> lib/Common.sol:7:5:
  |
7 |     function getRouterAndMainToken() internal returns (address, address[] memory){
  |     ^ (Relevant source part starts here and spans across multiple lines).

Warning (2018): Function state mutability can be restricted to pure
  --> lib/Common.sol:99:5:
   |
99 |     function tokenInArray(address token, address[] memory array) internal returns (bool){
   |     ^ (Relevant source part starts here and spans across multiple lines).


Ran 1 test for src/migration_result_test2/BEVO_exp.sol/0xe1################################926fa.sol:ContractTest
[FAIL: revert: Pancake: TRANSFER_FAILED] test() (gas: 74351)
Traces:
  [74351] ContractTest::test()
     [2534] 0xbb################################c095c::balanceOf(ContractTest: [0x7F################################e1496]) [staticcall]
         [Return] 337000000000000000000 [3.37e20]
     [58652] 0x10################################6024E::swapExactTokensForTokensSupportingFeeOnTransferTokens(192500000000000000000 [1.925e20], 0, [0xbb################################c095c, 0xE1################################926Fa], ContractTest: [0x7F################################e1496], 1675071422 [1.675e9])
        [13025] 0xbb################################c095c::transferFrom(ContractTest: [0x7F################################e1496], 0xE4################################6c0b8, 192500000000000000000 [1.925e20])
           emit Transfer(from: ContractTest: [0x7F################################e1496], to: 0xE4################################6c0b8, value: 192500000000000000000 [1.925e20])
            [Return] true
        [13198] 0xE1################################926Fa::balanceOf(ContractTest: [0x7F################################e1496]) [staticcall]
            [Return] 0
        [2893] 0xE4################################6c0b8::getReserves() [staticcall]
            [Return] 368657580346802935 [3.686e17], 285854585580 [2.858e11], 1629541028 [1.629e9]
        [534] 0xbb################################c095c::balanceOf(0xE4################################6c0b8) [staticcall]
            [Return] 192868657580346802935 [1.928e20]
        [17537] 0xE4################################6c0b8::swap(0, 285306823846 [2.853e11], ContractTest: [0x7F################################e1496], 0x)
           [5727] 0xE1################################926Fa::transfer(ContractTest: [0x7F################################e1496], 285306823846 [2.853e11])
               [Revert] revert: Transfer amount exceeds the maxTxAmount.
            [Revert] revert: Pancake: TRANSFER_FAILED
         [Revert] revert: Pancake: TRANSFER_FAILED
      [Revert] revert: Pancake: TRANSFER_FAILED

Suite result: FAILED. 0 passed; 1 failed; 0 skipped; finished in 997.49ms (1.44ms CPU time)

Ran 1 test suite in 4.11s (997.49ms CPU time): 0 tests passed, 1 failed, 0 skipped (1 total tests)

Failing tests:
Encountered 1 failing test in src/migration_result_test2/BEVO_exp.sol/0xe1################################926fa.sol:ContractTest
[FAIL: revert: Pancake: TRANSFER_FAILED] test() (gas: 74351)

Encountered a total of 1 failing tests, 0 tests succeeded
