Compiling 25 files with Solc 0.8.28
Solc 0.8.28 finished in 1.42s
Compiler run successful with warnings:
Warning (6321): Unnamed return variable can remain unassigned. Add an explicit return with value to all non-reverting code paths or name the variable.
   --> lib/Common.sol:118:93:
    |
118 |     function prepareInitialCapital(address from, address to, uint amount) internal returns (bool) {
    |                                                                                             ^^^^

Warning (2018): Function state mutability can be restricted to view
 --> lib/Common.sol:7:5:
  |
7 |     function getRouterAndMainToken() internal returns (address, address[] memory){
  |     ^ (Relevant source part starts here and spans across multiple lines).

Warning (2018): Function state mutability can be restricted to pure
  --> lib/Common.sol:99:5:
   |
99 |     function tokenInArray(address token, address[] memory array) internal returns (bool){
   |     ^ (Relevant source part starts here and spans across multiple lines).


Ran 1 test for src/migration_result_test2/BEVO_exp.sol/0x2a################################08f8e.sol:ContractTest
[FAIL: revert: Pancake: TRANSFER_FAILED] test() (gas: 73987)
Traces:
  [73987] ContractTest::test()
     [2534] 0xbb################################c095c::balanceOf(ContractTest: [0x7F################################e1496]) [staticcall]
         [Return] 337000000000000000000 [3.37e20]
     [58288] 0x10################################6024E::swapExactTokensForTokensSupportingFeeOnTransferTokens(192500000000000000000 [1.925e20], 0, [0xbb################################c095c, 0x2a################################08f8e], ContractTest: [0x7F################################e1496], 1675071422 [1.675e9])
        [13025] 0xbb################################c095c::transferFrom(ContractTest: [0x7F################################e1496], 0xf7################################2e4C8, 192500000000000000000 [1.925e20])
           emit Transfer(from: ContractTest: [0x7F################################e1496], to: 0xf7################################2e4C8, value: 192500000000000000000 [1.925e20])
            [Return] true
        [12814] 0x2a################################08f8e::balanceOf(ContractTest: [0x7F################################e1496]) [staticcall]
            [Return] 0
        [2893] 0xf7################################2e4C8::getReserves() [staticcall]
            [Return] 4939400531920302965906878177 [4.939e27], 3604666516512178 [3.604e15], 1644772218 [1.644e9]
        [534] 0xbb################################c095c::balanceOf(0xf7################################2e4C8) [staticcall]
            [Return] 192503604666516512178 [1.925e20]
        [17507] 0xf7################################2e4C8::swap(4939307808905110400686671358 [4.939e27], 0, ContractTest: [0x7F################################e1496], 0x)
           [5734] 0x2a################################08f8e::transfer(ContractTest: [0x7F################################e1496], 4939307808905110400686671358 [4.939e27])
               [Revert] revert: Transfer amount exceeds the maxTxAmount.
            [Revert] revert: Pancake: TRANSFER_FAILED
         [Revert] revert: Pancake: TRANSFER_FAILED
      [Revert] revert: Pancake: TRANSFER_FAILED

Suite result: FAILED. 0 passed; 1 failed; 0 skipped; finished in 1.04s (1.37ms CPU time)

Ran 1 test suite in 3.49s (1.04s CPU time): 0 tests passed, 1 failed, 0 skipped (1 total tests)

Failing tests:
Encountered 1 failing test in src/migration_result_test2/BEVO_exp.sol/0x2a################################08f8e.sol:ContractTest
[FAIL: revert: Pancake: TRANSFER_FAILED] test() (gas: 73987)

Encountered a total of 1 failing tests, 0 tests succeeded
