Compiling 25 files with Solc 0.8.28
Solc 0.8.28 finished in 1.45s
Compiler run successful with warnings:
Warning (6321): Unnamed return variable can remain unassigned. Add an explicit return with value to all non-reverting code paths or name the variable.
   --> lib/Common.sol:118:93:
    |
118 |     function prepareInitialCapital(address from, address to, uint amount) internal returns (bool) {
    |                                                                                             ^^^^

Warning (2018): Function state mutability can be restricted to view
 --> lib/Common.sol:7:5:
  |
7 |     function getRouterAndMainToken() internal returns (address, address[] memory){
  |     ^ (Relevant source part starts here and spans across multiple lines).

Warning (2018): Function state mutability can be restricted to pure
  --> lib/Common.sol:99:5:
   |
99 |     function tokenInArray(address token, address[] memory array) internal returns (bool){
   |     ^ (Relevant source part starts here and spans across multiple lines).


Ran 1 test for src/migration_result_test2/BEVO_exp.sol/0x11################################fd9b9.sol:ContractTest
[FAIL: revert: Pancake: TRANSFER_FAILED] test() (gas: 74363)
Traces:
  [74363] ContractTest::test()
     [2534] 0xbb################################c095c::balanceOf(ContractTest: [0x7F################################e1496]) [staticcall]
         [Return] 337000000000000000000 [3.37e20]
     [58664] 0x10################################6024E::swapExactTokensForTokensSupportingFeeOnTransferTokens(192500000000000000000 [1.925e20], 0, [0xbb################################c095c, 0x11################################fd9b9], ContractTest: [0x7F################################e1496], 1675071422 [1.675e9])
        [13025] 0xbb################################c095c::transferFrom(ContractTest: [0x7F################################e1496], 0xBa################################EB80c, 192500000000000000000 [1.925e20])
           emit Transfer(from: ContractTest: [0x7F################################e1496], to: 0xBa################################EB80c, value: 192500000000000000000 [1.925e20])
            [Return] true
        [13197] 0x11################################fd9b9::balanceOf(ContractTest: [0x7F################################e1496]) [staticcall]
            [Return] 0
        [2893] 0xBa################################EB80c::getReserves() [staticcall]
            [Return] 49179637339611649714002 [4.917e22], 3614151189301191 [3.614e15], 1671185904 [1.671e9]
        [534] 0xbb################################c095c::balanceOf(0xBa################################EB80c) [staticcall]
            [Return] 192503614151189301191 [1.925e20]
        [17500] 0xBa################################EB80c::swap(49178711704488022069373 [4.917e22], 0, ContractTest: [0x7F################################e1496], 0x)
           [5727] 0x11################################fd9b9::transfer(ContractTest: [0x7F################################e1496], 49178711704488022069373 [4.917e22])
               [Revert] revert: Transfer amount exceeds the maxTxAmount.
            [Revert] revert: Pancake: TRANSFER_FAILED
         [Revert] revert: Pancake: TRANSFER_FAILED
      [Revert] revert: Pancake: TRANSFER_FAILED

Suite result: FAILED. 0 passed; 1 failed; 0 skipped; finished in 989.87ms (1.36ms CPU time)

Ran 1 test suite in 3.95s (989.87ms CPU time): 0 tests passed, 1 failed, 0 skipped (1 total tests)

Failing tests:
Encountered 1 failing test in src/migration_result_test2/BEVO_exp.sol/0x11################################fd9b9.sol:ContractTest
[FAIL: revert: Pancake: TRANSFER_FAILED] test() (gas: 74363)

Encountered a total of 1 failing tests, 0 tests succeeded
