Compiling 25 files with Solc 0.8.28
Solc 0.8.28 finished in 1.45s
Compiler run successful with warnings:
Warning (6321): Unnamed return variable can remain unassigned. Add an explicit return with value to all non-reverting code paths or name the variable.
   --> lib/Common.sol:118:93:
    |
118 |     function prepareInitialCapital(address from, address to, uint amount) internal returns (bool) {
    |                                                                                             ^^^^

Warning (2018): Function state mutability can be restricted to view
 --> lib/Common.sol:7:5:
  |
7 |     function getRouterAndMainToken() internal returns (address, address[] memory){
  |     ^ (Relevant source part starts here and spans across multiple lines).

Warning (2018): Function state mutability can be restricted to pure
  --> lib/Common.sol:99:5:
   |
99 |     function tokenInArray(address token, address[] memory array) internal returns (bool){
   |     ^ (Relevant source part starts here and spans across multiple lines).


Ran 1 test for src/migration_result_test2/BEVO_exp.sol/0x77################################5ecb3.sol:ContractTest
[FAIL: revert: Pancake: TRANSFER_FAILED] test() (gas: 73987)
Traces:
  [73987] ContractTest::test()
     [2534] 0xbb################################c095c::balanceOf(ContractTest: [0x7F################################e1496]) [staticcall]
         [Return] 337000000000000000000 [3.37e20]
     [58288] 0x10################################6024E::swapExactTokensForTokensSupportingFeeOnTransferTokens(192500000000000000000 [1.925e20], 0, [0xbb################################c095c, 0x77################################5Ecb3], ContractTest: [0x7F################################e1496], 1675071422 [1.675e9])
        [13025] 0xbb################################c095c::transferFrom(ContractTest: [0x7F################################e1496], 0x18################################86F66, 192500000000000000000 [1.925e20])
           emit Transfer(from: ContractTest: [0x7F################################e1496], to: 0x18################################86F66, value: 192500000000000000000 [1.925e20])
            [Return] true
        [12814] 0x77################################5Ecb3::balanceOf(ContractTest: [0x7F################################e1496]) [staticcall]
            [Return] 0
        [2893] 0x18################################86F66::getReserves() [staticcall]
            [Return] 505920553636481577441381641 [5.059e26], 5633957149706784 [5.633e15], 1644859282 [1.644e9]
        [534] 0xbb################################c095c::balanceOf(0x18################################86F66) [staticcall]
            [Return] 192505633957149706784 [1.925e20]
        [17507] 0x18################################86F66::swap(505905710028281381768071860 [5.059e26], 0, ContractTest: [0x7F################################e1496], 0x)
           [5734] 0x77################################5Ecb3::transfer(ContractTest: [0x7F################################e1496], 505905710028281381768071860 [5.059e26])
               [Revert] revert: Transfer amount exceeds the maxTxAmount.
            [Revert] revert: Pancake: TRANSFER_FAILED
         [Revert] revert: Pancake: TRANSFER_FAILED
      [Revert] revert: Pancake: TRANSFER_FAILED

Suite result: FAILED. 0 passed; 1 failed; 0 skipped; finished in 1.04s (1.40ms CPU time)

Ran 1 test suite in 4.02s (1.04s CPU time): 0 tests passed, 1 failed, 0 skipped (1 total tests)

Failing tests:
Encountered 1 failing test in src/migration_result_test2/BEVO_exp.sol/0x77################################5ecb3.sol:ContractTest
[FAIL: revert: Pancake: TRANSFER_FAILED] test() (gas: 73987)

Encountered a total of 1 failing tests, 0 tests succeeded
