Compiling 25 files with Solc 0.8.28
Solc 0.8.28 finished in 1.45s
Compiler run successful with warnings:
Warning (6321): Unnamed return variable can remain unassigned. Add an explicit return with value to all non-reverting code paths or name the variable.
   --> lib/Common.sol:118:93:
    |
118 |     function prepareInitialCapital(address from, address to, uint amount) internal returns (bool) {
    |                                                                                             ^^^^

Warning (2018): Function state mutability can be restricted to view
 --> lib/Common.sol:7:5:
  |
7 |     function getRouterAndMainToken() internal returns (address, address[] memory){
  |     ^ (Relevant source part starts here and spans across multiple lines).

Warning (2018): Function state mutability can be restricted to pure
  --> lib/Common.sol:99:5:
   |
99 |     function tokenInArray(address token, address[] memory array) internal returns (bool){
   |     ^ (Relevant source part starts here and spans across multiple lines).


Ran 1 test for src/migration_result_test2/BEVO_exp.sol/0x93################################0c6c0.sol:ContractTest
[FAIL: revert: Pancake: TRANSFER_FAILED] test() (gas: 108601)
Traces:
  [108601] ContractTest::test()
     [2534] 0xbb################################c095c::balanceOf(ContractTest: [0x7F################################e1496]) [staticcall]
         [Return] 337000000000000000000 [3.37e20]
     [92902] 0x10################################6024E::swapExactTokensForTokensSupportingFeeOnTransferTokens(192500000000000000000 [1.925e20], 0, [0xbb################################c095c, 0x93################################0c6c0], ContractTest: [0x7F################################e1496], 1675071422 [1.675e9])
        [13025] 0xbb################################c095c::transferFrom(ContractTest: [0x7F################################e1496], 0x3B################################2e4d3, 192500000000000000000 [1.925e20])
           emit Transfer(from: ContractTest: [0x7F################################e1496], to: 0x3B################################2e4d3, value: 192500000000000000000 [1.925e20])
            [Return] true
        [45879] 0x93################################0c6c0::balanceOf(ContractTest: [0x7F################################e1496]) [staticcall]
            [Return] 0
        [2893] 0x3B################################2e4d3::getReserves() [staticcall]
            [Return] 406358805694330295 [4.063e17], 641778775656086459 [6.417e17], 1640268458 [1.64e9]
        [534] 0xbb################################c095c::balanceOf(0x3B################################2e4d3) [staticcall]
            [Return] 193141778775656086459 [1.931e20]
        [19056] 0x3B################################2e4d3::swap(405005168504331418 [4.05e17], 0, ContractTest: [0x7F################################e1496], 0x)
           [7283] 0x93################################0c6c0::transfer(ContractTest: [0x7F################################e1496], 405005168504331418 [4.05e17])
               [Revert] revert: Transfer amount exceeds the maxTxAmount.
            [Revert] revert: Pancake: TRANSFER_FAILED
         [Revert] revert: Pancake: TRANSFER_FAILED
      [Revert] revert: Pancake: TRANSFER_FAILED

Suite result: FAILED. 0 passed; 1 failed; 0 skipped; finished in 2.60s (1.46s CPU time)

Ran 1 test suite in 5.57s (2.60s CPU time): 0 tests passed, 1 failed, 0 skipped (1 total tests)

Failing tests:
Encountered 1 failing test in src/migration_result_test2/BEVO_exp.sol/0x93################################0c6c0.sol:ContractTest
[FAIL: revert: Pancake: TRANSFER_FAILED] test() (gas: 108601)

Encountered a total of 1 failing tests, 0 tests succeeded
