Compiling 25 files with Solc 0.8.28
Solc 0.8.28 finished in 1.41s
Compiler run successful with warnings:
Warning (6321): Unnamed return variable can remain unassigned. Add an explicit return with value to all non-reverting code paths or name the variable.
   --> lib/Common.sol:118:93:
    |
118 |     function prepareInitialCapital(address from, address to, uint amount) internal returns (bool) {
    |                                                                                             ^^^^

Warning (2018): Function state mutability can be restricted to view
 --> lib/Common.sol:7:5:
  |
7 |     function getRouterAndMainToken() internal returns (address, address[] memory){
  |     ^ (Relevant source part starts here and spans across multiple lines).

Warning (2018): Function state mutability can be restricted to pure
  --> lib/Common.sol:99:5:
   |
99 |     function tokenInArray(address token, address[] memory array) internal returns (bool){
   |     ^ (Relevant source part starts here and spans across multiple lines).


Ran 1 test for src/migration_result_test2/BEVO_exp.sol/0xD8################################a1823.sol:ContractTest
[FAIL: revert: Pancake: TRANSFER_FAILED] test() (gas: 72525)
Traces:
  [72525] ContractTest::test()
     [2534] 0xbb################################c095c::balanceOf(ContractTest: [0x7F################################e1496]) [staticcall]
         [Return] 337000000000000000000 [3.37e20]
     [56826] 0x10################################6024E::swapExactTokensForTokensSupportingFeeOnTransferTokens(192500000000000000000 [1.925e20], 0, [0xbb################################c095c, 0xD8################################a1823], ContractTest: [0x7F################################e1496], 1675071422 [1.675e9])
        [13025] 0xbb################################c095c::transferFrom(ContractTest: [0x7F################################e1496], 0x10################################e7b83, 192500000000000000000 [1.925e20])
           emit Transfer(from: ContractTest: [0x7F################################e1496], to: 0x10################################e7b83, value: 192500000000000000000 [1.925e20])
            [Return] true
        [11979] 0xD8################################a1823::balanceOf(ContractTest: [0x7F################################e1496]) [staticcall]
            [Return] 0
        [2893] 0x10################################e7b83::getReserves() [staticcall]
            [Return] 147782780268244 [1.477e14], 1506676219358363393905130582 [1.506e27], 1657571158 [1.657e9]
        [534] 0xbb################################c095c::balanceOf(0x10################################e7b83) [staticcall]
            [Return] 192500147782780268244 [1.925e20]
        [16930] 0x10################################e7b83::swap(0, 1506675059780825808470513351 [1.506e27], ContractTest: [0x7F################################e1496], 0x)
           [5120] 0xD8################################a1823::transfer(ContractTest: [0x7F################################e1496], 1506675059780825808470513351 [1.506e27])
               [Revert] revert: Transfer amount exceeds the maxTxAmount.
            [Revert] revert: Pancake: TRANSFER_FAILED
         [Revert] revert: Pancake: TRANSFER_FAILED
      [Revert] revert: Pancake: TRANSFER_FAILED

Suite result: FAILED. 0 passed; 1 failed; 0 skipped; finished in 2.00s (785.27ms CPU time)

Ran 1 test suite in 4.20s (2.00s CPU time): 0 tests passed, 1 failed, 0 skipped (1 total tests)

Failing tests:
Encountered 1 failing test in src/migration_result_test2/BEVO_exp.sol/0xD8################################a1823.sol:ContractTest
[FAIL: revert: Pancake: TRANSFER_FAILED] test() (gas: 72525)

Encountered a total of 1 failing tests, 0 tests succeeded
