Compiling 25 files with Solc 0.8.28
Solc 0.8.28 finished in 1.42s
Compiler run successful with warnings:
Warning (6321): Unnamed return variable can remain unassigned. Add an explicit return with value to all non-reverting code paths or name the variable.
   --> lib/Common.sol:118:93:
    |
118 |     function prepareInitialCapital(address from, address to, uint amount) internal returns (bool) {
    |                                                                                             ^^^^

Warning (2018): Function state mutability can be restricted to view
 --> lib/Common.sol:7:5:
  |
7 |     function getRouterAndMainToken() internal returns (address, address[] memory){
  |     ^ (Relevant source part starts here and spans across multiple lines).

Warning (2018): Function state mutability can be restricted to pure
  --> lib/Common.sol:99:5:
   |
99 |     function tokenInArray(address token, address[] memory array) internal returns (bool){
   |     ^ (Relevant source part starts here and spans across multiple lines).


Ran 1 test for src/migration_result_test2/BFCToken_exp.sol/0xD8################################62d4f.sol:ContractTest
[FAIL: revert: Pancake: TRANSFER_FAILED] test() (gas: 72038)
Traces:
  [72038] ContractTest::test()
     [2531] 0x55################################97955::balanceOf(ContractTest: [0x7F################################e1496]) [staticcall]
         [Return] 400000000000000000000000 [4e23]
     [2531] 0x55################################97955::balanceOf(0x99################################1978d) [staticcall]
         [Return] 10486963356056776818240 [1.048e22]
     [51239] 0x10################################6024E::swapExactTokensForTokensSupportingFeeOnTransferTokens(10486963356056776818240 [1.048e22], 0, [0x55################################97955, 0xD8################################62d4f], ContractTest: [0x7F################################e1496], 1694286992 [1.694e9])
        [16434] 0x55################################97955::transferFrom(ContractTest: [0x7F################################e1496], 0x99################################1978d, 10486963356056776818240 [1.048e22])
           emit Transfer(from: ContractTest: [0x7F################################e1496], to: 0x99################################1978d, value: 10486963356056776818240 [1.048e22])
           emit Approval(owner: ContractTest: [0x7F################################e1496], spender: 0x10################################6024E, value: 115792089237316195423570985008687907853269984665640564028970620651856352821695 [1.157e77])
            [Return] true
        [2651] 0xD8################################62d4f::balanceOf(ContractTest: [0x7F################################e1496]) [staticcall]
            [Return] 0
        [2893] 0x99################################1978d::getReserves() [staticcall]
            [Return] 10486963356056776818240 [1.048e22], 42227983079999558821643 [4.222e22], 1677779386 [1.677e9]
        [531] 0x55################################97955::balanceOf(0x99################################1978d) [staticcall]
            [Return] 20973926712113553636480 [2.097e22]
        [17265] 0x99################################1978d::swap(0, 21087566018673121363999 [2.108e22], ContractTest: [0x7F################################e1496], 0x)
           [5461] 0xD8################################62d4f::transfer(ContractTest: [0x7F################################e1496], 21087566018673121363999 [2.108e22])
               [Revert] revert: Ownable: no purchase allowed
            [Revert] revert: Pancake: TRANSFER_FAILED
         [Revert] revert: Pancake: TRANSFER_FAILED
      [Revert] revert: Pancake: TRANSFER_FAILED

Suite result: FAILED. 0 passed; 1 failed; 0 skipped; finished in 2.06s (982.95ms CPU time)

Ran 1 test suite in 2.07s (2.06s CPU time): 0 tests passed, 1 failed, 0 skipped (1 total tests)

Failing tests:
Encountered 1 failing test in src/migration_result_test2/BFCToken_exp.sol/0xD8################################62d4f.sol:ContractTest
[FAIL: revert: Pancake: TRANSFER_FAILED] test() (gas: 72038)

Encountered a total of 1 failing tests, 0 tests succeeded
