Compiling 25 files with Solc 0.8.28
Solc 0.8.28 finished in 1.44s
Compiler run successful with warnings:
Warning (6321): Unnamed return variable can remain unassigned. Add an explicit return with value to all non-reverting code paths or name the variable.
   --> lib/Common.sol:118:93:
    |
118 |     function prepareInitialCapital(address from, address to, uint amount) internal returns (bool) {
    |                                                                                             ^^^^

Warning (2018): Function state mutability can be restricted to view
 --> lib/Common.sol:7:5:
  |
7 |     function getRouterAndMainToken() internal returns (address, address[] memory){
  |     ^ (Relevant source part starts here and spans across multiple lines).

Warning (2018): Function state mutability can be restricted to pure
  --> lib/Common.sol:99:5:
   |
99 |     function tokenInArray(address token, address[] memory array) internal returns (bool){
   |     ^ (Relevant source part starts here and spans across multiple lines).


Ran 1 test for src/migration_result_test2/BIGFI_exp.sol/0x8e################################733E8.sol:ContractTest
[FAIL: revert: Pancake: TRANSFER_FAILED] test() (gas: 66598)
Traces:
  [66598] ContractTest::test()
     [2531] 0x55################################97955::balanceOf(ContractTest: [0x7F################################e1496]) [staticcall]
         [Return] 230466095832979875922923 [2.304e23]
     [50821] 0x10################################6024E::swapExactTokensForTokensSupportingFeeOnTransferTokens(200000000000000000000000 [2e23], 0, [0x55################################97955, 0x8e################################733E8], ContractTest: [0x7F################################e1496], 1679488640 [1.679e9])
        [18434] 0x55################################97955::transferFrom(ContractTest: [0x7F################################e1496], 0xd1################################958dA, 200000000000000000000000 [2e23])
           emit Transfer(from: ContractTest: [0x7F################################e1496], to: 0xd1################################958dA, value: 200000000000000000000000 [2e23])
           emit Approval(owner: ContractTest: [0x7F################################e1496], spender: 0x10################################6024E, value: 115792089237316195423570985008687907853269984665640563839457584007913129639935 [1.157e77])
            [Return] true
        [2651] 0x8e################################733E8::balanceOf(ContractTest: [0x7F################################e1496]) [staticcall]
            [Return] 0
        [2893] 0xd1################################958dA::getReserves() [staticcall]
            [Return] 1598384762231875231971 [1.598e21], 8633601055963410177736 [8.633e21], 1679097343 [1.679e9]
        [531] 0x55################################97955::balanceOf(0xd1################################958dA) [staticcall]
            [Return] 201598384762231875231971 [2.015e23]
        [14847] 0xd1################################958dA::swap(0, 8564978842078613850713 [8.564e21], ContractTest: [0x7F################################e1496], 0x)
           [3043] 0x8e################################733E8::transfer(ContractTest: [0x7F################################e1496], 8564978842078613850713 [8.564e21])
               [Revert] revert: User_SellLimit 99%
            [Revert] revert: Pancake: TRANSFER_FAILED
         [Revert] revert: Pancake: TRANSFER_FAILED
      [Revert] revert: Pancake: TRANSFER_FAILED

Suite result: FAILED. 0 passed; 1 failed; 0 skipped; finished in 565.82ms (1.19ms CPU time)

Ran 1 test suite in 691.95ms (565.82ms CPU time): 0 tests passed, 1 failed, 0 skipped (1 total tests)

Failing tests:
Encountered 1 failing test in src/migration_result_test2/BIGFI_exp.sol/0x8e################################733E8.sol:ContractTest
[FAIL: revert: Pancake: TRANSFER_FAILED] test() (gas: 66598)

Encountered a total of 1 failing tests, 0 tests succeeded
