Compiling 25 files with Solc 0.8.28
Solc 0.8.28 finished in 1.48s
Compiler run successful with warnings:
Warning (6321): Unnamed return variable can remain unassigned. Add an explicit return with value to all non-reverting code paths or name the variable.
   --> lib/Common.sol:118:93:
    |
118 |     function prepareInitialCapital(address from, address to, uint amount) internal returns (bool) {
    |                                                                                             ^^^^

Warning (2018): Function state mutability can be restricted to view
 --> lib/Common.sol:7:5:
  |
7 |     function getRouterAndMainToken() internal returns (address, address[] memory){
  |     ^ (Relevant source part starts here and spans across multiple lines).

Warning (2018): Function state mutability can be restricted to pure
  --> lib/Common.sol:99:5:
   |
99 |     function tokenInArray(address token, address[] memory array) internal returns (bool){
   |     ^ (Relevant source part starts here and spans across multiple lines).


Ran 1 test for src/migration_result_test2/FDP_exp.t.sol/0x8f################################28df8.sol:ContractTest
[FAIL: revert: Pancake: TRANSFER_FAILED] test() (gas: 74135)
Traces:
  [74135] ContractTest::test()
     [2534] 0xbb################################c095c::balanceOf(ContractTest: [0x7F################################e1496]) [staticcall]
         [Return] 16320000000000000000 [1.632e19]
     [534] 0xbb################################c095c::balanceOf(ContractTest: [0x7F################################e1496]) [staticcall]
         [Return] 16320000000000000000 [1.632e19]
     [57354] 0x10################################6024E::swapExactTokensForTokensSupportingFeeOnTransferTokens(16320000000000000000 [1.632e19], 0, [0xbb################################c095c, 0x8f################################28DF8], ContractTest: [0x7F################################e1496], 115792089237316195423570985008687907853269984665640564039457584007913129639935 [1.157e77])
        [13025] 0xbb################################c095c::transferFrom(ContractTest: [0x7F################################e1496], 0xDb################################62F87, 16320000000000000000 [1.632e19])
           emit Transfer(from: ContractTest: [0x7F################################e1496], to: 0xDb################################62F87, value: 16320000000000000000 [1.632e19])
            [Return] true
        [12429] 0x8f################################28DF8::balanceOf(ContractTest: [0x7F################################e1496]) [staticcall]
            [Return] 0
        [2893] 0xDb################################62F87::getReserves() [staticcall]
            [Return] 46533989043815387177185658 [4.653e25], 205675860218347 [2.056e14], 1627067063 [1.627e9]
        [534] 0xbb################################c095c::balanceOf(0xDb################################62F87) [staticcall]
            [Return] 16320205675860218347 [1.632e19]
        [16958] 0xDb################################62F87::swap(46533401128112778326972164 [4.653e25], 0, ContractTest: [0x7F################################e1496], 0x)
           [5185] 0x8f################################28DF8::transfer(ContractTest: [0x7F################################e1496], 46533401128112778326972164 [4.653e25])
               [Revert] revert: Transfer amount exceeds the maxTxAmount.
            [Revert] revert: Pancake: TRANSFER_FAILED
         [Revert] revert: Pancake: TRANSFER_FAILED
      [Revert] revert: Pancake: TRANSFER_FAILED

Suite result: FAILED. 0 passed; 1 failed; 0 skipped; finished in 1.43s (553.73ms CPU time)

Ran 1 test suite in 1.56s (1.43s CPU time): 0 tests passed, 1 failed, 0 skipped (1 total tests)

Failing tests:
Encountered 1 failing test in src/migration_result_test2/FDP_exp.t.sol/0x8f################################28df8.sol:ContractTest
[FAIL: revert: Pancake: TRANSFER_FAILED] test() (gas: 74135)

Encountered a total of 1 failing tests, 0 tests succeeded
