Compiling 25 files with Solc 0.8.28
Solc 0.8.28 finished in 1.42s
Compiler run successful with warnings:
Warning (6321): Unnamed return variable can remain unassigned. Add an explicit return with value to all non-reverting code paths or name the variable.
   --> lib/Common.sol:118:93:
    |
118 |     function prepareInitialCapital(address from, address to, uint amount) internal returns (bool) {
    |                                                                                             ^^^^

Warning (2018): Function state mutability can be restricted to view
 --> lib/Common.sol:7:5:
  |
7 |     function getRouterAndMainToken() internal returns (address, address[] memory){
  |     ^ (Relevant source part starts here and spans across multiple lines).

Warning (2018): Function state mutability can be restricted to pure
  --> lib/Common.sol:99:5:
   |
99 |     function tokenInArray(address token, address[] memory array) internal returns (bool){
   |     ^ (Relevant source part starts here and spans across multiple lines).


Ran 1 test for src/migration_result_test2/FDP_exp.t.sol/0xd7################################c5155.sol:ContractTest
[FAIL: revert: Pancake: TRANSFER_FAILED] test() (gas: 78176)
Traces:
  [78176] ContractTest::test()
     [2534] 0xbb################################c095c::balanceOf(ContractTest: [0x7F################################e1496]) [staticcall]
         [Return] 16320000000000000000 [1.632e19]
     [534] 0xbb################################c095c::balanceOf(ContractTest: [0x7F################################e1496]) [staticcall]
         [Return] 16320000000000000000 [1.632e19]
     [61395] 0x10################################6024E::swapExactTokensForTokensSupportingFeeOnTransferTokens(16320000000000000000 [1.632e19], 0, [0xbb################################c095c, 0xD7################################c5155], ContractTest: [0x7F################################e1496], 115792089237316195423570985008687907853269984665640564039457584007913129639935 [1.157e77])
        [13025] 0xbb################################c095c::transferFrom(ContractTest: [0x7F################################e1496], 0x6f################################0482c, 16320000000000000000 [1.632e19])
           emit Transfer(from: ContractTest: [0x7F################################e1496], to: 0x6f################################0482c, value: 16320000000000000000 [1.632e19])
            [Return] true
        [9978] 0xD7################################c5155::balanceOf(ContractTest: [0x7F################################e1496]) [staticcall]
            [Return] 0
        [2893] 0x6f################################0482c::getReserves() [staticcall]
            [Return] 50157538188376 [5.015e13], 10000078950142829398 [1e19], 1643920492 [1.643e9]
        [534] 0xbb################################c095c::balanceOf(0x6f################################0482c) [staticcall]
            [Return] 16320050157538188376 [1.632e19]
        [23500] 0x6f################################0482c::swap(0, 10000048139181822308 [1e19], ContractTest: [0x7F################################e1496], 0x)
           [11690] 0xD7################################c5155::transfer(ContractTest: [0x7F################################e1496], 10000048139181822308 [1e19])
               [Revert] revert: Transfer amount exceeds the maxTxAmount.
            [Revert] revert: Pancake: TRANSFER_FAILED
         [Revert] revert: Pancake: TRANSFER_FAILED
      [Revert] revert: Pancake: TRANSFER_FAILED

Suite result: FAILED. 0 passed; 1 failed; 0 skipped; finished in 1.50s (646.53ms CPU time)

Ran 1 test suite in 1.53s (1.50s CPU time): 0 tests passed, 1 failed, 0 skipped (1 total tests)

Failing tests:
Encountered 1 failing test in src/migration_result_test2/FDP_exp.t.sol/0xd7################################c5155.sol:ContractTest
[FAIL: revert: Pancake: TRANSFER_FAILED] test() (gas: 78176)

Encountered a total of 1 failing tests, 0 tests succeeded
