Compiling 25 files with Solc 0.8.28
Solc 0.8.28 finished in 1.45s
Compiler run successful with warnings:
Warning (6321): Unnamed return variable can remain unassigned. Add an explicit return with value to all non-reverting code paths or name the variable.
   --> lib/Common.sol:118:93:
    |
118 |     function prepareInitialCapital(address from, address to, uint amount) internal returns (bool) {
    |                                                                                             ^^^^

Warning (2018): Function state mutability can be restricted to view
 --> lib/Common.sol:7:5:
  |
7 |     function getRouterAndMainToken() internal returns (address, address[] memory){
  |     ^ (Relevant source part starts here and spans across multiple lines).

Warning (2018): Function state mutability can be restricted to pure
  --> lib/Common.sol:99:5:
   |
99 |     function tokenInArray(address token, address[] memory array) internal returns (bool){
   |     ^ (Relevant source part starts here and spans across multiple lines).


Ran 1 test for src/migration_result_test2/FDP_exp.t.sol/0x72################################2F9bb.sol:ContractTest
[FAIL: revert: Pancake: TRANSFER_FAILED] test() (gas: 92835)
Traces:
  [92835] ContractTest::test()
     [2534] 0xbb################################c095c::balanceOf(ContractTest: [0x7F################################e1496]) [staticcall]
         [Return] 16320000000000000000 [1.632e19]
     [534] 0xbb################################c095c::balanceOf(ContractTest: [0x7F################################e1496]) [staticcall]
         [Return] 16320000000000000000 [1.632e19]
     [76054] 0x10################################6024E::swapExactTokensForTokensSupportingFeeOnTransferTokens(16320000000000000000 [1.632e19], 0, [0xbb################################c095c, 0x72################################2F9bb], ContractTest: [0x7F################################e1496], 115792089237316195423570985008687907853269984665640564039457584007913129639935 [1.157e77])
        [13025] 0xbb################################c095c::transferFrom(ContractTest: [0x7F################################e1496], 0xF0################################8C915, 16320000000000000000 [1.632e19])
           emit Transfer(from: ContractTest: [0x7F################################e1496], to: 0xF0################################8C915, value: 16320000000000000000 [1.632e19])
            [Return] true
        [12199] 0x72################################2F9bb::balanceOf(ContractTest: [0x7F################################e1496]) [staticcall]
            [Return] 0
        [2893] 0xF0################################8C915::getReserves() [staticcall]
            [Return] 10000010000000000 [1e16], 12352725190905 [1.235e13], 1644247505 [1.644e9]
        [534] 0xbb################################c095c::balanceOf(0xF0################################8C915) [staticcall]
            [Return] 16320012352725190905 [1.632e19]
        [35888] 0xF0################################8C915::swap(10000002411956256 [1e16], 0, ContractTest: [0x7F################################e1496], 0x)
           [24121] 0x72################################2F9bb::transfer(ContractTest: [0x7F################################e1496], 10000002411956256 [1e16])
               [Revert] revert: SafeMath: subtraction overflow
            [Revert] revert: Pancake: TRANSFER_FAILED
         [Revert] revert: Pancake: TRANSFER_FAILED
      [Revert] revert: Pancake: TRANSFER_FAILED

Suite result: FAILED. 0 passed; 1 failed; 0 skipped; finished in 1.80s (963.55ms CPU time)

Ran 1 test suite in 1.84s (1.80s CPU time): 0 tests passed, 1 failed, 0 skipped (1 total tests)

Failing tests:
Encountered 1 failing test in src/migration_result_test2/FDP_exp.t.sol/0x72################################2F9bb.sol:ContractTest
[FAIL: revert: Pancake: TRANSFER_FAILED] test() (gas: 92835)

Encountered a total of 1 failing tests, 0 tests succeeded
