Compiling 25 files with Solc 0.8.28
Solc 0.8.28 finished in 1.44s
Compiler run successful with warnings:
Warning (6321): Unnamed return variable can remain unassigned. Add an explicit return with value to all non-reverting code paths or name the variable.
   --> lib/Common.sol:118:93:
    |
118 |     function prepareInitialCapital(address from, address to, uint amount) internal returns (bool) {
    |                                                                                             ^^^^

Warning (2018): Function state mutability can be restricted to view
 --> lib/Common.sol:7:5:
  |
7 |     function getRouterAndMainToken() internal returns (address, address[] memory){
  |     ^ (Relevant source part starts here and spans across multiple lines).

Warning (2018): Function state mutability can be restricted to pure
  --> lib/Common.sol:99:5:
   |
99 |     function tokenInArray(address token, address[] memory array) internal returns (bool){
   |     ^ (Relevant source part starts here and spans across multiple lines).


Ran 1 test for src/migration_result_test2/FDP_exp.t.sol/0xc7################################73512.sol:ContractTest
[FAIL: revert: Pancake: TRANSFER_FAILED] test() (gas: 85055)
Traces:
  [85055] ContractTest::test()
     [2534] 0xbb################################c095c::balanceOf(ContractTest: [0x7F################################e1496]) [staticcall]
         [Return] 16320000000000000000 [1.632e19]
     [534] 0xbb################################c095c::balanceOf(ContractTest: [0x7F################################e1496]) [staticcall]
         [Return] 16320000000000000000 [1.632e19]
     [68274] 0x10################################6024E::swapExactTokensForTokensSupportingFeeOnTransferTokens(16320000000000000000 [1.632e19], 0, [0xbb################################c095c, 0xc7################################73512], ContractTest: [0x7F################################e1496], 115792089237316195423570985008687907853269984665640564039457584007913129639935 [1.157e77])
        [13025] 0xbb################################c095c::transferFrom(ContractTest: [0x7F################################e1496], 0x3A################################CD9f2, 16320000000000000000 [1.632e19])
           emit Transfer(from: ContractTest: [0x7F################################e1496], to: 0x3A################################CD9f2, value: 16320000000000000000 [1.632e19])
            [Return] true
        [12381] 0xc7################################73512::balanceOf(ContractTest: [0x7F################################e1496]) [staticcall]
            [Return] 0
        [2893] 0x3A################################CD9f2::getReserves() [staticcall]
            [Return] 557630180862504563 [5.576e17], 901964545433799756068816 [9.019e23], 1628967915 [1.628e9]
        [534] 0xbb################################c095c::balanceOf(0x3A################################CD9f2) [staticcall]
            [Return] 16877630180862504563 [1.687e19]
        [27976] 0x3A################################CD9f2::swap(0, 872091781546598092970533 [8.72e23], ContractTest: [0x7F################################e1496], 0x)
           [16166] 0xc7################################73512::transfer(ContractTest: [0x7F################################e1496], 872091781546598092970533 [8.72e23])
               [Revert] revert: Exceeds maximum wallet token amount.
            [Revert] revert: Pancake: TRANSFER_FAILED
         [Revert] revert: Pancake: TRANSFER_FAILED
      [Revert] revert: Pancake: TRANSFER_FAILED

Suite result: FAILED. 0 passed; 1 failed; 0 skipped; finished in 1.77s (872.50ms CPU time)

Ran 1 test suite in 1.80s (1.77s CPU time): 0 tests passed, 1 failed, 0 skipped (1 total tests)

Failing tests:
Encountered 1 failing test in src/migration_result_test2/FDP_exp.t.sol/0xc7################################73512.sol:ContractTest
[FAIL: revert: Pancake: TRANSFER_FAILED] test() (gas: 85055)

Encountered a total of 1 failing tests, 0 tests succeeded
