Compiling 25 files with Solc 0.8.28
Solc 0.8.28 finished in 1.44s
Compiler run successful with warnings:
Warning (6321): Unnamed return variable can remain unassigned. Add an explicit return with value to all non-reverting code paths or name the variable.
   --> lib/Common.sol:118:93:
    |
118 |     function prepareInitialCapital(address from, address to, uint amount) internal returns (bool) {
    |                                                                                             ^^^^

Warning (2018): Function state mutability can be restricted to view
 --> lib/Common.sol:7:5:
  |
7 |     function getRouterAndMainToken() internal returns (address, address[] memory){
  |     ^ (Relevant source part starts here and spans across multiple lines).

Warning (2018): Function state mutability can be restricted to pure
  --> lib/Common.sol:99:5:
   |
99 |     function tokenInArray(address token, address[] memory array) internal returns (bool){
   |     ^ (Relevant source part starts here and spans across multiple lines).


Ran 1 test for src/migration_result_test2/FDP_exp.t.sol/0x1b################################5e382.sol:ContractTest
[FAIL: revert: Pancake: TRANSFER_FAILED] test() (gas: 71401)
Traces:
  [71401] ContractTest::test()
     [2534] 0xbb################################c095c::balanceOf(ContractTest: [0x7F################################e1496]) [staticcall]
         [Return] 16320000000000000000 [1.632e19]
     [534] 0xbb################################c095c::balanceOf(ContractTest: [0x7F################################e1496]) [staticcall]
         [Return] 16320000000000000000 [1.632e19]
     [54620] 0x10################################6024E::swapExactTokensForTokensSupportingFeeOnTransferTokens(16320000000000000000 [1.632e19], 0, [0xbb################################c095c, 0x1b################################5E382], ContractTest: [0x7F################################e1496], 115792089237316195423570985008687907853269984665640564039457584007913129639935 [1.157e77])
        [13025] 0xbb################################c095c::transferFrom(ContractTest: [0x7F################################e1496], 0x0e################################ABb20, 16320000000000000000 [1.632e19])
           emit Transfer(from: ContractTest: [0x7F################################e1496], to: 0x0e################################ABb20, value: 16320000000000000000 [1.632e19])
            [Return] true
        [9803] 0x1b################################5E382::balanceOf(ContractTest: [0x7F################################e1496]) [staticcall]
            [Return] 0
        [2893] 0x0e################################ABb20::getReserves() [staticcall]
            [Return] 59145406078330867877 [5.914e19], 70131663306901 [7.013e13], 1659306562 [1.659e9]
        [534] 0xbb################################c095c::balanceOf(0x0e################################ABb20) [staticcall]
            [Return] 16320070131663306901 [1.632e19]
        [16850] 0x0e################################ABb20::swap(59145151277859367154 [5.914e19], 0, ContractTest: [0x7F################################e1496], 0x)
           [5077] 0x1b################################5E382::transfer(ContractTest: [0x7F################################e1496], 59145151277859367154 [5.914e19])
               [Revert] revert: Transfer amount exceeds the maxTxAmount.
            [Revert] revert: Pancake: TRANSFER_FAILED
         [Revert] revert: Pancake: TRANSFER_FAILED
      [Revert] revert: Pancake: TRANSFER_FAILED

Suite result: FAILED. 0 passed; 1 failed; 0 skipped; finished in 1.34s (515.31ms CPU time)

Ran 1 test suite in 1.37s (1.34s CPU time): 0 tests passed, 1 failed, 0 skipped (1 total tests)

Failing tests:
Encountered 1 failing test in src/migration_result_test2/FDP_exp.t.sol/0x1b################################5e382.sol:ContractTest
[FAIL: revert: Pancake: TRANSFER_FAILED] test() (gas: 71401)

Encountered a total of 1 failing tests, 0 tests succeeded
