Compiling 25 files with Solc 0.8.28
Solc 0.8.28 finished in 1.44s
Compiler run successful with warnings:
Warning (6321): Unnamed return variable can remain unassigned. Add an explicit return with value to all non-reverting code paths or name the variable.
   --> lib/Common.sol:118:93:
    |
118 |     function prepareInitialCapital(address from, address to, uint amount) internal returns (bool) {
    |                                                                                             ^^^^

Warning (2018): Function state mutability can be restricted to view
 --> lib/Common.sol:7:5:
  |
7 |     function getRouterAndMainToken() internal returns (address, address[] memory){
  |     ^ (Relevant source part starts here and spans across multiple lines).

Warning (2018): Function state mutability can be restricted to pure
  --> lib/Common.sol:99:5:
   |
99 |     function tokenInArray(address token, address[] memory array) internal returns (bool){
   |     ^ (Relevant source part starts here and spans across multiple lines).


Ran 1 test for src/migration_result_test2/FDP_exp.t.sol/0xef################################547af.sol:ContractTest
[FAIL: revert: Pancake: TRANSFER_FAILED] test() (gas: 71284)
Traces:
  [71284] ContractTest::test()
     [2534] 0xbb################################c095c::balanceOf(ContractTest: [0x7F################################e1496]) [staticcall]
         [Return] 16320000000000000000 [1.632e19]
     [534] 0xbb################################c095c::balanceOf(ContractTest: [0x7F################################e1496]) [staticcall]
         [Return] 16320000000000000000 [1.632e19]
     [54503] 0x10################################6024E::swapExactTokensForTokensSupportingFeeOnTransferTokens(16320000000000000000 [1.632e19], 0, [0xbb################################c095c, 0xeF################################547aF], ContractTest: [0x7F################################e1496], 115792089237316195423570985008687907853269984665640564039457584007913129639935 [1.157e77])
        [13025] 0xbb################################c095c::transferFrom(ContractTest: [0x7F################################e1496], 0xd2################################5781b, 16320000000000000000 [1.632e19])
           emit Transfer(from: ContractTest: [0x7F################################e1496], to: 0xd2################################5781b, value: 16320000000000000000 [1.632e19])
            [Return] true
        [12200] 0xeF################################547aF::balanceOf(ContractTest: [0x7F################################e1496]) [staticcall]
            [Return] 0
        [2893] 0xd2################################5781b::getReserves() [staticcall]
            [Return] 12076856270000 [1.207e13], 2019397169149520534140 [2.019e21], 1634142321 [1.634e9]
        [534] 0xbb################################c095c::balanceOf(0xd2################################5781b) [staticcall]
            [Return] 16320012076856270000 [1.632e19]
        [14386] 0xd2################################5781b::swap(0, 2019395671044498698631 [2.019e21], ContractTest: [0x7F################################e1496], 0x)
           [2676] 0xeF################################547aF::transfer(ContractTest: [0x7F################################e1496], 2019395671044498698631 [2.019e21])
               [Revert] EvmError: Revert
            [Revert] revert: Pancake: TRANSFER_FAILED
         [Revert] revert: Pancake: TRANSFER_FAILED
      [Revert] revert: Pancake: TRANSFER_FAILED

Suite result: FAILED. 0 passed; 1 failed; 0 skipped; finished in 1.58s (594.66ms CPU time)

Ran 1 test suite in 1.62s (1.58s CPU time): 0 tests passed, 1 failed, 0 skipped (1 total tests)

Failing tests:
Encountered 1 failing test in src/migration_result_test2/FDP_exp.t.sol/0xef################################547af.sol:ContractTest
[FAIL: revert: Pancake: TRANSFER_FAILED] test() (gas: 71284)

Encountered a total of 1 failing tests, 0 tests succeeded
