Compiling 25 files with Solc 0.8.28
Solc 0.8.28 finished in 1.41s
Compiler run successful with warnings:
Warning (6321): Unnamed return variable can remain unassigned. Add an explicit return with value to all non-reverting code paths or name the variable.
   --> lib/Common.sol:118:93:
    |
118 |     function prepareInitialCapital(address from, address to, uint amount) internal returns (bool) {
    |                                                                                             ^^^^

Warning (2018): Function state mutability can be restricted to view
 --> lib/Common.sol:7:5:
  |
7 |     function getRouterAndMainToken() internal returns (address, address[] memory){
  |     ^ (Relevant source part starts here and spans across multiple lines).

Warning (2018): Function state mutability can be restricted to pure
  --> lib/Common.sol:99:5:
   |
99 |     function tokenInArray(address token, address[] memory array) internal returns (bool){
   |     ^ (Relevant source part starts here and spans across multiple lines).


Ran 1 test for src/migration_result_test2/FDP_exp.t.sol/0x44################################Dad7e.sol:ContractTest
[FAIL: revert: Pancake: TRANSFER_FAILED] test() (gas: 73621)
Traces:
  [73621] ContractTest::test()
     [2534] 0xbb################################c095c::balanceOf(ContractTest: [0x7F################################e1496]) [staticcall]
         [Return] 16320000000000000000 [1.632e19]
     [534] 0xbb################################c095c::balanceOf(ContractTest: [0x7F################################e1496]) [staticcall]
         [Return] 16320000000000000000 [1.632e19]
     [56840] 0x10################################6024E::swapExactTokensForTokensSupportingFeeOnTransferTokens(16320000000000000000 [1.632e19], 0, [0xbb################################c095c, 0x44################################Dad7e], ContractTest: [0x7F################################e1496], 115792089237316195423570985008687907853269984665640564039457584007913129639935 [1.157e77])
        [13025] 0xbb################################c095c::transferFrom(ContractTest: [0x7F################################e1496], 0x4e################################375a8, 16320000000000000000 [1.632e19])
           emit Transfer(from: ContractTest: [0x7F################################e1496], to: 0x4e################################375a8, value: 16320000000000000000 [1.632e19])
            [Return] true
        [12002] 0x44################################Dad7e::balanceOf(ContractTest: [0x7F################################e1496]) [staticcall]
            [Return] 0
        [2893] 0x4e################################375a8::getReserves() [staticcall]
            [Return] 133226640143911 [1.332e14], 13915365304065066168 [1.391e19], 1674955988 [1.674e9]
        [534] 0xbb################################c095c::balanceOf(0x4e################################375a8) [staticcall]
            [Return] 30235365304065066168 [3.023e19]
        [16871] 0x4e################################375a8::swap(71828261092361 [7.182e13], 0, ContractTest: [0x7F################################e1496], 0x)
           [5098] 0x44################################Dad7e::transfer(ContractTest: [0x7F################################e1496], 71828261092361 [7.182e13])
               [Revert] revert: Transfer amount exceeds the maxTxAmount.
            [Revert] revert: Pancake: TRANSFER_FAILED
         [Revert] revert: Pancake: TRANSFER_FAILED
      [Revert] revert: Pancake: TRANSFER_FAILED

Suite result: FAILED. 0 passed; 1 failed; 0 skipped; finished in 502.61ms (1.29ms CPU time)

Ran 1 test suite in 535.47ms (502.61ms CPU time): 0 tests passed, 1 failed, 0 skipped (1 total tests)

Failing tests:
Encountered 1 failing test in src/migration_result_test2/FDP_exp.t.sol/0x44################################Dad7e.sol:ContractTest
[FAIL: revert: Pancake: TRANSFER_FAILED] test() (gas: 73621)

Encountered a total of 1 failing tests, 0 tests succeeded
