Compiling 25 files with Solc 0.8.28
Solc 0.8.28 finished in 1.45s
Compiler run successful with warnings:
Warning (6321): Unnamed return variable can remain unassigned. Add an explicit return with value to all non-reverting code paths or name the variable.
   --> lib/Common.sol:118:93:
    |
118 |     function prepareInitialCapital(address from, address to, uint amount) internal returns (bool) {
    |                                                                                             ^^^^

Warning (2018): Function state mutability can be restricted to view
 --> lib/Common.sol:7:5:
  |
7 |     function getRouterAndMainToken() internal returns (address, address[] memory){
  |     ^ (Relevant source part starts here and spans across multiple lines).

Warning (2018): Function state mutability can be restricted to pure
  --> lib/Common.sol:99:5:
   |
99 |     function tokenInArray(address token, address[] memory array) internal returns (bool){
   |     ^ (Relevant source part starts here and spans across multiple lines).


Ran 1 test for src/migration_result_test2/FDP_exp.t.sol/0x6A################################8B75E.sol:ContractTest
[FAIL: revert: Pancake: TRANSFER_FAILED] test() (gas: 92857)
Traces:
  [92857] ContractTest::test()
     [2534] 0xbb################################c095c::balanceOf(ContractTest: [0x7F################################e1496]) [staticcall]
         [Return] 16320000000000000000 [1.632e19]
     [534] 0xbb################################c095c::balanceOf(ContractTest: [0x7F################################e1496]) [staticcall]
         [Return] 16320000000000000000 [1.632e19]
     [76076] 0x10################################6024E::swapExactTokensForTokensSupportingFeeOnTransferTokens(16320000000000000000 [1.632e19], 0, [0xbb################################c095c, 0x6A################################8B75E], ContractTest: [0x7F################################e1496], 115792089237316195423570985008687907853269984665640564039457584007913129639935 [1.157e77])
        [13025] 0xbb################################c095c::transferFrom(ContractTest: [0x7F################################e1496], 0x70################################5Ed4c, 16320000000000000000 [1.632e19])
           emit Transfer(from: ContractTest: [0x7F################################e1496], to: 0x70################################5Ed4c, value: 16320000000000000000 [1.632e19])
            [Return] true
        [12199] 0x6A################################8B75E::balanceOf(ContractTest: [0x7F################################e1496]) [staticcall]
            [Return] 0
        [2893] 0x70################################5Ed4c::getReserves() [staticcall]
            [Return] 66000010000000000 [6.6e16], 1257134159137 [1.257e12], 1644093062 [1.644e9]
        [534] 0xbb################################c095c::balanceOf(0x70################################5Ed4c) [staticcall]
            [Return] 16320001257134159137 [1.632e19]
        [35910] 0x70################################5Ed4c::swap(66000004903259332 [6.6e16], 0, ContractTest: [0x7F################################e1496], 0x)
           [24143] 0x6A################################8B75E::transfer(ContractTest: [0x7F################################e1496], 66000004903259332 [6.6e16])
               [Revert] revert: SafeMath: subtraction overflow
            [Revert] revert: Pancake: TRANSFER_FAILED
         [Revert] revert: Pancake: TRANSFER_FAILED
      [Revert] revert: Pancake: TRANSFER_FAILED

Suite result: FAILED. 0 passed; 1 failed; 0 skipped; finished in 1.77s (908.64ms CPU time)

Ran 1 test suite in 1.80s (1.77s CPU time): 0 tests passed, 1 failed, 0 skipped (1 total tests)

Failing tests:
Encountered 1 failing test in src/migration_result_test2/FDP_exp.t.sol/0x6A################################8B75E.sol:ContractTest
[FAIL: revert: Pancake: TRANSFER_FAILED] test() (gas: 92857)

Encountered a total of 1 failing tests, 0 tests succeeded
