Compiling 25 files with Solc 0.8.28
Solc 0.8.28 finished in 1.46s
Compiler run successful with warnings:
Warning (6321): Unnamed return variable can remain unassigned. Add an explicit return with value to all non-reverting code paths or name the variable.
   --> lib/Common.sol:118:93:
    |
118 |     function prepareInitialCapital(address from, address to, uint amount) internal returns (bool) {
    |                                                                                             ^^^^

Warning (2018): Function state mutability can be restricted to view
 --> lib/Common.sol:7:5:
  |
7 |     function getRouterAndMainToken() internal returns (address, address[] memory){
  |     ^ (Relevant source part starts here and spans across multiple lines).

Warning (2018): Function state mutability can be restricted to pure
  --> lib/Common.sol:99:5:
   |
99 |     function tokenInArray(address token, address[] memory array) internal returns (bool){
   |     ^ (Relevant source part starts here and spans across multiple lines).


Ran 1 test for src/migration_result_test2/HCT_exp.sol/0x8f################################ee940.sol:ContractTest
[FAIL: revert: Pancake: TRANSFER_FAILED] test() (gas: 185097)
Traces:
  [185097] ContractTest::test()
     [2534] 0xbb################################c095c::balanceOf(ContractTest: [0x7F################################e1496]) [staticcall]
         [Return] 2231049670256646342764 [2.231e21]
     [169395] 0x10################################6024E::swapExactTokensForTokensSupportingFeeOnTransferTokens(2200000000000000000000 [2.2e21], 1, [0xbb################################c095c, 0x8f################################EE940], ContractTest: [0x7F################################e1496], 115792089237316195423570985008687907853269984665640564039457584007913129639935 [1.157e77])
        [13025] 0xbb################################c095c::transferFrom(ContractTest: [0x7F################################e1496], 0xe2################################8D7C0, 2200000000000000000000 [2.2e21])
           emit Transfer(from: ContractTest: [0x7F################################e1496], to: 0xe2################################8D7C0, value: 2200000000000000000000 [2.2e21])
            [Return] true
        [12292] 0x8f################################EE940::balanceOf(ContractTest: [0x7F################################e1496]) [staticcall]
            [Return] 0
        [2893] 0xe2################################8D7C0::getReserves() [staticcall]
            [Return] 9998794340888886115 [9.998e18], 804710645234512 [8.047e14], 1658491197 [1.658e9]
        [534] 0xbb################################c095c::balanceOf(0xe2################################8D7C0) [staticcall]
            [Return] 2200000804710645234512 [2.2e21]
        [129136] 0xe2################################8D7C0::swap(9998790674389321224 [9.998e18], 0, ContractTest: [0x7F################################e1496], 0x)
           [117369] 0x8f################################EE940::transfer(ContractTest: [0x7F################################e1496], 9998790674389321224 [9.998e18])
              [35917] 0x17################################31158::e568987f(000000000000000000000000e2c886087fed20774e8e7f40c79ec94fdfd8d7c0) [staticcall]
                  [Return] 0x00################################00000000000000000000000000000
              [7917] 0x17################################31158::e568987f(0000000000000000000000007fa9385be102ac3eac297483dd6233d62b3e1496) [staticcall]
                  [Return] 0x00################################00000000000000000000000000000
              [3046] 0x17################################31158::606b55a7(000000000000000000000000e2c886087fed20774e8e7f40c79ec94fdfd8d7c0000000000000000000000000e2c886087fed20774e8e7f40c79ec94fdfd8d7c00000000000000000000000007fa9385be102ac3eac297483dd6233d62b3e1496)
                  [Stop] 
              emit Transfer(from: 0xe2################################8D7C0, to: 0xd8################################85A07, value: 0)
               [Revert] revert: SafeMath: subtraction overflow
            [Revert] revert: Pancake: TRANSFER_FAILED
         [Revert] revert: Pancake: TRANSFER_FAILED
      [Revert] revert: Pancake: TRANSFER_FAILED

Suite result: FAILED. 0 passed; 1 failed; 0 skipped; finished in 2.76s (1.82s CPU time)

Ran 1 test suite in 3.55s (2.76s CPU time): 0 tests passed, 1 failed, 0 skipped (1 total tests)

Failing tests:
Encountered 1 failing test in src/migration_result_test2/HCT_exp.sol/0x8f################################ee940.sol:ContractTest
[FAIL: revert: Pancake: TRANSFER_FAILED] test() (gas: 185097)

Encountered a total of 1 failing tests, 0 tests succeeded
