Compiling 25 files with Solc 0.8.28
Solc 0.8.28 finished in 1.41s
Compiler run successful with warnings:
Warning (6321): Unnamed return variable can remain unassigned. Add an explicit return with value to all non-reverting code paths or name the variable.
   --> lib/Common.sol:118:93:
    |
118 |     function prepareInitialCapital(address from, address to, uint amount) internal returns (bool) {
    |                                                                                             ^^^^

Warning (2018): Function state mutability can be restricted to view
 --> lib/Common.sol:7:5:
  |
7 |     function getRouterAndMainToken() internal returns (address, address[] memory){
  |     ^ (Relevant source part starts here and spans across multiple lines).

Warning (2018): Function state mutability can be restricted to pure
  --> lib/Common.sol:99:5:
   |
99 |     function tokenInArray(address token, address[] memory array) internal returns (bool){
   |     ^ (Relevant source part starts here and spans across multiple lines).


Ran 1 test for src/migration_result_test2/HCT_exp.sol/0x92################################85250.sol:ContractTest
[FAIL: revert: Pancake: TRANSFER_FAILED] test() (gas: 102102)
Traces:
  [102102] ContractTest::test()
     [2534] 0xbb################################c095c::balanceOf(ContractTest: [0x7F################################e1496]) [staticcall]
         [Return] 2231049670256646342764 [2.231e21]
     [86400] 0x10################################6024E::swapExactTokensForTokensSupportingFeeOnTransferTokens(2200000000000000000000 [2.2e21], 1, [0xbb################################c095c, 0x92################################85250], ContractTest: [0x7F################################e1496], 115792089237316195423570985008687907853269984665640564039457584007913129639935 [1.157e77])
        [13025] 0xbb################################c095c::transferFrom(ContractTest: [0x7F################################e1496], 0x4d################################DD10B, 2200000000000000000000 [2.2e21])
           emit Transfer(from: ContractTest: [0x7F################################e1496], to: 0x4d################################DD10B, value: 2200000000000000000000 [2.2e21])
            [Return] true
        [12068] 0x92################################85250::balanceOf(ContractTest: [0x7F################################e1496]) [staticcall]
            [Return] 0
        [2893] 0x4d################################DD10B::getReserves() [staticcall]
            [Return] 19474207198 [1.947e10], 2302849441823276 [2.302e15], 1636745348 [1.636e9]
        [534] 0xbb################################c095c::balanceOf(0x4d################################DD10B) [staticcall]
            [Return] 2200002302849441823276 [2.2e21]
        [46365] 0x4d################################DD10B::swap(19474186762 [1.947e10], 0, ContractTest: [0x7F################################e1496], 0x)
           [34610] 0x92################################85250::transfer(ContractTest: [0x7F################################e1496], 19474186762 [1.947e10])
               [Revert] panic: arithmetic underflow or overflow (0x11)
            [Revert] revert: Pancake: TRANSFER_FAILED
         [Revert] revert: Pancake: TRANSFER_FAILED
      [Revert] revert: Pancake: TRANSFER_FAILED

Suite result: FAILED. 0 passed; 1 failed; 0 skipped; finished in 1.96s (1.11s CPU time)

Ran 1 test suite in 1.98s (1.96s CPU time): 0 tests passed, 1 failed, 0 skipped (1 total tests)

Failing tests:
Encountered 1 failing test in src/migration_result_test2/HCT_exp.sol/0x92################################85250.sol:ContractTest
[FAIL: revert: Pancake: TRANSFER_FAILED] test() (gas: 102102)

Encountered a total of 1 failing tests, 0 tests succeeded
