Compiling 25 files with Solc 0.8.28
Solc 0.8.28 finished in 1.41s
Compiler run successful with warnings:
Warning (6321): Unnamed return variable can remain unassigned. Add an explicit return with value to all non-reverting code paths or name the variable.
   --> lib/Common.sol:118:93:
    |
118 |     function prepareInitialCapital(address from, address to, uint amount) internal returns (bool) {
    |                                                                                             ^^^^

Warning (2018): Function state mutability can be restricted to view
 --> lib/Common.sol:7:5:
  |
7 |     function getRouterAndMainToken() internal returns (address, address[] memory){
  |     ^ (Relevant source part starts here and spans across multiple lines).

Warning (2018): Function state mutability can be restricted to pure
  --> lib/Common.sol:99:5:
   |
99 |     function tokenInArray(address token, address[] memory array) internal returns (bool){
   |     ^ (Relevant source part starts here and spans across multiple lines).


Ran 1 test for src/migration_result_test2/HCT_exp.sol/0x71################################8a6a6.sol:ContractTest
[FAIL: revert: Pancake: TRANSFER_FAILED] test() (gas: 192464)
Traces:
  [192464] ContractTest::test()
     [2534] 0xbb################################c095c::balanceOf(ContractTest: [0x7F################################e1496]) [staticcall]
         [Return] 2231049670256646342764 [2.231e21]
     [176762] 0x10################################6024E::swapExactTokensForTokensSupportingFeeOnTransferTokens(2200000000000000000000 [2.2e21], 1, [0xbb################################c095c, 0x71################################8A6A6], ContractTest: [0x7F################################e1496], 115792089237316195423570985008687907853269984665640564039457584007913129639935 [1.157e77])
        [13025] 0xbb################################c095c::transferFrom(ContractTest: [0x7F################################e1496], 0x7a################################c7E97, 2200000000000000000000 [2.2e21])
           emit Transfer(from: ContractTest: [0x7F################################e1496], to: 0x7a################################c7E97, value: 2200000000000000000000 [2.2e21])
            [Return] true
        [12320] 0x71################################8A6A6::balanceOf(ContractTest: [0x7F################################e1496]) [staticcall]
            [Return] 0
        [2893] 0x7a################################c7E97::getReserves() [staticcall]
            [Return] 9833238929313466438532 [9.833e21], 2083539148978953 [2.083e15], 1647127290 [1.647e9]
        [534] 0xbb################################c095c::balanceOf(0x7a################################c7E97) [staticcall]
            [Return] 2200002083539148978953 [2.2e21]
        [136475] 0x7a################################c7E97::swap(9833229593283018271042 [9.833e21], 0, ContractTest: [0x7F################################e1496], 0x)
           [124708] 0x71################################8A6A6::transfer(ContractTest: [0x7F################################e1496], 9833229593283018271042 [9.833e21])
              [49458] 0xE7################################021Fa::_beforeTokenTransfer(0x7a################################c7E97, 0x7a################################c7E97, ContractTest: [0x7F################################e1496])
                  [Stop] 
              emit Transfer(from: 0x7a################################c7E97, to: 0x0e################################f1543, value: 491661479664150913552 [4.916e20])
               [Revert] revert: SafeMath: subtraction overflow
            [Revert] revert: Pancake: TRANSFER_FAILED
         [Revert] revert: Pancake: TRANSFER_FAILED
      [Revert] revert: Pancake: TRANSFER_FAILED

Suite result: FAILED. 0 passed; 1 failed; 0 skipped; finished in 2.32s (1.43s CPU time)

Ran 1 test suite in 3.14s (2.32s CPU time): 0 tests passed, 1 failed, 0 skipped (1 total tests)

Failing tests:
Encountered 1 failing test in src/migration_result_test2/HCT_exp.sol/0x71################################8a6a6.sol:ContractTest
[FAIL: revert: Pancake: TRANSFER_FAILED] test() (gas: 192464)

Encountered a total of 1 failing tests, 0 tests succeeded
