Compiling 25 files with Solc 0.8.28
Solc 0.8.28 finished in 1.44s
Compiler run successful with warnings:
Warning (6321): Unnamed return variable can remain unassigned. Add an explicit return with value to all non-reverting code paths or name the variable.
   --> lib/Common.sol:118:93:
    |
118 |     function prepareInitialCapital(address from, address to, uint amount) internal returns (bool) {
    |                                                                                             ^^^^

Warning (2018): Function state mutability can be restricted to view
 --> lib/Common.sol:7:5:
  |
7 |     function getRouterAndMainToken() internal returns (address, address[] memory){
  |     ^ (Relevant source part starts here and spans across multiple lines).

Warning (2018): Function state mutability can be restricted to pure
  --> lib/Common.sol:99:5:
   |
99 |     function tokenInArray(address token, address[] memory array) internal returns (bool){
   |     ^ (Relevant source part starts here and spans across multiple lines).


Ran 1 test for src/migration_result_test2/HCT_exp.sol/0x53################################64c88.sol:ContractTest
[FAIL: revert: Pancake: TRANSFER_FAILED] test() (gas: 191436)
Traces:
  [191436] ContractTest::test()
     [2534] 0xbb################################c095c::balanceOf(ContractTest: [0x7F################################e1496]) [staticcall]
         [Return] 2231049670256646342764 [2.231e21]
     [175734] 0x10################################6024E::swapExactTokensForTokensSupportingFeeOnTransferTokens(2200000000000000000000 [2.2e21], 1, [0xbb################################c095c, 0x53################################64C88], ContractTest: [0x7F################################e1496], 115792089237316195423570985008687907853269984665640564039457584007913129639935 [1.157e77])
        [13025] 0xbb################################c095c::transferFrom(ContractTest: [0x7F################################e1496], 0x68################################99E2d, 2200000000000000000000 [2.2e21])
           emit Transfer(from: ContractTest: [0x7F################################e1496], to: 0x68################################99E2d, value: 2200000000000000000000 [2.2e21])
            [Return] true
        [12292] 0x53################################64C88::balanceOf(ContractTest: [0x7F################################e1496]) [staticcall]
            [Return] 0
        [2893] 0x68################################99E2d::getReserves() [staticcall]
            [Return] 2990304994628273588870 [2.99e21], 13459589162939894 [1.345e16], 1658147575 [1.658e9]
        [534] 0xbb################################c095c::balanceOf(0x68################################99E2d) [staticcall]
            [Return] 2200013459589162939894 [2.2e21]
        [135475] 0x68################################99E2d::swap(2990286654218227929514 [2.99e21], 0, ContractTest: [0x7F################################e1496], 0x)
           [123708] 0x53################################64C88::transfer(ContractTest: [0x7F################################e1496], 2990286654218227929514 [2.99e21])
              [41047] 0xF6################################6FcE5::e568987f(000000000000000000000000687190e6ea6de0d724bfdf344fb5ca2d5af99e2d) [staticcall]
                  [Return] 0x00################################00000000000000000000000000000
              [9047] 0xF6################################6FcE5::e568987f(0000000000000000000000007fa9385be102ac3eac297483dd6233d62b3e1496) [staticcall]
                  [Return] 0x00################################00000000000000000000000000000
              [3046] 0xF6################################6FcE5::606b55a7(000000000000000000000000687190e6ea6de0d724bfdf344fb5ca2d5af99e2d000000000000000000000000687190e6ea6de0d724bfdf344fb5ca2d5af99e2d0000000000000000000000007fa9385be102ac3eac297483dd6233d62b3e1496)
                  [Stop] 
              emit Transfer(from: 0x68################################99E2d, to: 0xD2################################11d34, value: 0)
               [Revert] revert: SafeMath: subtraction overflow
            [Revert] revert: Pancake: TRANSFER_FAILED
         [Revert] revert: Pancake: TRANSFER_FAILED
      [Revert] revert: Pancake: TRANSFER_FAILED

Suite result: FAILED. 0 passed; 1 failed; 0 skipped; finished in 2.70s (1.82s CPU time)

Ran 1 test suite in 3.51s (2.70s CPU time): 0 tests passed, 1 failed, 0 skipped (1 total tests)

Failing tests:
Encountered 1 failing test in src/migration_result_test2/HCT_exp.sol/0x53################################64c88.sol:ContractTest
[FAIL: revert: Pancake: TRANSFER_FAILED] test() (gas: 191436)

Encountered a total of 1 failing tests, 0 tests succeeded
