Compiling 25 files with Solc 0.8.28
Solc 0.8.28 finished in 1.46s
Compiler run successful with warnings:
Warning (6321): Unnamed return variable can remain unassigned. Add an explicit return with value to all non-reverting code paths or name the variable.
   --> lib/Common.sol:118:93:
    |
118 |     function prepareInitialCapital(address from, address to, uint amount) internal returns (bool) {
    |                                                                                             ^^^^

Warning (2018): Function state mutability can be restricted to view
 --> lib/Common.sol:7:5:
  |
7 |     function getRouterAndMainToken() internal returns (address, address[] memory){
  |     ^ (Relevant source part starts here and spans across multiple lines).

Warning (2018): Function state mutability can be restricted to pure
  --> lib/Common.sol:99:5:
   |
99 |     function tokenInArray(address token, address[] memory array) internal returns (bool){
   |     ^ (Relevant source part starts here and spans across multiple lines).


Ran 1 test for src/migration_result_test2/MBC_ZZSH_exp.sol/0x34################################402ef.sol:ContractTest
[FAIL: revert: Pancake: TRANSFER_FAILED] test() (gas: 75151)
Traces:
  [75151] ContractTest::test()
     [2531] 0x55################################97955::balanceOf(ContractTest: [0x7F################################e1496]) [staticcall]
         [Return] 305930678886576313270614 [3.059e23]
     [9651] 0x10################################6024E::getAmountsOut(150000000000000000000000 [1.5e23], [0x55################################97955, 0x34################################402eF]) [staticcall]
        [2893] 0xFD################################3b7F2::getReserves() [staticcall]
            [Return] 7071067812 [7.071e9], 1, 1657789869 [1.657e9]
         [Return] [150000000000000000000000 [1.5e23], 7071067811 [7.071e9]]
     [10871] 0x55################################97955::transfer(0xFD################################3b7F2, 150000000000000000000000 [1.5e23])
        emit Transfer(from: ContractTest: [0x7F################################e1496], to: 0xFD################################3b7F2, value: 150000000000000000000000 [1.5e23])
         [Return] true
     [35130] 0xFD################################3b7F2::swap(7071067811 [7.071e9], 0, ContractTest: [0x7F################################e1496], 0x)
        [20957] 0x34################################402eF::transfer(ContractTest: [0x7F################################e1496], 7071067811 [7.071e9])
            [Revert] EvmError: Revert
         [Revert] revert: Pancake: TRANSFER_FAILED
      [Revert] revert: Pancake: TRANSFER_FAILED

Suite result: FAILED. 0 passed; 1 failed; 0 skipped; finished in 556.52ms (1.28ms CPU time)

Ran 1 test suite in 565.83ms (556.52ms CPU time): 0 tests passed, 1 failed, 0 skipped (1 total tests)

Failing tests:
Encountered 1 failing test in src/migration_result_test2/MBC_ZZSH_exp.sol/0x34################################402ef.sol:ContractTest
[FAIL: revert: Pancake: TRANSFER_FAILED] test() (gas: 75151)

Encountered a total of 1 failing tests, 0 tests succeeded
