Compiling 25 files with Solc 0.8.28
Solc 0.8.28 finished in 1.43s
Compiler run successful with warnings:
Warning (6321): Unnamed return variable can remain unassigned. Add an explicit return with value to all non-reverting code paths or name the variable.
   --> lib/Common.sol:118:93:
    |
118 |     function prepareInitialCapital(address from, address to, uint amount) internal returns (bool) {
    |                                                                                             ^^^^

Warning (2018): Function state mutability can be restricted to view
 --> lib/Common.sol:7:5:
  |
7 |     function getRouterAndMainToken() internal returns (address, address[] memory){
  |     ^ (Relevant source part starts here and spans across multiple lines).

Warning (2018): Function state mutability can be restricted to pure
  --> lib/Common.sol:99:5:
   |
99 |     function tokenInArray(address token, address[] memory array) internal returns (bool){
   |     ^ (Relevant source part starts here and spans across multiple lines).


Ran 1 test for src/migration_result_test2/OLIFE_exp.sol/0xeb################################6fd86.sol:ContractTest
[FAIL: revert: Pancake: TRANSFER_FAILED] test() (gas: 73649)
Traces:
  [73649] ContractTest::test()
     [2534] 0xbb################################c095c::balanceOf(ContractTest: [0x7F################################e1496]) [staticcall]
         [Return] 969000000000000000000 [9.69e20]
     [534] 0xbb################################c095c::balanceOf(ContractTest: [0x7F################################e1496]) [staticcall]
         [Return] 969000000000000000000 [9.69e20]
     [56871] 0x10################################6024E::swapExactTokensForTokensSupportingFeeOnTransferTokens(969000000000000000000 [9.69e20], 0, [0xbb################################c095c, 0xEB################################6fD86], ContractTest: [0x7F################################e1496], 1681866278 [1.681e9])
        [13025] 0xbb################################c095c::transferFrom(ContractTest: [0x7F################################e1496], 0xE3################################4F02A, 969000000000000000000 [9.69e20])
           emit Transfer(from: ContractTest: [0x7F################################e1496], to: 0xE3################################4F02A, value: 969000000000000000000 [9.69e20])
            [Return] true
        [12046] 0xEB################################6fD86::balanceOf(ContractTest: [0x7F################################e1496]) [staticcall]
            [Return] 0
        [2893] 0xE3################################4F02A::getReserves() [staticcall]
            [Return] 228963573387457631 [2.289e17], 528574650031772384418481763396 [5.285e29], 1669546942 [1.669e9]
        [534] 0xbb################################c095c::balanceOf(0xE3################################4F02A) [staticcall]
            [Return] 969228963573387457631 [9.692e20]
        [16908] 0xE3################################4F02A::swap(0, 528449470541116121500561849159 [5.284e29], ContractTest: [0x7F################################e1496], 0x)
           [5098] 0xEB################################6fD86::transfer(ContractTest: [0x7F################################e1496], 528449470541116121500561849159 [5.284e29])
               [Revert] revert: Transfer amount exceeds the maxTxAmount.
            [Revert] revert: Pancake: TRANSFER_FAILED
         [Revert] revert: Pancake: TRANSFER_FAILED
      [Revert] revert: Pancake: TRANSFER_FAILED

Suite result: FAILED. 0 passed; 1 failed; 0 skipped; finished in 1.02s (1.30ms CPU time)

Ran 1 test suite in 3.37s (1.02s CPU time): 0 tests passed, 1 failed, 0 skipped (1 total tests)

Failing tests:
Encountered 1 failing test in src/migration_result_test2/OLIFE_exp.sol/0xeb################################6fd86.sol:ContractTest
[FAIL: revert: Pancake: TRANSFER_FAILED] test() (gas: 73649)

Encountered a total of 1 failing tests, 0 tests succeeded
