Compiling 25 files with Solc 0.8.28
Solc 0.8.28 finished in 1.43s
Compiler run successful with warnings:
Warning (6321): Unnamed return variable can remain unassigned. Add an explicit return with value to all non-reverting code paths or name the variable.
   --> lib/Common.sol:118:93:
    |
118 |     function prepareInitialCapital(address from, address to, uint amount) internal returns (bool) {
    |                                                                                             ^^^^

Warning (2018): Function state mutability can be restricted to view
 --> lib/Common.sol:7:5:
  |
7 |     function getRouterAndMainToken() internal returns (address, address[] memory){
  |     ^ (Relevant source part starts here and spans across multiple lines).

Warning (2018): Function state mutability can be restricted to pure
  --> lib/Common.sol:99:5:
   |
99 |     function tokenInArray(address token, address[] memory array) internal returns (bool){
   |     ^ (Relevant source part starts here and spans across multiple lines).


Ran 1 test for src/migration_result_test2/OLIFE_exp.sol/0x68################################F32A7.sol:ContractTest
[FAIL: revert: Pancake: TRANSFER_FAILED] test() (gas: 99536)
Traces:
  [99536] ContractTest::test()
     [2534] 0xbb################################c095c::balanceOf(ContractTest: [0x7F################################e1496]) [staticcall]
         [Return] 969000000000000000000 [9.69e20]
     [534] 0xbb################################c095c::balanceOf(ContractTest: [0x7F################################e1496]) [staticcall]
         [Return] 969000000000000000000 [9.69e20]
     [82758] 0x10################################6024E::swapExactTokensForTokensSupportingFeeOnTransferTokens(969000000000000000000 [9.69e20], 0, [0xbb################################c095c, 0x68################################F32A7], ContractTest: [0x7F################################e1496], 1681866278 [1.681e9])
        [13025] 0xbb################################c095c::transferFrom(ContractTest: [0x7F################################e1496], 0x92################################9422d, 969000000000000000000 [9.69e20])
           emit Transfer(from: ContractTest: [0x7F################################e1496], to: 0x92################################9422d, value: 969000000000000000000 [9.69e20])
            [Return] true
        [37840] 0x68################################F32A7::balanceOf(ContractTest: [0x7F################################e1496]) [staticcall]
            [Return] 0
        [2893] 0x92################################9422d::getReserves() [staticcall]
            [Return] 4824842203251190562 [4.824e18], 252439482870146986 [2.524e17], 1663591638 [1.663e9]
        [534] 0xbb################################c095c::balanceOf(0x92################################9422d) [staticcall]
            [Return] 969252439482870146986 [9.692e20]
        [16951] 0x92################################9422d::swap(4823582436025353250 [4.823e18], 0, ContractTest: [0x7F################################e1496], 0x)
           [5178] 0x68################################F32A7::transfer(ContractTest: [0x7F################################e1496], 4823582436025353250 [4.823e18])
               [Revert] revert: exceeding maxTxAmount (anti whale protection)
            [Revert] revert: Pancake: TRANSFER_FAILED
         [Revert] revert: Pancake: TRANSFER_FAILED
      [Revert] revert: Pancake: TRANSFER_FAILED

Suite result: FAILED. 0 passed; 1 failed; 0 skipped; finished in 1.04s (1.61ms CPU time)

Ran 1 test suite in 3.31s (1.04s CPU time): 0 tests passed, 1 failed, 0 skipped (1 total tests)

Failing tests:
Encountered 1 failing test in src/migration_result_test2/OLIFE_exp.sol/0x68################################F32A7.sol:ContractTest
[FAIL: revert: Pancake: TRANSFER_FAILED] test() (gas: 99536)

Encountered a total of 1 failing tests, 0 tests succeeded
