Compiling 25 files with Solc 0.8.28
Solc 0.8.28 finished in 1.44s
Compiler run successful with warnings:
Warning (6321): Unnamed return variable can remain unassigned. Add an explicit return with value to all non-reverting code paths or name the variable.
   --> lib/Common.sol:118:93:
    |
118 |     function prepareInitialCapital(address from, address to, uint amount) internal returns (bool) {
    |                                                                                             ^^^^

Warning (2018): Function state mutability can be restricted to view
 --> lib/Common.sol:7:5:
  |
7 |     function getRouterAndMainToken() internal returns (address, address[] memory){
  |     ^ (Relevant source part starts here and spans across multiple lines).

Warning (2018): Function state mutability can be restricted to pure
  --> lib/Common.sol:99:5:
   |
99 |     function tokenInArray(address token, address[] memory array) internal returns (bool){
   |     ^ (Relevant source part starts here and spans across multiple lines).


Ran 1 test for src/migration_result_test2/OLIFE_exp.sol/0x6a################################e59dc.sol:ContractTest
[FAIL: revert: Pancake: TRANSFER_FAILED] test() (gas: 99856)
Traces:
  [99856] ContractTest::test()
     [2534] 0xbb################################c095c::balanceOf(ContractTest: [0x7F################################e1496]) [staticcall]
         [Return] 969000000000000000000 [9.69e20]
     [534] 0xbb################################c095c::balanceOf(ContractTest: [0x7F################################e1496]) [staticcall]
         [Return] 969000000000000000000 [9.69e20]
     [83078] 0x10################################6024E::swapExactTokensForTokensSupportingFeeOnTransferTokens(969000000000000000000 [9.69e20], 0, [0xbb################################c095c, 0x6A################################E59DC], ContractTest: [0x7F################################e1496], 1681866278 [1.681e9])
        [13025] 0xbb################################c095c::transferFrom(ContractTest: [0x7F################################e1496], 0x15################################37d0a, 969000000000000000000 [9.69e20])
           emit Transfer(from: ContractTest: [0x7F################################e1496], to: 0x15################################37d0a, value: 969000000000000000000 [9.69e20])
            [Return] true
        [12814] 0x6A################################E59DC::balanceOf(ContractTest: [0x7F################################e1496]) [staticcall]
            [Return] 0
        [2893] 0x15################################37d0a::getReserves() [staticcall]
            [Return] 789304387746337744920 [7.893e20], 6368238046090811 [6.368e15], 1645483178 [1.645e9]
        [534] 0xbb################################c095c::balanceOf(0x15################################37d0a) [staticcall]
            [Return] 969006368238046090811 [9.69e20]
        [42297] 0x15################################37d0a::swap(789299187495850267570 [7.892e20], 0, ContractTest: [0x7F################################e1496], 0x)
           [30542] 0x6A################################E59DC::transfer(ContractTest: [0x7F################################e1496], 789299187495850267570 [7.892e20])
               [Revert] panic: arithmetic underflow or overflow (0x11)
            [Revert] revert: Pancake: TRANSFER_FAILED
         [Revert] revert: Pancake: TRANSFER_FAILED
      [Revert] revert: Pancake: TRANSFER_FAILED

Suite result: FAILED. 0 passed; 1 failed; 0 skipped; finished in 1.07s (633.30s CPU time)

Ran 1 test suite in 3.36s (1.07s CPU time): 0 tests passed, 1 failed, 0 skipped (1 total tests)

Failing tests:
Encountered 1 failing test in src/migration_result_test2/OLIFE_exp.sol/0x6a################################e59dc.sol:ContractTest
[FAIL: revert: Pancake: TRANSFER_FAILED] test() (gas: 99856)

Encountered a total of 1 failing tests, 0 tests succeeded
