Compiling 25 files with Solc 0.8.28
Solc 0.8.28 finished in 1.43s
Compiler run successful with warnings:
Warning (6321): Unnamed return variable can remain unassigned. Add an explicit return with value to all non-reverting code paths or name the variable.
   --> lib/Common.sol:118:93:
    |
118 |     function prepareInitialCapital(address from, address to, uint amount) internal returns (bool) {
    |                                                                                             ^^^^

Warning (2018): Function state mutability can be restricted to view
 --> lib/Common.sol:7:5:
  |
7 |     function getRouterAndMainToken() internal returns (address, address[] memory){
  |     ^ (Relevant source part starts here and spans across multiple lines).

Warning (2018): Function state mutability can be restricted to pure
  --> lib/Common.sol:99:5:
   |
99 |     function tokenInArray(address token, address[] memory array) internal returns (bool){
   |     ^ (Relevant source part starts here and spans across multiple lines).


Ran 1 test for src/migration_result_test2/OLIFE_exp.sol/0x4f################################b9e61.sol:ContractTest
[FAIL: revert: Pancake: TRANSFER_FAILED] test() (gas: 74202)
Traces:
  [74202] ContractTest::test()
     [2534] 0xbb################################c095c::balanceOf(ContractTest: [0x7F################################e1496]) [staticcall]
         [Return] 969000000000000000000 [9.69e20]
     [534] 0xbb################################c095c::balanceOf(ContractTest: [0x7F################################e1496]) [staticcall]
         [Return] 969000000000000000000 [9.69e20]
     [57424] 0x10################################6024E::swapExactTokensForTokensSupportingFeeOnTransferTokens(969000000000000000000 [9.69e20], 0, [0xbb################################c095c, 0x4F################################b9E61], ContractTest: [0x7F################################e1496], 1681866278 [1.681e9])
        [13025] 0xbb################################c095c::transferFrom(ContractTest: [0x7F################################e1496], 0xa2################################78448, 969000000000000000000 [9.69e20])
           emit Transfer(from: ContractTest: [0x7F################################e1496], to: 0xa2################################78448, value: 969000000000000000000 [9.69e20])
            [Return] true
        [12402] 0x4F################################b9E61::balanceOf(ContractTest: [0x7F################################e1496]) [staticcall]
            [Return] 0
        [2893] 0xa2################################78448::getReserves() [staticcall]
            [Return] 1113357215 [1.113e9], 1152873798479783 [1.152e15], 1626935761 [1.626e9]
        [534] 0xbb################################c095c::balanceOf(0xa2################################78448) [staticcall]
            [Return] 969001152873798479783 [9.69e20]
        [17055] 0xa2################################78448::swap(1113355887 [1.113e9], 0, ContractTest: [0x7F################################e1496], 0x)
           [5282] 0x4F################################b9E61::transfer(ContractTest: [0x7F################################e1496], 1113355887 [1.113e9])
               [Revert] revert: Transfer amount exceeds the maxTxAmount.
            [Revert] revert: Pancake: TRANSFER_FAILED
         [Revert] revert: Pancake: TRANSFER_FAILED
      [Revert] revert: Pancake: TRANSFER_FAILED

Suite result: FAILED. 0 passed; 1 failed; 0 skipped; finished in 2.02s (615.18ms CPU time)

Ran 1 test suite in 4.22s (2.02s CPU time): 0 tests passed, 1 failed, 0 skipped (1 total tests)

Failing tests:
Encountered 1 failing test in src/migration_result_test2/OLIFE_exp.sol/0x4f################################b9e61.sol:ContractTest
[FAIL: revert: Pancake: TRANSFER_FAILED] test() (gas: 74202)

Encountered a total of 1 failing tests, 0 tests succeeded
