Compiling 25 files with Solc 0.8.28
Solc 0.8.28 finished in 1.45s
Compiler run successful with warnings:
Warning (6321): Unnamed return variable can remain unassigned. Add an explicit return with value to all non-reverting code paths or name the variable.
   --> lib/Common.sol:118:93:
    |
118 |     function prepareInitialCapital(address from, address to, uint amount) internal returns (bool) {
    |                                                                                             ^^^^

Warning (2018): Function state mutability can be restricted to view
 --> lib/Common.sol:7:5:
  |
7 |     function getRouterAndMainToken() internal returns (address, address[] memory){
  |     ^ (Relevant source part starts here and spans across multiple lines).

Warning (2018): Function state mutability can be restricted to pure
  --> lib/Common.sol:99:5:
   |
99 |     function tokenInArray(address token, address[] memory array) internal returns (bool){
   |     ^ (Relevant source part starts here and spans across multiple lines).


Ran 1 test for src/migration_result_test2/OLIFE_exp.sol/0xc3################################5BA92.sol:ContractTest
[FAIL: revert: Pancake: TRANSFER_FAILED] test() (gas: 96691)
Traces:
  [96691] ContractTest::test()
     [2534] 0xbb################################c095c::balanceOf(ContractTest: [0x7F################################e1496]) [staticcall]
         [Return] 969000000000000000000 [9.69e20]
     [534] 0xbb################################c095c::balanceOf(ContractTest: [0x7F################################e1496]) [staticcall]
         [Return] 969000000000000000000 [9.69e20]
     [79913] 0x10################################6024E::swapExactTokensForTokensSupportingFeeOnTransferTokens(969000000000000000000 [9.69e20], 0, [0xbb################################c095c, 0xc3################################5BA92], ContractTest: [0x7F################################e1496], 1681866278 [1.681e9])
        [13025] 0xbb################################c095c::transferFrom(ContractTest: [0x7F################################e1496], 0x9f################################B97E3, 969000000000000000000 [9.69e20])
           emit Transfer(from: ContractTest: [0x7F################################e1496], to: 0x9f################################B97E3, value: 969000000000000000000 [9.69e20])
            [Return] true
        [12046] 0xc3################################5BA92::balanceOf(ContractTest: [0x7F################################e1496]) [staticcall]
            [Return] 0
        [2893] 0x9f################################B97E3::getReserves() [staticcall]
            [Return] 63608634867937 [6.36e13], 124725507978077884846047 [1.247e23], 1675252718 [1.675e9]
        [534] 0xbb################################c095c::balanceOf(0x9f################################B97E3) [staticcall]
            [Return] 969000063608634867937 [9.69e20]
        [39950] 0x9f################################B97E3::swap(0, 124725499770128937556158 [1.247e23], ContractTest: [0x7F################################e1496], 0x)
           [28158] 0xc3################################5BA92::transfer(ContractTest: [0x7F################################e1496], 124725499770128937556158 [1.247e23])
               [Revert] panic: arithmetic underflow or overflow (0x11)
            [Revert] revert: Pancake: TRANSFER_FAILED
         [Revert] revert: Pancake: TRANSFER_FAILED
      [Revert] revert: Pancake: TRANSFER_FAILED

Suite result: FAILED. 0 passed; 1 failed; 0 skipped; finished in 1.04s (713.13s CPU time)

Ran 1 test suite in 3.23s (1.04s CPU time): 0 tests passed, 1 failed, 0 skipped (1 total tests)

Failing tests:
Encountered 1 failing test in src/migration_result_test2/OLIFE_exp.sol/0xc3################################5BA92.sol:ContractTest
[FAIL: revert: Pancake: TRANSFER_FAILED] test() (gas: 96691)

Encountered a total of 1 failing tests, 0 tests succeeded
