Compiling 25 files with Solc 0.8.28
Solc 0.8.28 finished in 1.43s
Compiler run successful with warnings:
Warning (6321): Unnamed return variable can remain unassigned. Add an explicit return with value to all non-reverting code paths or name the variable.
   --> lib/Common.sol:118:93:
    |
118 |     function prepareInitialCapital(address from, address to, uint amount) internal returns (bool) {
    |                                                                                             ^^^^

Warning (2018): Function state mutability can be restricted to view
 --> lib/Common.sol:7:5:
  |
7 |     function getRouterAndMainToken() internal returns (address, address[] memory){
  |     ^ (Relevant source part starts here and spans across multiple lines).

Warning (2018): Function state mutability can be restricted to pure
  --> lib/Common.sol:99:5:
   |
99 |     function tokenInArray(address token, address[] memory array) internal returns (bool){
   |     ^ (Relevant source part starts here and spans across multiple lines).


Ran 1 test for src/migration_result_test2/OLIFE_exp.sol/0x60################################9a565.sol:ContractTest
[FAIL: revert: Pancake: TRANSFER_FAILED] test() (gas: 99856)
Traces:
  [99856] ContractTest::test()
     [2534] 0xbb################################c095c::balanceOf(ContractTest: [0x7F################################e1496]) [staticcall]
         [Return] 969000000000000000000 [9.69e20]
     [534] 0xbb################################c095c::balanceOf(ContractTest: [0x7F################################e1496]) [staticcall]
         [Return] 969000000000000000000 [9.69e20]
     [83078] 0x10################################6024E::swapExactTokensForTokensSupportingFeeOnTransferTokens(969000000000000000000 [9.69e20], 0, [0xbb################################c095c, 0x60################################9A565], ContractTest: [0x7F################################e1496], 1681866278 [1.681e9])
        [13025] 0xbb################################c095c::transferFrom(ContractTest: [0x7F################################e1496], 0xe2################################BED8d, 969000000000000000000 [9.69e20])
           emit Transfer(from: ContractTest: [0x7F################################e1496], to: 0xe2################################BED8d, value: 969000000000000000000 [9.69e20])
            [Return] true
        [12814] 0x60################################9A565::balanceOf(ContractTest: [0x7F################################e1496]) [staticcall]
            [Return] 0
        [2893] 0xe2################################BED8d::getReserves() [staticcall]
            [Return] 63983745779153 [6.398e13], 1832391809636224 [1.832e15], 1645378640 [1.645e9]
        [534] 0xbb################################c095c::balanceOf(0xe2################################BED8d) [staticcall]
            [Return] 969001832391809636224 [9.69e20]
        [42297] 0xe2################################BED8d::swap(63983624482030 [6.398e13], 0, ContractTest: [0x7F################################e1496], 0x)
           [30542] 0x60################################9A565::transfer(ContractTest: [0x7F################################e1496], 63983624482030 [6.398e13])
               [Revert] panic: arithmetic underflow or overflow (0x11)
            [Revert] revert: Pancake: TRANSFER_FAILED
         [Revert] revert: Pancake: TRANSFER_FAILED
      [Revert] revert: Pancake: TRANSFER_FAILED

Suite result: FAILED. 0 passed; 1 failed; 0 skipped; finished in 1.03s (1.68ms CPU time)

Ran 1 test suite in 4.15s (1.03s CPU time): 0 tests passed, 1 failed, 0 skipped (1 total tests)

Failing tests:
Encountered 1 failing test in src/migration_result_test2/OLIFE_exp.sol/0x60################################9a565.sol:ContractTest
[FAIL: revert: Pancake: TRANSFER_FAILED] test() (gas: 99856)

Encountered a total of 1 failing tests, 0 tests succeeded
