Compiling 25 files with Solc 0.8.28
Solc 0.8.28 finished in 1.45s
Compiler run successful with warnings:
Warning (6321): Unnamed return variable can remain unassigned. Add an explicit return with value to all non-reverting code paths or name the variable.
   --> lib/Common.sol:118:93:
    |
118 |     function prepareInitialCapital(address from, address to, uint amount) internal returns (bool) {
    |                                                                                             ^^^^

Warning (2018): Function state mutability can be restricted to view
 --> lib/Common.sol:7:5:
  |
7 |     function getRouterAndMainToken() internal returns (address, address[] memory){
  |     ^ (Relevant source part starts here and spans across multiple lines).

Warning (2018): Function state mutability can be restricted to pure
  --> lib/Common.sol:99:5:
   |
99 |     function tokenInArray(address token, address[] memory array) internal returns (bool){
   |     ^ (Relevant source part starts here and spans across multiple lines).


Ran 1 test for src/migration_result_test2/OLIFE_exp.sol/0x61################################334bd.sol:ContractTest
[FAIL: revert: Pancake: TRANSFER_FAILED] test() (gas: 99790)
Traces:
  [99790] ContractTest::test()
     [2534] 0xbb################################c095c::balanceOf(ContractTest: [0x7F################################e1496]) [staticcall]
         [Return] 969000000000000000000 [9.69e20]
     [534] 0xbb################################c095c::balanceOf(ContractTest: [0x7F################################e1496]) [staticcall]
         [Return] 969000000000000000000 [9.69e20]
     [83012] 0x10################################6024E::swapExactTokensForTokensSupportingFeeOnTransferTokens(969000000000000000000 [9.69e20], 0, [0xbb################################c095c, 0x61################################334BD], ContractTest: [0x7F################################e1496], 1681866278 [1.681e9])
        [13025] 0xbb################################c095c::transferFrom(ContractTest: [0x7F################################e1496], 0xeB################################2E20C, 969000000000000000000 [9.69e20])
           emit Transfer(from: ContractTest: [0x7F################################e1496], to: 0xeB################################2E20C, value: 969000000000000000000 [9.69e20])
            [Return] true
        [12792] 0x61################################334BD::balanceOf(ContractTest: [0x7F################################e1496]) [staticcall]
            [Return] 0
        [2893] 0xeB################################2E20C::getReserves() [staticcall]
            [Return] 1744744994299589192426 [1.744e21], 4483212506091743 [4.483e15], 1637092591 [1.637e9]
        [534] 0xbb################################c095c::balanceOf(0xeB################################2E20C) [staticcall]
            [Return] 969004483212506091743 [9.69e20]
        [42253] 0xeB################################2E20C::swap(1744736901801783276691 [1.744e21], 0, ContractTest: [0x7F################################e1496], 0x)
           [30498] 0x61################################334BD::transfer(ContractTest: [0x7F################################e1496], 1744736901801783276691 [1.744e21])
               [Revert] panic: arithmetic underflow or overflow (0x11)
            [Revert] revert: Pancake: TRANSFER_FAILED
         [Revert] revert: Pancake: TRANSFER_FAILED
      [Revert] revert: Pancake: TRANSFER_FAILED

Suite result: FAILED. 0 passed; 1 failed; 0 skipped; finished in 2.40s (972.04ms CPU time)

Ran 1 test suite in 4.68s (2.40s CPU time): 0 tests passed, 1 failed, 0 skipped (1 total tests)

Failing tests:
Encountered 1 failing test in src/migration_result_test2/OLIFE_exp.sol/0x61################################334bd.sol:ContractTest
[FAIL: revert: Pancake: TRANSFER_FAILED] test() (gas: 99790)

Encountered a total of 1 failing tests, 0 tests succeeded
