Compiling 25 files with Solc 0.8.28
Solc 0.8.28 finished in 1.42s
Compiler run successful with warnings:
Warning (6321): Unnamed return variable can remain unassigned. Add an explicit return with value to all non-reverting code paths or name the variable.
   --> lib/Common.sol:118:93:
    |
118 |     function prepareInitialCapital(address from, address to, uint amount) internal returns (bool) {
    |                                                                                             ^^^^

Warning (2018): Function state mutability can be restricted to view
 --> lib/Common.sol:7:5:
  |
7 |     function getRouterAndMainToken() internal returns (address, address[] memory){
  |     ^ (Relevant source part starts here and spans across multiple lines).

Warning (2018): Function state mutability can be restricted to pure
  --> lib/Common.sol:99:5:
   |
99 |     function tokenInArray(address token, address[] memory array) internal returns (bool){
   |     ^ (Relevant source part starts here and spans across multiple lines).


Ran 1 test for src/migration_result_test2/OLIFE_exp.sol/0xbd################################82a7c.sol:ContractTest
[FAIL: revert: Pancake: TRANSFER_FAILED] test() (gas: 98767)
Traces:
  [98767] ContractTest::test()
     [2534] 0xbb################################c095c::balanceOf(ContractTest: [0x7F################################e1496]) [staticcall]
         [Return] 969000000000000000000 [9.69e20]
     [534] 0xbb################################c095c::balanceOf(ContractTest: [0x7F################################e1496]) [staticcall]
         [Return] 969000000000000000000 [9.69e20]
     [81989] 0x10################################6024E::swapExactTokensForTokensSupportingFeeOnTransferTokens(969000000000000000000 [9.69e20], 0, [0xbb################################c095c, 0xbd################################82a7c], ContractTest: [0x7F################################e1496], 1681866278 [1.681e9])
        [13025] 0xbb################################c095c::transferFrom(ContractTest: [0x7F################################e1496], 0x50################################ae12B, 969000000000000000000 [9.69e20])
           emit Transfer(from: ContractTest: [0x7F################################e1496], to: 0x50################################ae12B, value: 969000000000000000000 [9.69e20])
            [Return] true
        [12429] 0xbd################################82a7c::balanceOf(ContractTest: [0x7F################################e1496]) [staticcall]
            [Return] 0
        [2893] 0x50################################ae12B::getReserves() [staticcall]
            [Return] 110620815315825 [1.106e14], 96786396368068920 [9.678e16], 1629397376 [1.629e9]
        [534] 0xbb################################c095c::balanceOf(0x50################################ae12B) [staticcall]
            [Return] 969000110620815315825 [9.69e20]
        [41643] 0x50################################ae12B::swap(0, 96786385291265608 [9.678e16], ContractTest: [0x7F################################e1496], 0x)
           [29839] 0xbd################################82a7c::transfer(ContractTest: [0x7F################################e1496], 96786385291265608 [9.678e16])
               [Revert] revert: SafeMath: subtraction overflow
            [Revert] revert: Pancake: TRANSFER_FAILED
         [Revert] revert: Pancake: TRANSFER_FAILED
      [Revert] revert: Pancake: TRANSFER_FAILED

Suite result: FAILED. 0 passed; 1 failed; 0 skipped; finished in 1.01s (1.63ms CPU time)

Ran 1 test suite in 4.12s (1.01s CPU time): 0 tests passed, 1 failed, 0 skipped (1 total tests)

Failing tests:
Encountered 1 failing test in src/migration_result_test2/OLIFE_exp.sol/0xbd################################82a7c.sol:ContractTest
[FAIL: revert: Pancake: TRANSFER_FAILED] test() (gas: 98767)

Encountered a total of 1 failing tests, 0 tests succeeded
