Compiling 25 files with Solc 0.8.28
Solc 0.8.28 finished in 1.45s
Compiler run successful with warnings:
Warning (6321): Unnamed return variable can remain unassigned. Add an explicit return with value to all non-reverting code paths or name the variable.
   --> lib/Common.sol:118:93:
    |
118 |     function prepareInitialCapital(address from, address to, uint amount) internal returns (bool) {
    |                                                                                             ^^^^

Warning (2018): Function state mutability can be restricted to view
 --> lib/Common.sol:7:5:
  |
7 |     function getRouterAndMainToken() internal returns (address, address[] memory){
  |     ^ (Relevant source part starts here and spans across multiple lines).

Warning (2018): Function state mutability can be restricted to pure
  --> lib/Common.sol:99:5:
   |
99 |     function tokenInArray(address token, address[] memory array) internal returns (bool){
   |     ^ (Relevant source part starts here and spans across multiple lines).


Ran 1 test for src/migration_result_test2/OLIFE_exp.sol/0x36################################95607.sol:ContractTest
[FAIL: revert: Pancake: TRANSFER_FAILED] test() (gas: 90556)
Traces:
  [90556] ContractTest::test()
     [2534] 0xbb################################c095c::balanceOf(ContractTest: [0x7F################################e1496]) [staticcall]
         [Return] 969000000000000000000 [9.69e20]
     [534] 0xbb################################c095c::balanceOf(ContractTest: [0x7F################################e1496]) [staticcall]
         [Return] 969000000000000000000 [9.69e20]
     [73778] 0x10################################6024E::swapExactTokensForTokensSupportingFeeOnTransferTokens(969000000000000000000 [9.69e20], 0, [0xbb################################c095c, 0x36################################95607], ContractTest: [0x7F################################e1496], 1681866278 [1.681e9])
        [13025] 0xbb################################c095c::transferFrom(ContractTest: [0x7F################################e1496], 0x43################################16471, 969000000000000000000 [9.69e20])
           emit Transfer(from: ContractTest: [0x7F################################e1496], to: 0x43################################16471, value: 969000000000000000000 [9.69e20])
            [Return] true
        [26795] 0x36################################95607::balanceOf(ContractTest: [0x7F################################e1496]) [staticcall]
            [Return] 0
        [2893] 0x43################################16471::getReserves() [staticcall]
            [Return] 754564177477578362124279 [7.545e23], 23580469531473374065 [2.358e19], 1680652560 [1.68e9]
        [534] 0xbb################################c095c::balanceOf(0x43################################16471) [staticcall]
            [Return] 992580469531473374065 [9.925e20]
        [19016] 0x43################################16471::swap(736594340194977231976984 [7.365e23], 0, ContractTest: [0x7F################################e1496], 0x)
           [7243] 0x36################################95607::transfer(ContractTest: [0x7F################################e1496], 736594340194977231976984 [7.365e23])
               [Revert] revert: Transfer amount exceeds the maxTxAmount.
            [Revert] revert: Pancake: TRANSFER_FAILED
         [Revert] revert: Pancake: TRANSFER_FAILED
      [Revert] revert: Pancake: TRANSFER_FAILED

Suite result: FAILED. 0 passed; 1 failed; 0 skipped; finished in 1.06s (1.65ms CPU time)

Ran 1 test suite in 3.88s (1.06s CPU time): 0 tests passed, 1 failed, 0 skipped (1 total tests)

Failing tests:
Encountered 1 failing test in src/migration_result_test2/OLIFE_exp.sol/0x36################################95607.sol:ContractTest
[FAIL: revert: Pancake: TRANSFER_FAILED] test() (gas: 90556)

Encountered a total of 1 failing tests, 0 tests succeeded
