Compiling 25 files with Solc 0.8.28
Solc 0.8.28 finished in 1.44s
Compiler run successful with warnings:
Warning (6321): Unnamed return variable can remain unassigned. Add an explicit return with value to all non-reverting code paths or name the variable.
   --> lib/Common.sol:118:93:
    |
118 |     function prepareInitialCapital(address from, address to, uint amount) internal returns (bool) {
    |                                                                                             ^^^^

Warning (2018): Function state mutability can be restricted to view
 --> lib/Common.sol:7:5:
  |
7 |     function getRouterAndMainToken() internal returns (address, address[] memory){
  |     ^ (Relevant source part starts here and spans across multiple lines).

Warning (2018): Function state mutability can be restricted to pure
  --> lib/Common.sol:99:5:
   |
99 |     function tokenInArray(address token, address[] memory array) internal returns (bool){
   |     ^ (Relevant source part starts here and spans across multiple lines).


Ran 1 test for src/migration_result_test2/OLIFE_exp.sol/0x44################################Dad7e.sol:ContractTest
[FAIL: revert: Pancake: TRANSFER_FAILED] test() (gas: 73618)
Traces:
  [73618] ContractTest::test()
     [2534] 0xbb################################c095c::balanceOf(ContractTest: [0x7F################################e1496]) [staticcall]
         [Return] 969000000000000000000 [9.69e20]
     [534] 0xbb################################c095c::balanceOf(ContractTest: [0x7F################################e1496]) [staticcall]
         [Return] 969000000000000000000 [9.69e20]
     [56840] 0x10################################6024E::swapExactTokensForTokensSupportingFeeOnTransferTokens(969000000000000000000 [9.69e20], 0, [0xbb################################c095c, 0x44################################Dad7e], ContractTest: [0x7F################################e1496], 1681866278 [1.681e9])
        [13025] 0xbb################################c095c::transferFrom(ContractTest: [0x7F################################e1496], 0x4e################################375a8, 969000000000000000000 [9.69e20])
           emit Transfer(from: ContractTest: [0x7F################################e1496], to: 0x4e################################375a8, value: 969000000000000000000 [9.69e20])
            [Return] true
        [12002] 0x44################################Dad7e::balanceOf(ContractTest: [0x7F################################e1496]) [staticcall]
            [Return] 0
        [2893] 0x4e################################375a8::getReserves() [staticcall]
            [Return] 133226640143911 [1.332e14], 13915365304065066168 [1.391e19], 1674955988 [1.674e9]
        [534] 0xbb################################c095c::balanceOf(0x4e################################375a8) [staticcall]
            [Return] 982915365304065066168 [9.829e20]
        [16871] 0x4e################################375a8::swap(131335859056727 [1.313e14], 0, ContractTest: [0x7F################################e1496], 0x)
           [5098] 0x44################################Dad7e::transfer(ContractTest: [0x7F################################e1496], 131335859056727 [1.313e14])
               [Revert] revert: Transfer amount exceeds the maxTxAmount.
            [Revert] revert: Pancake: TRANSFER_FAILED
         [Revert] revert: Pancake: TRANSFER_FAILED
      [Revert] revert: Pancake: TRANSFER_FAILED

Suite result: FAILED. 0 passed; 1 failed; 0 skipped; finished in 1.03s (1.31ms CPU time)

Ran 1 test suite in 3.24s (1.03s CPU time): 0 tests passed, 1 failed, 0 skipped (1 total tests)

Failing tests:
Encountered 1 failing test in src/migration_result_test2/OLIFE_exp.sol/0x44################################Dad7e.sol:ContractTest
[FAIL: revert: Pancake: TRANSFER_FAILED] test() (gas: 73618)

Encountered a total of 1 failing tests, 0 tests succeeded
