Compiling 25 files with Solc 0.8.28
Solc 0.8.28 finished in 1.43s
Compiler run successful with warnings:
Warning (9302): Return value of low-level calls not used.
   --> src/migration_result_test2/QTN_exp.sol/0x65################################9a21A.sol:397:13:
    |
397 |             contractList[i].call(abi.encodeWithSignature("transferBack()"));
    |             ^^^^^^^^^^^^^^^^^^^^^^^^^^^^^^^^^^^^^^^^^^^^^^^^^^^^^^^^^^^^^^^

Warning (6321): Unnamed return variable can remain unassigned. Add an explicit return with value to all non-reverting code paths or name the variable.
   --> lib/Common.sol:118:93:
    |
118 |     function prepareInitialCapital(address from, address to, uint amount) internal returns (bool) {
    |                                                                                             ^^^^

Warning (2018): Function state mutability can be restricted to view
 --> lib/Common.sol:7:5:
  |
7 |     function getRouterAndMainToken() internal returns (address, address[] memory){
  |     ^ (Relevant source part starts here and spans across multiple lines).

Warning (2018): Function state mutability can be restricted to pure
  --> lib/Common.sol:99:5:
   |
99 |     function tokenInArray(address token, address[] memory array) internal returns (bool){
   |     ^ (Relevant source part starts here and spans across multiple lines).


Ran 1 test for src/migration_result_test2/QTN_exp.sol/0x65################################9a21A.sol:ContractTest
[FAIL: revert: UniswapV2: TRANSFER_FAILED] test() (gas: 69123)
Traces:
  [69123] ContractTest::test()
     [2534] 0xC0################################56Cc2::balanceOf(ContractTest: [0x7F################################e1496]) [staticcall]
         [Return] 2131376640477927235 [2.131e18]
     [53344] 0x7a################################2488D::swapExactTokensForTokensSupportingFeeOnTransferTokens(2000000000000000000 [2e18], 0, [0xC0################################56Cc2, 0x65################################9a21A], ContractTest: [0x7F################################e1496], 1674002987 [1.674e9])
        [13025] 0xC0################################56Cc2::transferFrom(ContractTest: [0x7F################################e1496], 0xE0################################0ed69, 2000000000000000000 [2e18])
           emit Transfer(from: ContractTest: [0x7F################################e1496], to: 0xE0################################0ed69, value: 2000000000000000000 [2e18])
            [Return] true
        [7029] 0x65################################9a21A::balanceOf(ContractTest: [0x7F################################e1496]) [staticcall]
            [Return] 0
        [2504] 0xE0################################0ed69::getReserves() [staticcall]
            [Return] 72525640677201132092729832 [7.252e25], 78098990801265909 [7.809e16], 1662943516 [1.662e9]
        [534] 0xC0################################56Cc2::balanceOf(0xE0################################0ed69) [staticcall]
            [Return] 2078098990801265909 [2.078e18]
        [18737] 0xE0################################0ed69::swap(69792093984089549585528411 [6.979e25], 0, ContractTest: [0x7F################################e1496], 0x)
           [7580] 0x65################################9a21A::transfer(ContractTest: [0x7F################################e1496], 69792093984089549585528411 [6.979e25])
               [Revert] revert: ERC20: amount exceeds the max tx limit.
            [Revert] revert: UniswapV2: TRANSFER_FAILED
         [Revert] revert: UniswapV2: TRANSFER_FAILED
      [Revert] revert: UniswapV2: TRANSFER_FAILED

Suite result: FAILED. 0 passed; 1 failed; 0 skipped; finished in 530.09ms (1.19ms CPU time)

Ran 1 test suite in 541.62ms (530.09ms CPU time): 0 tests passed, 1 failed, 0 skipped (1 total tests)

Failing tests:
Encountered 1 failing test in src/migration_result_test2/QTN_exp.sol/0x65################################9a21A.sol:ContractTest
[FAIL: revert: UniswapV2: TRANSFER_FAILED] test() (gas: 69123)

Encountered a total of 1 failing tests, 0 tests succeeded
