Compiling 25 files with Solc 0.8.28
Solc 0.8.28 finished in 1.41s
Compiler run successful with warnings:
Warning (6321): Unnamed return variable can remain unassigned. Add an explicit return with value to all non-reverting code paths or name the variable.
   --> lib/Common.sol:118:93:
    |
118 |     function prepareInitialCapital(address from, address to, uint amount) internal returns (bool) {
    |                                                                                             ^^^^

Warning (2018): Function state mutability can be restricted to view
 --> lib/Common.sol:7:5:
  |
7 |     function getRouterAndMainToken() internal returns (address, address[] memory){
  |     ^ (Relevant source part starts here and spans across multiple lines).

Warning (2018): Function state mutability can be restricted to pure
  --> lib/Common.sol:99:5:
   |
99 |     function tokenInArray(address token, address[] memory array) internal returns (bool){
   |     ^ (Relevant source part starts here and spans across multiple lines).


Ran 1 test for src/migration_result_test2/Sheep_exp.sol/0x6c################################4161a.sol:ContractTest
[FAIL: revert: Pancake: TRANSFER_FAILED] test() (gas: 151270)
Traces:
  [151270] ContractTest::test()
     [2534] 0xbb################################c095c::balanceOf(ContractTest: [0x7F################################e1496]) [staticcall]
         [Return] 380000000000000000000 [3.8e20]
     [534] 0xbb################################c095c::balanceOf(ContractTest: [0x7F################################e1496]) [staticcall]
         [Return] 380000000000000000000 [3.8e20]
     [134492] 0x10################################6024E::swapExactTokensForTokensSupportingFeeOnTransferTokens(380000000000000000000 [3.8e20], 0, [0xbb################################c095c, 0x6c################################4161a], ContractTest: [0x7F################################e1496], 1676025497 [1.676e9])
        [13025] 0xbb################################c095c::transferFrom(ContractTest: [0x7F################################e1496], 0x35################################15D2F, 380000000000000000000 [3.8e20])
           emit Transfer(from: ContractTest: [0x7F################################e1496], to: 0x35################################15D2F, value: 380000000000000000000 [3.8e20])
            [Return] true
        [12287] 0x6c################################4161a::balanceOf(ContractTest: [0x7F################################e1496]) [staticcall]
            [Return] 0
        [2893] 0x35################################15D2F::getReserves() [staticcall]
            [Return] 1033203975046351695435744 [1.033e24], 5113532554811016 [5.113e15], 1659345501 [1.659e9]
        [534] 0xbb################################c095c::balanceOf(0x35################################15D2F) [staticcall]
            [Return] 380005113532554811016 [3.8e20]
        [94238] 0x35################################15D2F::swap(1033190036909195537761096 [1.033e24], 0, ContractTest: [0x7F################################e1496], 0x)
           [82471] 0x6c################################4161a::transfer(ContractTest: [0x7F################################e1496], 1033190036909195537761096 [1.033e24])
              [2579] 0xd2################################eB130::ca9710c8(00000000000000000000000035e0a58cc27638805ea503c2f1d8b21904815d2f) [staticcall]
                  [Return] 0x00################################00000000000000000000000000000
              [579] 0xd2################################eB130::ca9710c8(0000000000000000000000007fa9385be102ac3eac297483dd6233d62b3e1496) [staticcall]
                  [Return] 0x00################################00000000000000000000000000000
              [2729] 0xd2################################eB130::1c57a4a5(00000000000000000000000035e0a58cc27638805ea503c2f1d8b21904815d2f00000000000000000000000035e0a58cc27638805ea503c2f1d8b21904815d2f0000000000000000000000007fa9385be102ac3eac297483dd6233d62b3e1496)
                  [Stop] 
              emit Transfer(from: 0x35################################15D2F, to: 0x47################################3f917, value: 10331900369091955377610 [1.033e22])
               [Revert] revert: SafeMath: subtraction overflow
            [Revert] revert: Pancake: TRANSFER_FAILED
         [Revert] revert: Pancake: TRANSFER_FAILED
      [Revert] revert: Pancake: TRANSFER_FAILED

Suite result: FAILED. 0 passed; 1 failed; 0 skipped; finished in 2.22s (1.23s CPU time)

Ran 1 test suite in 3.00s (2.22s CPU time): 0 tests passed, 1 failed, 0 skipped (1 total tests)

Failing tests:
Encountered 1 failing test in src/migration_result_test2/Sheep_exp.sol/0x6c################################4161a.sol:ContractTest
[FAIL: revert: Pancake: TRANSFER_FAILED] test() (gas: 151270)

Encountered a total of 1 failing tests, 0 tests succeeded
