Compiling 25 files with Solc 0.8.28
Solc 0.8.28 finished in 1.40s
Compiler run successful with warnings:
Warning (6321): Unnamed return variable can remain unassigned. Add an explicit return with value to all non-reverting code paths or name the variable.
   --> lib/Common.sol:118:93:
    |
118 |     function prepareInitialCapital(address from, address to, uint amount) internal returns (bool) {
    |                                                                                             ^^^^

Warning (2018): Function state mutability can be restricted to view
 --> lib/Common.sol:7:5:
  |
7 |     function getRouterAndMainToken() internal returns (address, address[] memory){
  |     ^ (Relevant source part starts here and spans across multiple lines).

Warning (2018): Function state mutability can be restricted to pure
  --> lib/Common.sol:99:5:
   |
99 |     function tokenInArray(address token, address[] memory array) internal returns (bool){
   |     ^ (Relevant source part starts here and spans across multiple lines).


Ran 1 test for src/migration_result_test2/Sheep_exp.sol/0x57################################5e40b.sol:ContractTest
[FAIL: revert: Pancake: TRANSFER_FAILED] test() (gas: 166940)
Traces:
  [166940] ContractTest::test()
     [2534] 0xbb################################c095c::balanceOf(ContractTest: [0x7F################################e1496]) [staticcall]
         [Return] 380000000000000000000 [3.8e20]
     [534] 0xbb################################c095c::balanceOf(ContractTest: [0x7F################################e1496]) [staticcall]
         [Return] 380000000000000000000 [3.8e20]
     [150162] 0x10################################6024E::swapExactTokensForTokensSupportingFeeOnTransferTokens(380000000000000000000 [3.8e20], 0, [0xbb################################c095c, 0x57################################5e40B], ContractTest: [0x7F################################e1496], 1676025497 [1.676e9])
        [13025] 0xbb################################c095c::transferFrom(ContractTest: [0x7F################################e1496], 0x72################################7882e, 380000000000000000000 [3.8e20])
           emit Transfer(from: ContractTest: [0x7F################################e1496], to: 0x72################################7882e, value: 380000000000000000000 [3.8e20])
            [Return] true
        [12287] 0x57################################5e40B::balanceOf(ContractTest: [0x7F################################e1496]) [staticcall]
            [Return] 0
        [2893] 0x72################################7882e::getReserves() [staticcall]
            [Return] 995787953993252539410945 [9.957e23], 5102807194534964 [5.102e15], 1658766332 [1.658e9]
        [534] 0xbb################################c095c::balanceOf(0x72################################7882e) [staticcall]
            [Return] 380005102807194534964 [3.8e20]
        [109908] 0x72################################7882e::swap(995774548781455528940709 [9.957e23], 0, ContractTest: [0x7F################################e1496], 0x)
           [98141] 0x57################################5e40B::transfer(ContractTest: [0x7F################################e1496], 995774548781455528940709 [9.957e23])
              [15408] 0xCB################################216C9::ca9710c8(000000000000000000000000722647a4d497e1fa4878b4cd1003ea68b4e7882e) [staticcall]
                  [Return] 0x00################################00000000000000000000000000000
              [3408] 0xCB################################216C9::ca9710c8(0000000000000000000000007fa9385be102ac3eac297483dd6233d62b3e1496) [staticcall]
                  [Return] 0x00################################00000000000000000000000000000
              [2741] 0xCB################################216C9::1c57a4a5(000000000000000000000000722647a4d497e1fa4878b4cd1003ea68b4e7882e000000000000000000000000722647a4d497e1fa4878b4cd1003ea68b4e7882e0000000000000000000000007fa9385be102ac3eac297483dd6233d62b3e1496)
                  [Stop] 
              emit Transfer(from: 0x72################################7882e, to: 0x80################################C5203, value: 19915490975629110578814 [1.991e22])
               [Revert] revert: SafeMath: subtraction overflow
            [Revert] revert: Pancake: TRANSFER_FAILED
         [Revert] revert: Pancake: TRANSFER_FAILED
      [Revert] revert: Pancake: TRANSFER_FAILED

Suite result: FAILED. 0 passed; 1 failed; 0 skipped; finished in 2.38s (1.50s CPU time)

Ran 1 test suite in 3.15s (2.38s CPU time): 0 tests passed, 1 failed, 0 skipped (1 total tests)

Failing tests:
Encountered 1 failing test in src/migration_result_test2/Sheep_exp.sol/0x57################################5e40b.sol:ContractTest
[FAIL: revert: Pancake: TRANSFER_FAILED] test() (gas: 166940)

Encountered a total of 1 failing tests, 0 tests succeeded
