Compiling 25 files with Solc 0.8.28
Solc 0.8.28 finished in 1.40s
Compiler run successful with warnings:
Warning (6321): Unnamed return variable can remain unassigned. Add an explicit return with value to all non-reverting code paths or name the variable.
   --> lib/Common.sol:118:93:
    |
118 |     function prepareInitialCapital(address from, address to, uint amount) internal returns (bool) {
    |                                                                                             ^^^^

Warning (2018): Function state mutability can be restricted to view
 --> lib/Common.sol:7:5:
  |
7 |     function getRouterAndMainToken() internal returns (address, address[] memory){
  |     ^ (Relevant source part starts here and spans across multiple lines).

Warning (2018): Function state mutability can be restricted to pure
  --> lib/Common.sol:99:5:
   |
99 |     function tokenInArray(address token, address[] memory array) internal returns (bool){
   |     ^ (Relevant source part starts here and spans across multiple lines).


Ran 1 test for src/migration_result_test2/Sheep_exp.sol/0xcf################################263b9.sol:ContractTest
[FAIL: revert: Pancake: TRANSFER_FAILED] test() (gas: 213885)
Traces:
  [213885] ContractTest::test()
     [2534] 0xbb################################c095c::balanceOf(ContractTest: [0x7F################################e1496]) [staticcall]
         [Return] 380000000000000000000 [3.8e20]
     [534] 0xbb################################c095c::balanceOf(ContractTest: [0x7F################################e1496]) [staticcall]
         [Return] 380000000000000000000 [3.8e20]
     [197107] 0x10################################6024E::swapExactTokensForTokensSupportingFeeOnTransferTokens(380000000000000000000 [3.8e20], 0, [0xbb################################c095c, 0xCF################################263b9], ContractTest: [0x7F################################e1496], 1676025497 [1.676e9])
        [13025] 0xbb################################c095c::transferFrom(ContractTest: [0x7F################################e1496], 0xCE################################f94c8, 380000000000000000000 [3.8e20])
           emit Transfer(from: ContractTest: [0x7F################################e1496], to: 0xCE################################f94c8, value: 380000000000000000000 [3.8e20])
            [Return] true
        [12292] 0xCF################################263b9::balanceOf(ContractTest: [0x7F################################e1496]) [staticcall]
            [Return] 0
        [2893] 0xCE################################f94c8::getReserves() [staticcall]
            [Return] 17240985616792628 [1.724e16], 3004614318694074267814110 [3.004e24], 1658214867 [1.658e9]
        [534] 0xbb################################c095c::balanceOf(0xCE################################f94c8) [staticcall]
            [Return] 380017240985616792628 [3.8e20]
        [156898] 0xCE################################f94c8::swap(0, 3004477660849102168803535 [3.004e24], ContractTest: [0x7F################################e1496], 0x)
           [145094] 0xCF################################263b9::transfer(ContractTest: [0x7F################################e1496], 3004477660849102168803535 [3.004e24])
              [53883] 0x0b################################02f9e::ca9710c8(000000000000000000000000ce447cd3a0c5fe3dc705a27b6b26517530cf94c8) [staticcall]
                  [Return] 0x00################################00000000000000000000000000000
              [11883] 0x0b################################02f9e::ca9710c8(0000000000000000000000007fa9385be102ac3eac297483dd6233d62b3e1496) [staticcall]
                  [Return] 0x00################################00000000000000000000000000000
              [2741] 0x0b################################02f9e::1c57a4a5(000000000000000000000000ce447cd3a0c5fe3dc705a27b6b26517530cf94c8000000000000000000000000ce447cd3a0c5fe3dc705a27b6b26517530cf94c80000000000000000000000007fa9385be102ac3eac297483dd6233d62b3e1496)
                  [Stop] 
              emit Transfer(from: 0xCE################################f94c8, to: 0x51################################4a4be, value: 90134329825473065064106 [9.013e22])
               [Revert] revert: SafeMath: subtraction overflow
            [Revert] revert: Pancake: TRANSFER_FAILED
         [Revert] revert: Pancake: TRANSFER_FAILED
      [Revert] revert: Pancake: TRANSFER_FAILED

Suite result: FAILED. 0 passed; 1 failed; 0 skipped; finished in 607.28ms (2.49ms CPU time)

Ran 1 test suite in 1.39s (607.28ms CPU time): 0 tests passed, 1 failed, 0 skipped (1 total tests)

Failing tests:
Encountered 1 failing test in src/migration_result_test2/Sheep_exp.sol/0xcf################################263b9.sol:ContractTest
[FAIL: revert: Pancake: TRANSFER_FAILED] test() (gas: 213885)

Encountered a total of 1 failing tests, 0 tests succeeded
