Compiling 25 files with Solc 0.8.28
Solc 0.8.28 finished in 1.40s
Compiler run successful with warnings:
Warning (6321): Unnamed return variable can remain unassigned. Add an explicit return with value to all non-reverting code paths or name the variable.
   --> lib/Common.sol:118:93:
    |
118 |     function prepareInitialCapital(address from, address to, uint amount) internal returns (bool) {
    |                                                                                             ^^^^

Warning (2018): Function state mutability can be restricted to view
 --> lib/Common.sol:7:5:
  |
7 |     function getRouterAndMainToken() internal returns (address, address[] memory){
  |     ^ (Relevant source part starts here and spans across multiple lines).

Warning (2018): Function state mutability can be restricted to pure
  --> lib/Common.sol:99:5:
   |
99 |     function tokenInArray(address token, address[] memory array) internal returns (bool){
   |     ^ (Relevant source part starts here and spans across multiple lines).


Ran 1 test for src/migration_result_test2/Sheep_exp.sol/0x7b################################be1bb.sol:ContractTest
[FAIL: revert: Pancake: TRANSFER_FAILED] test() (gas: 151262)
Traces:
  [151262] ContractTest::test()
     [2534] 0xbb################################c095c::balanceOf(ContractTest: [0x7F################################e1496]) [staticcall]
         [Return] 380000000000000000000 [3.8e20]
     [534] 0xbb################################c095c::balanceOf(ContractTest: [0x7F################################e1496]) [staticcall]
         [Return] 380000000000000000000 [3.8e20]
     [134484] 0x10################################6024E::swapExactTokensForTokensSupportingFeeOnTransferTokens(380000000000000000000 [3.8e20], 0, [0xbb################################c095c, 0x7B################################Be1Bb], ContractTest: [0x7F################################e1496], 1676025497 [1.676e9])
        [13025] 0xbb################################c095c::transferFrom(ContractTest: [0x7F################################e1496], 0x52################################1d13E, 380000000000000000000 [3.8e20])
           emit Transfer(from: ContractTest: [0x7F################################e1496], to: 0x52################################1d13E, value: 380000000000000000000 [3.8e20])
            [Return] true
        [12287] 0x7B################################Be1Bb::balanceOf(ContractTest: [0x7F################################e1496]) [staticcall]
            [Return] 0
        [2893] 0x52################################1d13E::getReserves() [staticcall]
            [Return] 1000810345277250734062171 [1e24], 5024668503642128 [5.024e15], 1659367033 [1.659e9]
        [534] 0xbb################################c095c::balanceOf(0x52################################1d13E) [staticcall]
            [Return] 380005024668503642128 [3.8e20]
        [94230] 0x52################################1d13E::swap(1000797078759482155193619 [1e24], 0, ContractTest: [0x7F################################e1496], 0x)
           [82463] 0x7B################################Be1Bb::transfer(ContractTest: [0x7F################################e1496], 1000797078759482155193619 [1e24])
              [2579] 0x42################################04db6::ca9710c8(000000000000000000000000526d649da4fac20cad684201d6a3beef2ba1d13e) [staticcall]
                  [Return] 0x00################################00000000000000000000000000000
              [579] 0x42################################04db6::ca9710c8(0000000000000000000000007fa9385be102ac3eac297483dd6233d62b3e1496) [staticcall]
                  [Return] 0x00################################00000000000000000000000000000
              [2729] 0x42################################04db6::1c57a4a5(000000000000000000000000526d649da4fac20cad684201d6a3beef2ba1d13e000000000000000000000000526d649da4fac20cad684201d6a3beef2ba1d13e0000000000000000000000007fa9385be102ac3eac297483dd6233d62b3e1496)
                  [Stop] 
              emit Transfer(from: 0x52################################1d13E, to: 0xcb################################c20e2, value: 10007970787594821551936 [1e22])
               [Revert] revert: SafeMath: subtraction overflow
            [Revert] revert: Pancake: TRANSFER_FAILED
         [Revert] revert: Pancake: TRANSFER_FAILED
      [Revert] revert: Pancake: TRANSFER_FAILED

Suite result: FAILED. 0 passed; 1 failed; 0 skipped; finished in 584.92ms (1.88ms CPU time)

Ran 1 test suite in 1.39s (584.92ms CPU time): 0 tests passed, 1 failed, 0 skipped (1 total tests)

Failing tests:
Encountered 1 failing test in src/migration_result_test2/Sheep_exp.sol/0x7b################################be1bb.sol:ContractTest
[FAIL: revert: Pancake: TRANSFER_FAILED] test() (gas: 151262)

Encountered a total of 1 failing tests, 0 tests succeeded
