Compiling 25 files with Solc 0.8.28
Solc 0.8.28 finished in 1.42s
Compiler run successful with warnings:
Warning (6321): Unnamed return variable can remain unassigned. Add an explicit return with value to all non-reverting code paths or name the variable.
   --> lib/Common.sol:118:93:
    |
118 |     function prepareInitialCapital(address from, address to, uint amount) internal returns (bool) {
    |                                                                                             ^^^^

Warning (2018): Function state mutability can be restricted to view
 --> lib/Common.sol:7:5:
  |
7 |     function getRouterAndMainToken() internal returns (address, address[] memory){
  |     ^ (Relevant source part starts here and spans across multiple lines).

Warning (2018): Function state mutability can be restricted to pure
  --> lib/Common.sol:99:5:
   |
99 |     function tokenInArray(address token, address[] memory array) internal returns (bool){
   |     ^ (Relevant source part starts here and spans across multiple lines).


Ran 1 test for src/migration_result_test2/Sheep_exp.sol/0xb2################################66da3.sol:ContractTest
[FAIL: revert: Pancake: TRANSFER_FAILED] test() (gas: 217006)
Traces:
  [217006] ContractTest::test()
     [2534] 0xbb################################c095c::balanceOf(ContractTest: [0x7F################################e1496]) [staticcall]
         [Return] 380000000000000000000 [3.8e20]
     [534] 0xbb################################c095c::balanceOf(ContractTest: [0x7F################################e1496]) [staticcall]
         [Return] 380000000000000000000 [3.8e20]
     [200228] 0x10################################6024E::swapExactTokensForTokensSupportingFeeOnTransferTokens(380000000000000000000 [3.8e20], 0, [0xbb################################c095c, 0xb2################################66Da3], ContractTest: [0x7F################################e1496], 1676025497 [1.676e9])
        [13025] 0xbb################################c095c::transferFrom(ContractTest: [0x7F################################e1496], 0x27################################a4e92, 380000000000000000000 [3.8e20])
           emit Transfer(from: ContractTest: [0x7F################################e1496], to: 0x27################################a4e92, value: 380000000000000000000 [3.8e20])
            [Return] true
        [12292] 0xb2################################66Da3::balanceOf(ContractTest: [0x7F################################e1496]) [staticcall]
            [Return] 0
        [2893] 0x27################################a4e92::getReserves() [staticcall]
            [Return] 9863139735938925735864 [9.863e21], 52454961203339254 [5.245e16], 1658134043 [1.658e9]
        [534] 0xbb################################c095c::balanceOf(0x27################################a4e92) [staticcall]
            [Return] 380052454961203339254 [3.8e20]
        [159969] 0x27################################a4e92::swap(9861775010901086725039 [9.861e21], 0, ContractTest: [0x7F################################e1496], 0x)
           [148202] 0xb2################################66Da3::transfer(ContractTest: [0x7F################################e1496], 9861775010901086725039 [9.861e21])
              [56437] 0xDA################################d6A8E::e568987f(00000000000000000000000027e95ba8b6d8664838c8a037330186c1613a4e92) [staticcall]
                  [Return] 0x00################################00000000000000000000000000000
              [12437] 0xDA################################d6A8E::e568987f(0000000000000000000000007fa9385be102ac3eac297483dd6233d62b3e1496) [staticcall]
                  [Return] 0x00################################00000000000000000000000000000
              [2741] 0xDA################################d6A8E::606b55a7(00000000000000000000000027e95ba8b6d8664838c8a037330186c1613a4e9200000000000000000000000027e95ba8b6d8664838c8a037330186c1613a4e920000000000000000000000007fa9385be102ac3eac297483dd6233d62b3e1496)
                  [Stop] 
              emit Transfer(from: 0x27################################a4e92, to: 0xb4################################4791D, value: 98617750109010867250 [9.861e19])
               [Revert] revert: SafeMath: subtraction overflow
            [Revert] revert: Pancake: TRANSFER_FAILED
         [Revert] revert: Pancake: TRANSFER_FAILED
      [Revert] revert: Pancake: TRANSFER_FAILED

Suite result: FAILED. 0 passed; 1 failed; 0 skipped; finished in 3.20s (2.29s CPU time)

Ran 1 test suite in 4.01s (3.20s CPU time): 0 tests passed, 1 failed, 0 skipped (1 total tests)

Failing tests:
Encountered 1 failing test in src/migration_result_test2/Sheep_exp.sol/0xb2################################66da3.sol:ContractTest
[FAIL: revert: Pancake: TRANSFER_FAILED] test() (gas: 217006)

Encountered a total of 1 failing tests, 0 tests succeeded
