Compiling 25 files with Solc 0.8.28
Solc 0.8.28 finished in 1.40s
Compiler run successful with warnings:
Warning (6321): Unnamed return variable can remain unassigned. Add an explicit return with value to all non-reverting code paths or name the variable.
   --> lib/Common.sol:118:93:
    |
118 |     function prepareInitialCapital(address from, address to, uint amount) internal returns (bool) {
    |                                                                                             ^^^^

Warning (2018): Function state mutability can be restricted to view
 --> lib/Common.sol:7:5:
  |
7 |     function getRouterAndMainToken() internal returns (address, address[] memory){
  |     ^ (Relevant source part starts here and spans across multiple lines).

Warning (2018): Function state mutability can be restricted to pure
  --> lib/Common.sol:99:5:
   |
99 |     function tokenInArray(address token, address[] memory array) internal returns (bool){
   |     ^ (Relevant source part starts here and spans across multiple lines).


Ran 1 test for src/migration_result_test2/Sheep_exp.sol/0x34################################700f6.sol:ContractTest
[FAIL: revert: Pancake: TRANSFER_FAILED] test() (gas: 273360)
Traces:
  [273360] ContractTest::test()
     [2534] 0xbb################################c095c::balanceOf(ContractTest: [0x7F################################e1496]) [staticcall]
         [Return] 380000000000000000000 [3.8e20]
     [534] 0xbb################################c095c::balanceOf(ContractTest: [0x7F################################e1496]) [staticcall]
         [Return] 380000000000000000000 [3.8e20]
     [256582] 0x10################################6024E::swapExactTokensForTokensSupportingFeeOnTransferTokens(380000000000000000000 [3.8e20], 0, [0xbb################################c095c, 0x34################################700F6], ContractTest: [0x7F################################e1496], 1676025497 [1.676e9])
        [13025] 0xbb################################c095c::transferFrom(ContractTest: [0x7F################################e1496], 0xdF################################2DeD3, 380000000000000000000 [3.8e20])
           emit Transfer(from: ContractTest: [0x7F################################e1496], to: 0xdF################################2DeD3, value: 380000000000000000000 [3.8e20])
            [Return] true
        [12287] 0x34################################700F6::balanceOf(ContractTest: [0x7F################################e1496]) [staticcall]
            [Return] 0
        [2893] 0xdF################################2DeD3::getReserves() [staticcall]
            [Return] 993629744412029835566673 [9.936e23], 6134024034416947 [6.134e15], 1658475622 [1.658e9]
        [534] 0xbb################################c095c::balanceOf(0xdF################################2DeD3) [staticcall]
            [Return] 380006134024034416947 [3.8e20]
        [216328] 0xdF################################2DeD3::swap(993613665134618251711144 [9.936e23], 0, ContractTest: [0x7F################################e1496], 0x)
           [204561] 0x34################################700F6::transfer(ContractTest: [0x7F################################e1496], 993613665134618251711144 [9.936e23])
              [102618] 0xa7################################C0728::ca9710c8(000000000000000000000000dfca9658a4751007aeed5d08f3c49d6edd72ded3) [staticcall]
                  [Return] 0x00################################00000000000000000000000000000
              [22618] 0xa7################################C0728::ca9710c8(0000000000000000000000007fa9385be102ac3eac297483dd6233d62b3e1496) [staticcall]
                  [Return] 0x00################################00000000000000000000000000000
              [2741] 0xa7################################C0728::1c57a4a5(000000000000000000000000dfca9658a4751007aeed5d08f3c49d6edd72ded3000000000000000000000000dfca9658a4751007aeed5d08f3c49d6edd72ded30000000000000000000000007fa9385be102ac3eac297483dd6233d62b3e1496)
                  [Stop] 
              emit Transfer(from: 0xdF################################2DeD3, to: 0x28################################dDbb5, value: 9936136651346182517111 [9.936e21])
               [Revert] revert: SafeMath: subtraction overflow
            [Revert] revert: Pancake: TRANSFER_FAILED
         [Revert] revert: Pancake: TRANSFER_FAILED
      [Revert] revert: Pancake: TRANSFER_FAILED

Suite result: FAILED. 0 passed; 1 failed; 0 skipped; finished in 551.84ms (3.01ms CPU time)

Ran 1 test suite in 1.33s (551.84ms CPU time): 0 tests passed, 1 failed, 0 skipped (1 total tests)

Failing tests:
Encountered 1 failing test in src/migration_result_test2/Sheep_exp.sol/0x34################################700f6.sol:ContractTest
[FAIL: revert: Pancake: TRANSFER_FAILED] test() (gas: 273360)

Encountered a total of 1 failing tests, 0 tests succeeded
