Compiling 25 files with Solc 0.8.28
Solc 0.8.28 finished in 1.41s
Compiler run successful with warnings:
Warning (6321): Unnamed return variable can remain unassigned. Add an explicit return with value to all non-reverting code paths or name the variable.
   --> lib/Common.sol:118:93:
    |
118 |     function prepareInitialCapital(address from, address to, uint amount) internal returns (bool) {
    |                                                                                             ^^^^

Warning (2018): Function state mutability can be restricted to view
 --> lib/Common.sol:7:5:
  |
7 |     function getRouterAndMainToken() internal returns (address, address[] memory){
  |     ^ (Relevant source part starts here and spans across multiple lines).

Warning (2018): Function state mutability can be restricted to pure
  --> lib/Common.sol:99:5:
   |
99 |     function tokenInArray(address token, address[] memory array) internal returns (bool){
   |     ^ (Relevant source part starts here and spans across multiple lines).


Ran 1 test for src/migration_result_test2/Sheep_exp.sol/0x52################################3222b.sol:ContractTest
[FAIL: revert: Pancake: TRANSFER_FAILED] test() (gas: 129927)
Traces:
  [129927] ContractTest::test()
     [2534] 0xbb################################c095c::balanceOf(ContractTest: [0x7F################################e1496]) [staticcall]
         [Return] 380000000000000000000 [3.8e20]
     [534] 0xbb################################c095c::balanceOf(ContractTest: [0x7F################################e1496]) [staticcall]
         [Return] 380000000000000000000 [3.8e20]
     [113149] 0x10################################6024E::swapExactTokensForTokensSupportingFeeOnTransferTokens(380000000000000000000 [3.8e20], 0, [0xbb################################c095c, 0x52################################3222B], ContractTest: [0x7F################################e1496], 1676025497 [1.676e9])
        [13025] 0xbb################################c095c::transferFrom(ContractTest: [0x7F################################e1496], 0x9e################################8550D, 380000000000000000000 [3.8e20])
           emit Transfer(from: ContractTest: [0x7F################################e1496], to: 0x9e################################8550D, value: 380000000000000000000 [3.8e20])
            [Return] true
        [12315] 0x52################################3222B::balanceOf(ContractTest: [0x7F################################e1496]) [staticcall]
            [Return] 0
        [2893] 0x9e################################8550D::getReserves() [staticcall]
            [Return] 9785094541861394906285 [9.785e21], 32196682658948 [3.219e13], 1647448922 [1.647e9]
        [534] 0xbb################################c095c::balanceOf(0x9e################################8550D) [staticcall]
            [Return] 380000032196682658948 [3.8e20]
        [72867] 0x9e################################8550D::swap(9785093710711000520768 [9.785e21], 0, ContractTest: [0x7F################################e1496], 0x)
           [61100] 0x52################################3222B::transfer(ContractTest: [0x7F################################e1496], 9785093710711000520768 [9.785e21])
              [2945] 0xEe################################DB265::_beforeTokenTransfer(0x9e################################8550D, 0x9e################################8550D, ContractTest: [0x7F################################e1496])
                  [Revert] revert: only sold
               [Revert] revert: only sold
            [Revert] revert: Pancake: TRANSFER_FAILED
         [Revert] revert: Pancake: TRANSFER_FAILED
      [Revert] revert: Pancake: TRANSFER_FAILED

Suite result: FAILED. 0 passed; 1 failed; 0 skipped; finished in 535.25ms (1.70ms CPU time)

Ran 1 test suite in 1.35s (535.25ms CPU time): 0 tests passed, 1 failed, 0 skipped (1 total tests)

Failing tests:
Encountered 1 failing test in src/migration_result_test2/Sheep_exp.sol/0x52################################3222b.sol:ContractTest
[FAIL: revert: Pancake: TRANSFER_FAILED] test() (gas: 129927)

Encountered a total of 1 failing tests, 0 tests succeeded
