Compiling 25 files with Solc 0.8.28
Solc 0.8.28 finished in 1.40s
Compiler run successful with warnings:
Warning (6321): Unnamed return variable can remain unassigned. Add an explicit return with value to all non-reverting code paths or name the variable.
   --> lib/Common.sol:118:93:
    |
118 |     function prepareInitialCapital(address from, address to, uint amount) internal returns (bool) {
    |                                                                                             ^^^^

Warning (2018): Function state mutability can be restricted to view
 --> lib/Common.sol:7:5:
  |
7 |     function getRouterAndMainToken() internal returns (address, address[] memory){
  |     ^ (Relevant source part starts here and spans across multiple lines).

Warning (2018): Function state mutability can be restricted to pure
  --> lib/Common.sol:99:5:
   |
99 |     function tokenInArray(address token, address[] memory array) internal returns (bool){
   |     ^ (Relevant source part starts here and spans across multiple lines).


Ran 1 test for src/migration_result_test2/Sheep_exp.sol/0x4e################################ff549.sol:ContractTest
[FAIL: revert: Pancake: TRANSFER_FAILED] test() (gas: 179687)
Traces:
  [179687] ContractTest::test()
     [2534] 0xbb################################c095c::balanceOf(ContractTest: [0x7F################################e1496]) [staticcall]
         [Return] 380000000000000000000 [3.8e20]
     [534] 0xbb################################c095c::balanceOf(ContractTest: [0x7F################################e1496]) [staticcall]
         [Return] 380000000000000000000 [3.8e20]
     [162909] 0x10################################6024E::swapExactTokensForTokensSupportingFeeOnTransferTokens(380000000000000000000 [3.8e20], 0, [0xbb################################c095c, 0x4E################################ff549], ContractTest: [0x7F################################e1496], 1676025497 [1.676e9])
        [13025] 0xbb################################c095c::transferFrom(ContractTest: [0x7F################################e1496], 0x14################################BeCCD, 380000000000000000000 [3.8e20])
           emit Transfer(from: ContractTest: [0x7F################################e1496], to: 0x14################################BeCCD, value: 380000000000000000000 [3.8e20])
            [Return] true
        [12292] 0x4E################################ff549::balanceOf(ContractTest: [0x7F################################e1496]) [staticcall]
            [Return] 0
        [2893] 0x14################################BeCCD::getReserves() [staticcall]
            [Return] 9817015500678815652121736619 [9.817e27], 3324108899636129 [3.324e15], 1658301236 [1.658e9]
        [534] 0xbb################################c095c::balanceOf(0x14################################BeCCD) [staticcall]
            [Return] 380003324108899636129 [3.8e20]
        [122650] 0x14################################BeCCD::swap(9816929410341340344627854449 [9.816e27], 0, ContractTest: [0x7F################################e1496], 0x)
           [110883] 0x4E################################ff549::transfer(ContractTest: [0x7F################################e1496], 9816929410341340344627854449 [9.816e27])
              [30787] 0xEc################################d3974::e568987f(000000000000000000000000148faae1d921d5590e9f0a79cdd8dd26719beccd) [staticcall]
                  [Return] 0x00################################00000000000000000000000000000
              [6787] 0xEc################################d3974::e568987f(0000000000000000000000007fa9385be102ac3eac297483dd6233d62b3e1496) [staticcall]
                  [Return] 0x00################################00000000000000000000000000000
              [2741] 0xEc################################d3974::606b55a7(000000000000000000000000148faae1d921d5590e9f0a79cdd8dd26719beccd000000000000000000000000148faae1d921d5590e9f0a79cdd8dd26719beccd0000000000000000000000007fa9385be102ac3eac297483dd6233d62b3e1496)
                  [Stop] 
              emit Transfer(from: 0x14################################BeCCD, to: 0x5F################################8aB1D, value: 0)
               [Revert] revert: SafeMath: subtraction overflow
            [Revert] revert: Pancake: TRANSFER_FAILED
         [Revert] revert: Pancake: TRANSFER_FAILED
      [Revert] revert: Pancake: TRANSFER_FAILED

Suite result: FAILED. 0 passed; 1 failed; 0 skipped; finished in 2.81s (1.93s CPU time)

Ran 1 test suite in 3.59s (2.81s CPU time): 0 tests passed, 1 failed, 0 skipped (1 total tests)

Failing tests:
Encountered 1 failing test in src/migration_result_test2/Sheep_exp.sol/0x4e################################ff549.sol:ContractTest
[FAIL: revert: Pancake: TRANSFER_FAILED] test() (gas: 179687)

Encountered a total of 1 failing tests, 0 tests succeeded
