Compiling 25 files with Solc 0.8.28
Solc 0.8.28 finished in 1.40s
Compiler run successful with warnings:
Warning (6321): Unnamed return variable can remain unassigned. Add an explicit return with value to all non-reverting code paths or name the variable.
   --> lib/Common.sol:118:93:
    |
118 |     function prepareInitialCapital(address from, address to, uint amount) internal returns (bool) {
    |                                                                                             ^^^^

Warning (2018): Function state mutability can be restricted to view
 --> lib/Common.sol:7:5:
  |
7 |     function getRouterAndMainToken() internal returns (address, address[] memory){
  |     ^ (Relevant source part starts here and spans across multiple lines).

Warning (2018): Function state mutability can be restricted to pure
  --> lib/Common.sol:99:5:
   |
99 |     function tokenInArray(address token, address[] memory array) internal returns (bool){
   |     ^ (Relevant source part starts here and spans across multiple lines).


Ran 1 test for src/migration_result_test2/Sheep_exp.sol/0x61################################fb842.sol:ContractTest
[FAIL: revert: Pancake: TRANSFER_FAILED] test() (gas: 226390)
Traces:
  [226390] ContractTest::test()
     [2534] 0xbb################################c095c::balanceOf(ContractTest: [0x7F################################e1496]) [staticcall]
         [Return] 380000000000000000000 [3.8e20]
     [534] 0xbb################################c095c::balanceOf(ContractTest: [0x7F################################e1496]) [staticcall]
         [Return] 380000000000000000000 [3.8e20]
     [209612] 0x10################################6024E::swapExactTokensForTokensSupportingFeeOnTransferTokens(380000000000000000000 [3.8e20], 0, [0xbb################################c095c, 0x61################################fB842], ContractTest: [0x7F################################e1496], 1676025497 [1.676e9])
        [13025] 0xbb################################c095c::transferFrom(ContractTest: [0x7F################################e1496], 0x9d################################C4C81, 380000000000000000000 [3.8e20])
           emit Transfer(from: ContractTest: [0x7F################################e1496], to: 0x9d################################C4C81, value: 380000000000000000000 [3.8e20])
            [Return] true
        [12287] 0x61################################fB842::balanceOf(ContractTest: [0x7F################################e1496]) [staticcall]
            [Return] 0
        [2893] 0x9d################################C4C81::getReserves() [staticcall]
            [Return] 10555124160580423369469248 [1.055e25], 5132285377719511 [5.132e15], 1659169167 [1.659e9]
        [534] 0xbb################################c095c::balanceOf(0x9d################################C4C81) [staticcall]
            [Return] 380005132285377719511 [3.8e20]
        [169358] 0x9d################################C4C81::swap(10554981247571799134179533 [1.055e25], 0, ContractTest: [0x7F################################e1496], 0x)
           [157591] 0x61################################fB842::transfer(ContractTest: [0x7F################################e1496], 10554981247571799134179533 [1.055e25])
              [64139] 0xF0################################fbaF7::ca9710c8(0000000000000000000000009d31027fea5ce22646e4fa16b755e674b95c4c81) [staticcall]
                  [Return] 0x00################################00000000000000000000000000000
              [14139] 0xF0################################fbaF7::ca9710c8(0000000000000000000000007fa9385be102ac3eac297483dd6233d62b3e1496) [staticcall]
                  [Return] 0x00################################00000000000000000000000000000
              [2729] 0xF0################################fbaF7::1c57a4a5(0000000000000000000000009d31027fea5ce22646e4fa16b755e674b95c4c810000000000000000000000009d31027fea5ce22646e4fa16b755e674b95c4c810000000000000000000000007fa9385be102ac3eac297483dd6233d62b3e1496)
                  [Stop] 
              emit Transfer(from: 0x9d################################C4C81, to: 0xe8################################8A347, value: 211099624951435982683590 [2.11e23])
               [Revert] revert: SafeMath: subtraction overflow
            [Revert] revert: Pancake: TRANSFER_FAILED
         [Revert] revert: Pancake: TRANSFER_FAILED
      [Revert] revert: Pancake: TRANSFER_FAILED

Suite result: FAILED. 0 passed; 1 failed; 0 skipped; finished in 553.43ms (2.63ms CPU time)

Ran 1 test suite in 1.37s (553.43ms CPU time): 0 tests passed, 1 failed, 0 skipped (1 total tests)

Failing tests:
Encountered 1 failing test in src/migration_result_test2/Sheep_exp.sol/0x61################################fb842.sol:ContractTest
[FAIL: revert: Pancake: TRANSFER_FAILED] test() (gas: 226390)

Encountered a total of 1 failing tests, 0 tests succeeded
