Compiling 25 files with Solc 0.8.28
Solc 0.8.28 finished in 1.41s
Compiler run successful with warnings:
Warning (6321): Unnamed return variable can remain unassigned. Add an explicit return with value to all non-reverting code paths or name the variable.
   --> lib/Common.sol:118:93:
    |
118 |     function prepareInitialCapital(address from, address to, uint amount) internal returns (bool) {
    |                                                                                             ^^^^

Warning (2018): Function state mutability can be restricted to view
 --> lib/Common.sol:7:5:
  |
7 |     function getRouterAndMainToken() internal returns (address, address[] memory){
  |     ^ (Relevant source part starts here and spans across multiple lines).

Warning (2018): Function state mutability can be restricted to pure
  --> lib/Common.sol:99:5:
   |
99 |     function tokenInArray(address token, address[] memory array) internal returns (bool){
   |     ^ (Relevant source part starts here and spans across multiple lines).


Ran 1 test for src/migration_result_test2/Sheep_exp.sol/0x93################################4d862.sol:ContractTest
[FAIL: revert: Pancake: TRANSFER_FAILED] test() (gas: 193540)
Traces:
  [193540] ContractTest::test()
     [2534] 0xbb################################c095c::balanceOf(ContractTest: [0x7F################################e1496]) [staticcall]
         [Return] 380000000000000000000 [3.8e20]
     [534] 0xbb################################c095c::balanceOf(ContractTest: [0x7F################################e1496]) [staticcall]
         [Return] 380000000000000000000 [3.8e20]
     [176762] 0x10################################6024E::swapExactTokensForTokensSupportingFeeOnTransferTokens(380000000000000000000 [3.8e20], 0, [0xbb################################c095c, 0x93################################4D862], ContractTest: [0x7F################################e1496], 1676025497 [1.676e9])
        [13025] 0xbb################################c095c::transferFrom(ContractTest: [0x7F################################e1496], 0x30################################46337, 380000000000000000000 [3.8e20])
           emit Transfer(from: ContractTest: [0x7F################################e1496], to: 0x30################################46337, value: 380000000000000000000 [3.8e20])
            [Return] true
        [12320] 0x93################################4D862::balanceOf(ContractTest: [0x7F################################e1496]) [staticcall]
            [Return] 0
        [2893] 0x30################################46337::getReserves() [staticcall]
            [Return] 9983539365888359319487986 [9.983e24], 891403799721825 [8.914e14], 1647619405 [1.647e9]
        [534] 0xbb################################c095c::balanceOf(0x30################################46337) [staticcall]
            [Return] 380000891403799721825 [3.8e20]
        [136475] 0x30################################46337::swap(9983515887866997948029515 [9.983e24], 0, ContractTest: [0x7F################################e1496], 0x)
           [124708] 0x93################################4D862::transfer(ContractTest: [0x7F################################e1496], 9983515887866997948029515 [9.983e24])
              [49458] 0x3A################################4Dc50::_beforeTokenTransfer(0x30################################46337, 0x30################################46337, ContractTest: [0x7F################################e1496])
                  [Stop] 
              emit Transfer(from: 0x30################################46337, to: 0xcc################################28866, value: 199670317757339958960590 [1.996e23])
               [Revert] revert: SafeMath: subtraction overflow
            [Revert] revert: Pancake: TRANSFER_FAILED
         [Revert] revert: Pancake: TRANSFER_FAILED
      [Revert] revert: Pancake: TRANSFER_FAILED

Suite result: FAILED. 0 passed; 1 failed; 0 skipped; finished in 523.99ms (1.84ms CPU time)

Ran 1 test suite in 1.31s (523.99ms CPU time): 0 tests passed, 1 failed, 0 skipped (1 total tests)

Failing tests:
Encountered 1 failing test in src/migration_result_test2/Sheep_exp.sol/0x93################################4d862.sol:ContractTest
[FAIL: revert: Pancake: TRANSFER_FAILED] test() (gas: 193540)

Encountered a total of 1 failing tests, 0 tests succeeded
