Compiling 25 files with Solc 0.8.28
Solc 0.8.28 finished in 1.40s
Compiler run successful with warnings:
Warning (6321): Unnamed return variable can remain unassigned. Add an explicit return with value to all non-reverting code paths or name the variable.
   --> lib/Common.sol:118:93:
    |
118 |     function prepareInitialCapital(address from, address to, uint amount) internal returns (bool) {
    |                                                                                             ^^^^

Warning (2018): Function state mutability can be restricted to view
 --> lib/Common.sol:7:5:
  |
7 |     function getRouterAndMainToken() internal returns (address, address[] memory){
  |     ^ (Relevant source part starts here and spans across multiple lines).

Warning (2018): Function state mutability can be restricted to pure
  --> lib/Common.sol:99:5:
   |
99 |     function tokenInArray(address token, address[] memory array) internal returns (bool){
   |     ^ (Relevant source part starts here and spans across multiple lines).


Ran 1 test for src/migration_result_test2/Sheep_exp.sol/0xf3################################4994e.sol:ContractTest
[FAIL: revert: Pancake: TRANSFER_FAILED] test() (gas: 176325)
Traces:
  [176325] ContractTest::test()
     [2534] 0xbb################################c095c::balanceOf(ContractTest: [0x7F################################e1496]) [staticcall]
         [Return] 380000000000000000000 [3.8e20]
     [534] 0xbb################################c095c::balanceOf(ContractTest: [0x7F################################e1496]) [staticcall]
         [Return] 380000000000000000000 [3.8e20]
     [159547] 0x10################################6024E::swapExactTokensForTokensSupportingFeeOnTransferTokens(380000000000000000000 [3.8e20], 0, [0xbb################################c095c, 0xF3################################4994e], ContractTest: [0x7F################################e1496], 1676025497 [1.676e9])
        [13025] 0xbb################################c095c::transferFrom(ContractTest: [0x7F################################e1496], 0x75################################F9e08, 380000000000000000000 [3.8e20])
           emit Transfer(from: ContractTest: [0x7F################################e1496], to: 0x75################################F9e08, value: 380000000000000000000 [3.8e20])
            [Return] true
        [12292] 0xF3################################4994e::balanceOf(ContractTest: [0x7F################################e1496]) [staticcall]
            [Return] 0
        [2893] 0x75################################F9e08::getReserves() [staticcall]
            [Return] 6148774061031883 [6.148e15], 994584321507761285951075 [9.945e23], 1658945985 [1.658e9]
        [534] 0xbb################################c095c::balanceOf(0x75################################F9e08) [staticcall]
            [Return] 380006148774061031883 [3.8e20]
        [119338] 0x75################################F9e08::swap(0, 994568188081889223163535 [9.945e23], ContractTest: [0x7F################################e1496], 0x)
           [107534] 0xF3################################4994e::transfer(ContractTest: [0x7F################################e1496], 994568188081889223163535 [9.945e23])
              [23103] 0xcd################################0DF60::ca9710c8(00000000000000000000000075cfe18925dd665bdf1188382abbeb9b98af9e08) [staticcall]
                  [Return] 0x00################################00000000000000000000000000000
              [5103] 0xcd################################0DF60::ca9710c8(0000000000000000000000007fa9385be102ac3eac297483dd6233d62b3e1496) [staticcall]
                  [Return] 0x00################################00000000000000000000000000000
              [2741] 0xcd################################0DF60::1c57a4a5(00000000000000000000000075cfe18925dd665bdf1188382abbeb9b98af9e0800000000000000000000000075cfe18925dd665bdf1188382abbeb9b98af9e080000000000000000000000007fa9385be102ac3eac297483dd6233d62b3e1496)
                  [Stop] 
              emit Transfer(from: 0x75################################F9e08, to: 0xb4################################d977C, value: 19891363761637784463270 [1.989e22])
               [Revert] revert: SafeMath: subtraction overflow
            [Revert] revert: Pancake: TRANSFER_FAILED
         [Revert] revert: Pancake: TRANSFER_FAILED
      [Revert] revert: Pancake: TRANSFER_FAILED

Suite result: FAILED. 0 passed; 1 failed; 0 skipped; finished in 528.25ms (2.17ms CPU time)

Ran 1 test suite in 1.31s (528.25ms CPU time): 0 tests passed, 1 failed, 0 skipped (1 total tests)

Failing tests:
Encountered 1 failing test in src/migration_result_test2/Sheep_exp.sol/0xf3################################4994e.sol:ContractTest
[FAIL: revert: Pancake: TRANSFER_FAILED] test() (gas: 176325)

Encountered a total of 1 failing tests, 0 tests succeeded
