Compiling 25 files with Solc 0.8.28
Solc 0.8.28 finished in 1.42s
Compiler run successful with warnings:
Warning (6321): Unnamed return variable can remain unassigned. Add an explicit return with value to all non-reverting code paths or name the variable.
   --> lib/Common.sol:118:93:
    |
118 |     function prepareInitialCapital(address from, address to, uint amount) internal returns (bool) {
    |                                                                                             ^^^^

Warning (2018): Function state mutability can be restricted to view
 --> lib/Common.sol:7:5:
  |
7 |     function getRouterAndMainToken() internal returns (address, address[] memory){
  |     ^ (Relevant source part starts here and spans across multiple lines).

Warning (2018): Function state mutability can be restricted to pure
  --> lib/Common.sol:99:5:
   |
99 |     function tokenInArray(address token, address[] memory array) internal returns (bool){
   |     ^ (Relevant source part starts here and spans across multiple lines).


Ran 1 test for src/migration_result_test2/Sheep_exp.sol/0x14################################053d4.sol:ContractTest
[FAIL: revert: Pancake: TRANSFER_FAILED] test() (gas: 151822)
Traces:
  [151822] ContractTest::test()
     [2534] 0xbb################################c095c::balanceOf(ContractTest: [0x7F################################e1496]) [staticcall]
         [Return] 380000000000000000000 [3.8e20]
     [534] 0xbb################################c095c::balanceOf(ContractTest: [0x7F################################e1496]) [staticcall]
         [Return] 380000000000000000000 [3.8e20]
     [135044] 0x10################################6024E::swapExactTokensForTokensSupportingFeeOnTransferTokens(380000000000000000000 [3.8e20], 0, [0xbb################################c095c, 0x14################################053D4], ContractTest: [0x7F################################e1496], 1676025497 [1.676e9])
        [13025] 0xbb################################c095c::transferFrom(ContractTest: [0x7F################################e1496], 0x5b################################8C8cc, 380000000000000000000 [3.8e20])
           emit Transfer(from: ContractTest: [0x7F################################e1496], to: 0x5b################################8C8cc, value: 380000000000000000000 [3.8e20])
            [Return] true
        [12292] 0x14################################053D4::balanceOf(ContractTest: [0x7F################################e1496]) [staticcall]
            [Return] 0
        [2893] 0x5b################################8C8cc::getReserves() [staticcall]
            [Return] 19864865480211127036497 [1.986e22], 8102098290249282 [8.102e15], 1662472635 [1.662e9]
        [534] 0xbb################################c095c::balanceOf(0x5b################################8C8cc) [staticcall]
            [Return] 380008102098290249282 [3.8e20]
        [94785] 0x5b################################8C8cc::swap(19864440882789907645786 [1.986e22], 0, ContractTest: [0x7F################################e1496], 0x)
           [83018] 0x14################################053D4::transfer(ContractTest: [0x7F################################e1496], 19864440882789907645786 [1.986e22])
              [7702] 0x47################################29fab::e568987f(0000000000000000000000005bf3508e64591d25373f684f378f16812118c8cc) [staticcall]
                  [Return] 0x00################################00000000000000000000000000000
              [1702] 0x47################################29fab::e568987f(0000000000000000000000007fa9385be102ac3eac297483dd6233d62b3e1496) [staticcall]
                  [Return] 0x00################################00000000000000000000000000000
              [3046] 0x47################################29fab::606b55a7(0000000000000000000000005bf3508e64591d25373f684f378f16812118c8cc0000000000000000000000005bf3508e64591d25373f684f378f16812118c8cc0000000000000000000000007fa9385be102ac3eac297483dd6233d62b3e1496)
                  [Stop] 
              emit Transfer(from: 0x5b################################8C8cc, to: 0xC4################################2Fe0B, value: 0)
               [Revert] revert: SafeMath: subtraction overflow
            [Revert] revert: Pancake: TRANSFER_FAILED
         [Revert] revert: Pancake: TRANSFER_FAILED
      [Revert] revert: Pancake: TRANSFER_FAILED

Suite result: FAILED. 0 passed; 1 failed; 0 skipped; finished in 2.43s (1.58s CPU time)

Ran 1 test suite in 3.23s (2.43s CPU time): 0 tests passed, 1 failed, 0 skipped (1 total tests)

Failing tests:
Encountered 1 failing test in src/migration_result_test2/Sheep_exp.sol/0x14################################053d4.sol:ContractTest
[FAIL: revert: Pancake: TRANSFER_FAILED] test() (gas: 151822)

Encountered a total of 1 failing tests, 0 tests succeeded
