Compiling 25 files with Solc 0.8.28
Solc 0.8.28 finished in 1.39s
Compiler run successful with warnings:
Warning (6321): Unnamed return variable can remain unassigned. Add an explicit return with value to all non-reverting code paths or name the variable.
   --> lib/Common.sol:118:93:
    |
118 |     function prepareInitialCapital(address from, address to, uint amount) internal returns (bool) {
    |                                                                                             ^^^^

Warning (2018): Function state mutability can be restricted to view
 --> lib/Common.sol:7:5:
  |
7 |     function getRouterAndMainToken() internal returns (address, address[] memory){
  |     ^ (Relevant source part starts here and spans across multiple lines).

Warning (2018): Function state mutability can be restricted to pure
  --> lib/Common.sol:99:5:
   |
99 |     function tokenInArray(address token, address[] memory array) internal returns (bool){
   |     ^ (Relevant source part starts here and spans across multiple lines).


Ran 1 test for src/migration_result_test2/Sheep_exp.sol/0xb1################################8bc3f.sol:ContractTest
[FAIL: revert: Pancake: TRANSFER_FAILED] test() (gas: 146710)
Traces:
  [146710] ContractTest::test()
     [2534] 0xbb################################c095c::balanceOf(ContractTest: [0x7F################################e1496]) [staticcall]
         [Return] 380000000000000000000 [3.8e20]
     [534] 0xbb################################c095c::balanceOf(ContractTest: [0x7F################################e1496]) [staticcall]
         [Return] 380000000000000000000 [3.8e20]
     [129932] 0x10################################6024E::swapExactTokensForTokensSupportingFeeOnTransferTokens(380000000000000000000 [3.8e20], 0, [0xbb################################c095c, 0xb1################################8Bc3F], ContractTest: [0x7F################################e1496], 1676025497 [1.676e9])
        [13025] 0xbb################################c095c::transferFrom(ContractTest: [0x7F################################e1496], 0x2f################################9bc42, 380000000000000000000 [3.8e20])
           emit Transfer(from: ContractTest: [0x7F################################e1496], to: 0x2f################################9bc42, value: 380000000000000000000 [3.8e20])
            [Return] true
        [12287] 0xb1################################8Bc3F::balanceOf(ContractTest: [0x7F################################e1496]) [staticcall]
            [Return] 0
        [2893] 0x2f################################9bc42::getReserves() [staticcall]
            [Return] 100079881609312821480424 [1e23], 3019141631230892 [3.019e15], 1659596819 [1.659e9]
        [534] 0xbb################################c095c::balanceOf(0x2f################################9bc42) [staticcall]
            [Return] 380003019141631230892 [3.8e20]
        [89678] 0x2f################################9bc42::swap(100079084477192097132737 [1e23], 0, ContractTest: [0x7F################################e1496], 0x)
           [77911] 0xb1################################8Bc3F::transfer(ContractTest: [0x7F################################e1496], 100079084477192097132737 [1e23])
              [3024] 0xf5################################BF78B::31942a2f(0000000000000000000000002f1910925f5d58be5929b950248e65a658c9bc420000000000000000000000002f1910925f5d58be5929b950248e65a658c9bc420000000000000000000000007fa9385be102ac3eac297483dd6233d62b3e1496)
                  [Stop] 
              emit Transfer(from: 0x2f################################9bc42, to: 0xc6################################f1FA0, value: 1000790844771920971327 [1e21])
               [Revert] revert: SafeMath: subtraction overflow
            [Revert] revert: Pancake: TRANSFER_FAILED
         [Revert] revert: Pancake: TRANSFER_FAILED
      [Revert] revert: Pancake: TRANSFER_FAILED

Suite result: FAILED. 0 passed; 1 failed; 0 skipped; finished in 550.53ms (1.85ms CPU time)

Ran 1 test suite in 1.35s (550.53ms CPU time): 0 tests passed, 1 failed, 0 skipped (1 total tests)

Failing tests:
Encountered 1 failing test in src/migration_result_test2/Sheep_exp.sol/0xb1################################8bc3f.sol:ContractTest
[FAIL: revert: Pancake: TRANSFER_FAILED] test() (gas: 146710)

Encountered a total of 1 failing tests, 0 tests succeeded
