Compiling 25 files with Solc 0.8.28
Solc 0.8.28 finished in 1.40s
Compiler run successful with warnings:
Warning (6321): Unnamed return variable can remain unassigned. Add an explicit return with value to all non-reverting code paths or name the variable.
   --> lib/Common.sol:118:93:
    |
118 |     function prepareInitialCapital(address from, address to, uint amount) internal returns (bool) {
    |                                                                                             ^^^^

Warning (2018): Function state mutability can be restricted to view
 --> lib/Common.sol:7:5:
  |
7 |     function getRouterAndMainToken() internal returns (address, address[] memory){
  |     ^ (Relevant source part starts here and spans across multiple lines).

Warning (2018): Function state mutability can be restricted to pure
  --> lib/Common.sol:99:5:
   |
99 |     function tokenInArray(address token, address[] memory array) internal returns (bool){
   |     ^ (Relevant source part starts here and spans across multiple lines).


Ran 1 test for src/migration_result_test2/Sheep_exp.sol/0x34################################1115e.sol:ContractTest
[FAIL: revert: Pancake: TRANSFER_FAILED] test() (gas: 146404)
Traces:
  [146404] ContractTest::test()
     [2534] 0xbb################################c095c::balanceOf(ContractTest: [0x7F################################e1496]) [staticcall]
         [Return] 380000000000000000000 [3.8e20]
     [534] 0xbb################################c095c::balanceOf(ContractTest: [0x7F################################e1496]) [staticcall]
         [Return] 380000000000000000000 [3.8e20]
     [129626] 0x10################################6024E::swapExactTokensForTokensSupportingFeeOnTransferTokens(380000000000000000000 [3.8e20], 0, [0xbb################################c095c, 0x34################################1115e], ContractTest: [0x7F################################e1496], 1676025497 [1.676e9])
        [13025] 0xbb################################c095c::transferFrom(ContractTest: [0x7F################################e1496], 0xaa################################E984B, 380000000000000000000 [3.8e20])
           emit Transfer(from: ContractTest: [0x7F################################e1496], to: 0xaa################################E984B, value: 380000000000000000000 [3.8e20])
            [Return] true
        [12287] 0x34################################1115e::balanceOf(ContractTest: [0x7F################################e1496]) [staticcall]
            [Return] 0
        [2893] 0xaa################################E984B::getReserves() [staticcall]
            [Return] 10006832684633765702209 [1e22], 5097990824781859 [5.097e15], 1656597132 [1.656e9]
        [534] 0xbb################################c095c::balanceOf(0xaa################################E984B) [staticcall]
            [Return] 380005097990824781859 [3.8e20]
        [89372] 0xaa################################E984B::swap(10006698100660401953931 [1e22], 0, ContractTest: [0x7F################################e1496], 0x)
           [77605] 0x34################################1115e::transfer(ContractTest: [0x7F################################e1496], 10006698100660401953931 [1e22])
              [2718] 0x03################################95132::94ed3f1c(000000000000000000000000aaa5724b3de9429867eb40a6f8e5f4cd360e984b000000000000000000000000aaa5724b3de9429867eb40a6f8e5f4cd360e984b0000000000000000000000007fa9385be102ac3eac297483dd6233d62b3e1496)
                  [Stop] 
              emit Transfer(from: 0xaa################################E984B, to: 0x5f################################a346f, value: 200133962013208039078 [2.001e20])
               [Revert] revert: SafeMath: subtraction overflow
            [Revert] revert: Pancake: TRANSFER_FAILED
         [Revert] revert: Pancake: TRANSFER_FAILED
      [Revert] revert: Pancake: TRANSFER_FAILED

Suite result: FAILED. 0 passed; 1 failed; 0 skipped; finished in 1.94s (1.08s CPU time)

Ran 1 test suite in 2.72s (1.94s CPU time): 0 tests passed, 1 failed, 0 skipped (1 total tests)

Failing tests:
Encountered 1 failing test in src/migration_result_test2/Sheep_exp.sol/0x34################################1115e.sol:ContractTest
[FAIL: revert: Pancake: TRANSFER_FAILED] test() (gas: 146404)

Encountered a total of 1 failing tests, 0 tests succeeded
