Compiling 25 files with Solc 0.8.28
Solc 0.8.28 finished in 1.39s
Compiler run successful with warnings:
Warning (6321): Unnamed return variable can remain unassigned. Add an explicit return with value to all non-reverting code paths or name the variable.
   --> lib/Common.sol:118:93:
    |
118 |     function prepareInitialCapital(address from, address to, uint amount) internal returns (bool) {
    |                                                                                             ^^^^

Warning (2018): Function state mutability can be restricted to view
 --> lib/Common.sol:7:5:
  |
7 |     function getRouterAndMainToken() internal returns (address, address[] memory){
  |     ^ (Relevant source part starts here and spans across multiple lines).

Warning (2018): Function state mutability can be restricted to pure
  --> lib/Common.sol:99:5:
   |
99 |     function tokenInArray(address token, address[] memory array) internal returns (bool){
   |     ^ (Relevant source part starts here and spans across multiple lines).


Ran 1 test for src/migration_result_test2/Sheep_exp.sol/0x82################################fa556.sol:ContractTest
[FAIL: revert: Pancake: TRANSFER_FAILED] test() (gas: 173491)
Traces:
  [173491] ContractTest::test()
     [2534] 0xbb################################c095c::balanceOf(ContractTest: [0x7F################################e1496]) [staticcall]
         [Return] 380000000000000000000 [3.8e20]
     [534] 0xbb################################c095c::balanceOf(ContractTest: [0x7F################################e1496]) [staticcall]
         [Return] 380000000000000000000 [3.8e20]
     [156713] 0x10################################6024E::swapExactTokensForTokensSupportingFeeOnTransferTokens(380000000000000000000 [3.8e20], 0, [0xbb################################c095c, 0x82################################Fa556], ContractTest: [0x7F################################e1496], 1676025497 [1.676e9])
        [13025] 0xbb################################c095c::transferFrom(ContractTest: [0x7F################################e1496], 0x39################################179FB, 380000000000000000000 [3.8e20])
           emit Transfer(from: ContractTest: [0x7F################################e1496], to: 0x39################################179FB, value: 380000000000000000000 [3.8e20])
            [Return] true
        [12292] 0x82################################Fa556::balanceOf(ContractTest: [0x7F################################e1496]) [staticcall]
            [Return] 0
        [2893] 0x39################################179FB::getReserves() [staticcall]
            [Return] 382170532726566665060006 [3.821e23], 10501499004414858 [1.05e16], 1658659809 [1.658e9]
        [534] 0xbb################################c095c::balanceOf(0x39################################179FB) [staticcall]
            [Return] 380010501499004414858 [3.8e20]
        [116454] 0x39################################179FB::swap(382159945067200749097757 [3.821e23], 0, ContractTest: [0x7F################################e1496], 0x)
           [104687] 0x82################################Fa556::transfer(ContractTest: [0x7F################################e1496], 382159945067200749097757 [3.821e23])
              [20527] 0xc1################################1ef26::e568987f(00000000000000000000000039535da033f50ca8a93a6393b29232bd78c179fb) [staticcall]
                  [Return] 0x00################################00000000000000000000000000000
              [4527] 0xc1################################1ef26::e568987f(0000000000000000000000007fa9385be102ac3eac297483dd6233d62b3e1496) [staticcall]
                  [Return] 0x00################################00000000000000000000000000000
              [3046] 0xc1################################1ef26::606b55a7(00000000000000000000000039535da033f50ca8a93a6393b29232bd78c179fb00000000000000000000000039535da033f50ca8a93a6393b29232bd78c179fb0000000000000000000000007fa9385be102ac3eac297483dd6233d62b3e1496)
                  [Stop] 
              emit Transfer(from: 0x39################################179FB, to: 0x07################################58624, value: 7643198901344014981955 [7.643e21])
               [Revert] revert: SafeMath: subtraction overflow
            [Revert] revert: Pancake: TRANSFER_FAILED
         [Revert] revert: Pancake: TRANSFER_FAILED
      [Revert] revert: Pancake: TRANSFER_FAILED

Suite result: FAILED. 0 passed; 1 failed; 0 skipped; finished in 2.48s (1.61s CPU time)

Ran 1 test suite in 3.25s (2.48s CPU time): 0 tests passed, 1 failed, 0 skipped (1 total tests)

Failing tests:
Encountered 1 failing test in src/migration_result_test2/Sheep_exp.sol/0x82################################fa556.sol:ContractTest
[FAIL: revert: Pancake: TRANSFER_FAILED] test() (gas: 173491)

Encountered a total of 1 failing tests, 0 tests succeeded
