Compiling 25 files with Solc 0.8.28
Solc 0.8.28 finished in 1.41s
Compiler run successful with warnings:
Warning (6321): Unnamed return variable can remain unassigned. Add an explicit return with value to all non-reverting code paths or name the variable.
   --> lib/Common.sol:118:93:
    |
118 |     function prepareInitialCapital(address from, address to, uint amount) internal returns (bool) {
    |                                                                                             ^^^^

Warning (2018): Function state mutability can be restricted to view
 --> lib/Common.sol:7:5:
  |
7 |     function getRouterAndMainToken() internal returns (address, address[] memory){
  |     ^ (Relevant source part starts here and spans across multiple lines).

Warning (2018): Function state mutability can be restricted to pure
  --> lib/Common.sol:99:5:
   |
99 |     function tokenInArray(address token, address[] memory array) internal returns (bool){
   |     ^ (Relevant source part starts here and spans across multiple lines).


Ran 1 test for src/migration_result_test2/Sheep_exp.sol/0x81################################b56c7.sol:ContractTest
[FAIL: revert: Pancake: TRANSFER_FAILED] test() (gas: 152251)
Traces:
  [152251] ContractTest::test()
     [2534] 0xbb################################c095c::balanceOf(ContractTest: [0x7F################################e1496]) [staticcall]
         [Return] 380000000000000000000 [3.8e20]
     [534] 0xbb################################c095c::balanceOf(ContractTest: [0x7F################################e1496]) [staticcall]
         [Return] 380000000000000000000 [3.8e20]
     [135473] 0x10################################6024E::swapExactTokensForTokensSupportingFeeOnTransferTokens(380000000000000000000 [3.8e20], 0, [0xbb################################c095c, 0x81################################b56c7], ContractTest: [0x7F################################e1496], 1676025497 [1.676e9])
        [13025] 0xbb################################c095c::transferFrom(ContractTest: [0x7F################################e1496], 0xb4################################c5765, 380000000000000000000 [3.8e20])
           emit Transfer(from: ContractTest: [0x7F################################e1496], to: 0xb4################################c5765, value: 380000000000000000000 [3.8e20])
            [Return] true
        [12292] 0x81################################b56c7::balanceOf(ContractTest: [0x7F################################e1496]) [staticcall]
            [Return] 0
        [2893] 0xb4################################c5765::getReserves() [staticcall]
            [Return] 100935316064418295044 [1.009e20], 29812811452141835 [2.981e16], 1659356583 [1.659e9]
        [534] 0xbb################################c095c::balanceOf(0xb4################################c5765) [staticcall]
            [Return] 380029812811452141835 [3.8e20]
        [95214] 0xb4################################c5765::swap(100927377985298825938 [1.009e20], 0, ContractTest: [0x7F################################e1496], 0x)
           [83447] 0x81################################b56c7::transfer(ContractTest: [0x7F################################e1496], 100927377985298825938 [1.009e20])
              [2872] 0x1d################################98e00::e568987f(000000000000000000000000b43804e93420324d681d8620f956af3b310c5765) [staticcall]
                  [Return] 0x00################################00000000000000000000000000000
              [872] 0x1d################################98e00::e568987f(0000000000000000000000007fa9385be102ac3eac297483dd6233d62b3e1496) [staticcall]
                  [Return] 0x00################################00000000000000000000000000000
              [3116] 0x1d################################98e00::606b55a7(000000000000000000000000b43804e93420324d681d8620f956af3b310c5765000000000000000000000000b43804e93420324d681d8620f956af3b310c57650000000000000000000000007fa9385be102ac3eac297483dd6233d62b3e1496)
                  [Stop] 
              emit Transfer(from: 0xb4################################c5765, to: 0xfd################################ce1D1, value: 1009273779852988259 [1.009e18])
               [Revert] revert: SafeMath: subtraction overflow
            [Revert] revert: Pancake: TRANSFER_FAILED
         [Revert] revert: Pancake: TRANSFER_FAILED
      [Revert] revert: Pancake: TRANSFER_FAILED

Suite result: FAILED. 0 passed; 1 failed; 0 skipped; finished in 550.31ms (1.94ms CPU time)

Ran 1 test suite in 1.33s (550.31ms CPU time): 0 tests passed, 1 failed, 0 skipped (1 total tests)

Failing tests:
Encountered 1 failing test in src/migration_result_test2/Sheep_exp.sol/0x81################################b56c7.sol:ContractTest
[FAIL: revert: Pancake: TRANSFER_FAILED] test() (gas: 152251)

Encountered a total of 1 failing tests, 0 tests succeeded
