Compiling 25 files with Solc 0.8.28
Solc 0.8.28 finished in 1.40s
Compiler run successful with warnings:
Warning (6321): Unnamed return variable can remain unassigned. Add an explicit return with value to all non-reverting code paths or name the variable.
   --> lib/Common.sol:118:93:
    |
118 |     function prepareInitialCapital(address from, address to, uint amount) internal returns (bool) {
    |                                                                                             ^^^^

Warning (2018): Function state mutability can be restricted to view
 --> lib/Common.sol:7:5:
  |
7 |     function getRouterAndMainToken() internal returns (address, address[] memory){
  |     ^ (Relevant source part starts here and spans across multiple lines).

Warning (2018): Function state mutability can be restricted to pure
  --> lib/Common.sol:99:5:
   |
99 |     function tokenInArray(address token, address[] memory array) internal returns (bool){
   |     ^ (Relevant source part starts here and spans across multiple lines).


Ran 1 test for src/migration_result_test2/Sheep_exp.sol/0xa3################################020e2.sol:ContractTest
[FAIL: revert: Pancake: TRANSFER_FAILED] test() (gas: 73430)
Traces:
  [73430] ContractTest::test()
     [2534] 0xbb################################c095c::balanceOf(ContractTest: [0x7F################################e1496]) [staticcall]
         [Return] 380000000000000000000 [3.8e20]
     [534] 0xbb################################c095c::balanceOf(ContractTest: [0x7F################################e1496]) [staticcall]
         [Return] 380000000000000000000 [3.8e20]
     [56652] 0x10################################6024E::swapExactTokensForTokensSupportingFeeOnTransferTokens(380000000000000000000 [3.8e20], 0, [0xbb################################c095c, 0xA3################################020E2], ContractTest: [0x7F################################e1496], 1676025497 [1.676e9])
        [13025] 0xbb################################c095c::transferFrom(ContractTest: [0x7F################################e1496], 0xDd################################5907D, 380000000000000000000 [3.8e20])
           emit Transfer(from: ContractTest: [0x7F################################e1496], to: 0xDd################################5907D, value: 380000000000000000000 [3.8e20])
            [Return] true
        [12223] 0xA3################################020E2::balanceOf(ContractTest: [0x7F################################e1496]) [staticcall]
            [Return] 0
        [2893] 0xDd################################5907D::getReserves() [staticcall]
            [Return] 200000000000000000000000000000 [2e29], 2000000000000000000 [2e18], 1638268782 [1.638e9]
        [534] 0xbb################################c095c::balanceOf(0xDd################################5907D) [staticcall]
            [Return] 382000000000000000000 [3.82e20]
        [16462] 0xDd################################5907D::swap(198950268993570397585618685211 [1.989e29], 0, ContractTest: [0x7F################################e1496], 0x)
           [4789] 0xA3################################020E2::transfer(ContractTest: [0x7F################################e1496], 198950268993570397585618685211 [1.989e29])
               [Revert] EvmError: Revert
            [Revert] revert: Pancake: TRANSFER_FAILED
         [Revert] revert: Pancake: TRANSFER_FAILED
      [Revert] revert: Pancake: TRANSFER_FAILED

Suite result: FAILED. 0 passed; 1 failed; 0 skipped; finished in 1.47s (602.78ms CPU time)

Ran 1 test suite in 1.52s (1.47s CPU time): 0 tests passed, 1 failed, 0 skipped (1 total tests)

Failing tests:
Encountered 1 failing test in src/migration_result_test2/Sheep_exp.sol/0xa3################################020e2.sol:ContractTest
[FAIL: revert: Pancake: TRANSFER_FAILED] test() (gas: 73430)

Encountered a total of 1 failing tests, 0 tests succeeded
