Compiling 25 files with Solc 0.8.28
Solc 0.8.28 finished in 1.41s
Compiler run successful with warnings:
Warning (6321): Unnamed return variable can remain unassigned. Add an explicit return with value to all non-reverting code paths or name the variable.
   --> lib/Common.sol:118:93:
    |
118 |     function prepareInitialCapital(address from, address to, uint amount) internal returns (bool) {
    |                                                                                             ^^^^

Warning (2018): Function state mutability can be restricted to view
 --> lib/Common.sol:7:5:
  |
7 |     function getRouterAndMainToken() internal returns (address, address[] memory){
  |     ^ (Relevant source part starts here and spans across multiple lines).

Warning (2018): Function state mutability can be restricted to pure
  --> lib/Common.sol:99:5:
   |
99 |     function tokenInArray(address token, address[] memory array) internal returns (bool){
   |     ^ (Relevant source part starts here and spans across multiple lines).


Ran 1 test for src/migration_result_test2/Sheep_exp.sol/0xd2################################65e9e.sol:ContractTest
[FAIL: revert: Pancake: TRANSFER_FAILED] test() (gas: 170510)
Traces:
  [170510] ContractTest::test()
     [2534] 0xbb################################c095c::balanceOf(ContractTest: [0x7F################################e1496]) [staticcall]
         [Return] 380000000000000000000 [3.8e20]
     [534] 0xbb################################c095c::balanceOf(ContractTest: [0x7F################################e1496]) [staticcall]
         [Return] 380000000000000000000 [3.8e20]
     [153732] 0x10################################6024E::swapExactTokensForTokensSupportingFeeOnTransferTokens(380000000000000000000 [3.8e20], 0, [0xbb################################c095c, 0xD2################################65E9e], ContractTest: [0x7F################################e1496], 1676025497 [1.676e9])
        [13025] 0xbb################################c095c::transferFrom(ContractTest: [0x7F################################e1496], 0xBa################################65B12, 380000000000000000000 [3.8e20])
           emit Transfer(from: ContractTest: [0x7F################################e1496], to: 0xBa################################65B12, value: 380000000000000000000 [3.8e20])
            [Return] true
        [12292] 0xD2################################65E9e::balanceOf(ContractTest: [0x7F################################e1496]) [staticcall]
            [Return] 0
        [2893] 0xBa################################65B12::getReserves() [staticcall]
            [Return] 731749503217783 [7.317e14], 54957923491830202823907920847 [5.495e28], 1674069525 [1.674e9]
        [534] 0xbb################################c095c::balanceOf(0xBa################################65B12) [staticcall]
            [Return] 380000731749503217783 [3.8e20]
        [113523] 0xBa################################65B12::swap(0, 54957817396709300632474285711 [5.495e28], ContractTest: [0x7F################################e1496], 0x)
           [101719] 0xD2################################65E9e::transfer(ContractTest: [0x7F################################e1496], 54957817396709300632474285711 [5.495e28])
              [23092] 0xC4################################96f94::e568987f(000000000000000000000000baf0a9e39c1509b192f36231bd5dfc666a365b12) [staticcall]
                  [Return] 0x00################################00000000000000000000000000000
              [5092] 0xC4################################96f94::e568987f(0000000000000000000000007fa9385be102ac3eac297483dd6233d62b3e1496) [staticcall]
                  [Return] 0x00################################00000000000000000000000000000
              [3046] 0xC4################################96f94::606b55a7(000000000000000000000000baf0a9e39c1509b192f36231bd5dfc666a365b12000000000000000000000000baf0a9e39c1509b192f36231bd5dfc666a365b120000000000000000000000007fa9385be102ac3eac297483dd6233d62b3e1496)
                  [Stop] 
              emit Transfer(from: 0xBa################################65B12, to: 0x28################################b7F87, value: 0)
               [Revert] revert: SafeMath: subtraction overflow
            [Revert] revert: Pancake: TRANSFER_FAILED
         [Revert] revert: Pancake: TRANSFER_FAILED
      [Revert] revert: Pancake: TRANSFER_FAILED

Suite result: FAILED. 0 passed; 1 failed; 0 skipped; finished in 685.72ms (2.14ms CPU time)

Ran 1 test suite in 1.47s (685.72ms CPU time): 0 tests passed, 1 failed, 0 skipped (1 total tests)

Failing tests:
Encountered 1 failing test in src/migration_result_test2/Sheep_exp.sol/0xd2################################65e9e.sol:ContractTest
[FAIL: revert: Pancake: TRANSFER_FAILED] test() (gas: 170510)

Encountered a total of 1 failing tests, 0 tests succeeded
