Compiling 25 files with Solc 0.8.28
Solc 0.8.28 finished in 1.40s
Compiler run successful with warnings:
Warning (6321): Unnamed return variable can remain unassigned. Add an explicit return with value to all non-reverting code paths or name the variable.
   --> lib/Common.sol:118:93:
    |
118 |     function prepareInitialCapital(address from, address to, uint amount) internal returns (bool) {
    |                                                                                             ^^^^

Warning (2018): Function state mutability can be restricted to view
 --> lib/Common.sol:7:5:
  |
7 |     function getRouterAndMainToken() internal returns (address, address[] memory){
  |     ^ (Relevant source part starts here and spans across multiple lines).

Warning (2018): Function state mutability can be restricted to pure
  --> lib/Common.sol:99:5:
   |
99 |     function tokenInArray(address token, address[] memory array) internal returns (bool){
   |     ^ (Relevant source part starts here and spans across multiple lines).


Ran 1 test for src/migration_result_test2/Sheep_exp.sol/0xee################################142d8.sol:ContractTest
[FAIL: revert: Pancake: TRANSFER_FAILED] test() (gas: 204940)
Traces:
  [204940] ContractTest::test()
     [2534] 0xbb################################c095c::balanceOf(ContractTest: [0x7F################################e1496]) [staticcall]
         [Return] 380000000000000000000 [3.8e20]
     [534] 0xbb################################c095c::balanceOf(ContractTest: [0x7F################################e1496]) [staticcall]
         [Return] 380000000000000000000 [3.8e20]
     [188162] 0x10################################6024E::swapExactTokensForTokensSupportingFeeOnTransferTokens(380000000000000000000 [3.8e20], 0, [0xbb################################c095c, 0xEe################################142d8], ContractTest: [0x7F################################e1496], 1676025497 [1.676e9])
        [13025] 0xbb################################c095c::transferFrom(ContractTest: [0x7F################################e1496], 0x0d################################980Bb, 380000000000000000000 [3.8e20])
           emit Transfer(from: ContractTest: [0x7F################################e1496], to: 0x0d################################980Bb, value: 380000000000000000000 [3.8e20])
            [Return] true
        [12292] 0xEe################################142d8::balanceOf(ContractTest: [0x7F################################e1496]) [staticcall]
            [Return] 0
        [2893] 0x0d################################980Bb::getReserves() [staticcall]
            [Return] 7575410245557010 [7.575e15], 399476589469225958919 [3.994e20], 1658826836 [1.658e9]
        [534] 0xbb################################c095c::balanceOf(0x0d################################980Bb) [staticcall]
            [Return] 380007575410245557010 [3.8e20]
        [147953] 0x0d################################980Bb::swap(0, 399468605987968658736 [3.994e20], ContractTest: [0x7F################################e1496], 0x)
           [136149] 0xEe################################142d8::transfer(ContractTest: [0x7F################################e1496], 399468605987968658736 [3.994e20])
              [51307] 0xF7################################B94Df::e568987f(0000000000000000000000000d030ce126a5a9f57508032dfecb27706ab980bb) [staticcall]
                  [Return] 0x00################################00000000000000000000000000000
              [11307] 0xF7################################B94Df::e568987f(0000000000000000000000007fa9385be102ac3eac297483dd6233d62b3e1496) [staticcall]
                  [Return] 0x00################################00000000000000000000000000000
              [3046] 0xF7################################B94Df::606b55a7(0000000000000000000000000d030ce126a5a9f57508032dfecb27706ab980bb0000000000000000000000000d030ce126a5a9f57508032dfecb27706ab980bb0000000000000000000000007fa9385be102ac3eac297483dd6233d62b3e1496)
                  [Stop] 
              emit Transfer(from: 0x0d################################980Bb, to: 0x73################################490fd, value: 0)
               [Revert] revert: SafeMath: subtraction overflow
            [Revert] revert: Pancake: TRANSFER_FAILED
         [Revert] revert: Pancake: TRANSFER_FAILED
      [Revert] revert: Pancake: TRANSFER_FAILED

Suite result: FAILED. 0 passed; 1 failed; 0 skipped; finished in 517.89ms (2.48ms CPU time)

Ran 1 test suite in 1.28s (517.89ms CPU time): 0 tests passed, 1 failed, 0 skipped (1 total tests)

Failing tests:
Encountered 1 failing test in src/migration_result_test2/Sheep_exp.sol/0xee################################142d8.sol:ContractTest
[FAIL: revert: Pancake: TRANSFER_FAILED] test() (gas: 204940)

Encountered a total of 1 failing tests, 0 tests succeeded
