Compiling 25 files with Solc 0.8.28
Solc 0.8.28 finished in 1.40s
Compiler run successful with warnings:
Warning (6321): Unnamed return variable can remain unassigned. Add an explicit return with value to all non-reverting code paths or name the variable.
   --> lib/Common.sol:118:93:
    |
118 |     function prepareInitialCapital(address from, address to, uint amount) internal returns (bool) {
    |                                                                                             ^^^^

Warning (2018): Function state mutability can be restricted to view
 --> lib/Common.sol:7:5:
  |
7 |     function getRouterAndMainToken() internal returns (address, address[] memory){
  |     ^ (Relevant source part starts here and spans across multiple lines).

Warning (2018): Function state mutability can be restricted to pure
  --> lib/Common.sol:99:5:
   |
99 |     function tokenInArray(address token, address[] memory array) internal returns (bool){
   |     ^ (Relevant source part starts here and spans across multiple lines).


Ran 1 test for src/migration_result_test2/Sheep_exp.sol/0x92################################6311d.sol:ContractTest
[FAIL: revert: Pancake: TRANSFER_FAILED] test() (gas: 217020)
Traces:
  [217020] ContractTest::test()
     [2534] 0xbb################################c095c::balanceOf(ContractTest: [0x7F################################e1496]) [staticcall]
         [Return] 380000000000000000000 [3.8e20]
     [534] 0xbb################################c095c::balanceOf(ContractTest: [0x7F################################e1496]) [staticcall]
         [Return] 380000000000000000000 [3.8e20]
     [200242] 0x10################################6024E::swapExactTokensForTokensSupportingFeeOnTransferTokens(380000000000000000000 [3.8e20], 0, [0xbb################################c095c, 0x92################################6311d], ContractTest: [0x7F################################e1496], 1676025497 [1.676e9])
        [13025] 0xbb################################c095c::transferFrom(ContractTest: [0x7F################################e1496], 0x50################################DD7c0, 380000000000000000000 [3.8e20])
           emit Transfer(from: ContractTest: [0x7F################################e1496], to: 0x50################################DD7c0, value: 380000000000000000000 [3.8e20])
            [Return] true
        [12287] 0x92################################6311d::balanceOf(ContractTest: [0x7F################################e1496]) [staticcall]
            [Return] 0
        [2893] 0x50################################DD7c0::getReserves() [staticcall]
            [Return] 993274885739788711308243 [9.932e23], 5143605169501930 [5.143e15], 1658301248 [1.658e9]
        [534] 0xbb################################c095c::balanceOf(0x50################################DD7c0) [staticcall]
            [Return] 380005143605169501930 [3.8e20]
        [159988] 0x50################################DD7c0::swap(993261407453256477215536 [9.932e23], 0, ContractTest: [0x7F################################e1496], 0x)
           [148221] 0x92################################6311d::transfer(ContractTest: [0x7F################################e1496], 993261407453256477215536 [9.932e23])
              [56448] 0x71################################01339::ca9710c8(000000000000000000000000507cff1a9e36086aa3c45e58e2798d8e171dd7c0) [staticcall]
                  [Return] 0x00################################00000000000000000000000000000
              [12448] 0x71################################01339::ca9710c8(0000000000000000000000007fa9385be102ac3eac297483dd6233d62b3e1496) [staticcall]
                  [Return] 0x00################################00000000000000000000000000000
              [2741] 0x71################################01339::1c57a4a5(000000000000000000000000507cff1a9e36086aa3c45e58e2798d8e171dd7c0000000000000000000000000507cff1a9e36086aa3c45e58e2798d8e171dd7c00000000000000000000000007fa9385be102ac3eac297483dd6233d62b3e1496)
                  [Stop] 
              emit Transfer(from: 0x50################################DD7c0, to: 0xb0################################0dE45, value: 19865228149065129544310 [1.986e22])
               [Revert] revert: SafeMath: subtraction overflow
            [Revert] revert: Pancake: TRANSFER_FAILED
         [Revert] revert: Pancake: TRANSFER_FAILED
      [Revert] revert: Pancake: TRANSFER_FAILED

Suite result: FAILED. 0 passed; 1 failed; 0 skipped; finished in 515.16ms (2.50ms CPU time)

Ran 1 test suite in 1.29s (515.16ms CPU time): 0 tests passed, 1 failed, 0 skipped (1 total tests)

Failing tests:
Encountered 1 failing test in src/migration_result_test2/Sheep_exp.sol/0x92################################6311d.sol:ContractTest
[FAIL: revert: Pancake: TRANSFER_FAILED] test() (gas: 217020)

Encountered a total of 1 failing tests, 0 tests succeeded
