Compiling 25 files with Solc 0.8.28
Solc 0.8.28 finished in 1.40s
Compiler run successful with warnings:
Warning (6321): Unnamed return variable can remain unassigned. Add an explicit return with value to all non-reverting code paths or name the variable.
   --> lib/Common.sol:118:93:
    |
118 |     function prepareInitialCapital(address from, address to, uint amount) internal returns (bool) {
    |                                                                                             ^^^^

Warning (2018): Function state mutability can be restricted to view
 --> lib/Common.sol:7:5:
  |
7 |     function getRouterAndMainToken() internal returns (address, address[] memory){
  |     ^ (Relevant source part starts here and spans across multiple lines).

Warning (2018): Function state mutability can be restricted to pure
  --> lib/Common.sol:99:5:
   |
99 |     function tokenInArray(address token, address[] memory array) internal returns (bool){
   |     ^ (Relevant source part starts here and spans across multiple lines).


Ran 1 test for src/migration_result_test2/Sheep_exp.sol/0xc3################################37389.sol:ContractTest
[FAIL: revert: Pancake: TRANSFER_FAILED] test() (gas: 188837)
Traces:
  [188837] ContractTest::test()
     [2534] 0xbb################################c095c::balanceOf(ContractTest: [0x7F################################e1496]) [staticcall]
         [Return] 380000000000000000000 [3.8e20]
     [534] 0xbb################################c095c::balanceOf(ContractTest: [0x7F################################e1496]) [staticcall]
         [Return] 380000000000000000000 [3.8e20]
     [172059] 0x10################################6024E::swapExactTokensForTokensSupportingFeeOnTransferTokens(380000000000000000000 [3.8e20], 0, [0xbb################################c095c, 0xc3################################37389], ContractTest: [0x7F################################e1496], 1676025497 [1.676e9])
        [13025] 0xbb################################c095c::transferFrom(ContractTest: [0x7F################################e1496], 0x0b################################3d9Cc, 380000000000000000000 [3.8e20])
           emit Transfer(from: ContractTest: [0x7F################################e1496], to: 0x0b################################3d9Cc, value: 380000000000000000000 [3.8e20])
            [Return] true
        [12287] 0xc3################################37389::balanceOf(ContractTest: [0x7F################################e1496]) [staticcall]
            [Return] 0
        [2893] 0x0b################################3d9Cc::getReserves() [staticcall]
            [Return] 5118441521962317 [5.118e15], 9949997010702617258515297 [9.949e24], 1658479166 [1.658e9]
        [534] 0xbb################################c095c::balanceOf(0x0b################################3d9Cc) [staticcall]
            [Return] 380005118441521962317 [3.8e20]
        [131855] 0x0b################################3d9Cc::swap(0, 9949862654311250291373419 [9.949e24], ContractTest: [0x7F################################e1496], 0x)
           [120051] 0xc3################################37389::transfer(ContractTest: [0x7F################################e1496], 9949862654311250291373419 [9.949e24])
              [33363] 0xBA################################64B99::ca9710c8(0000000000000000000000000b1aeebd19dd171317d13825388b0198db73d9cc) [staticcall]
                  [Return] 0x00################################00000000000000000000000000000
              [7363] 0xBA################################64B99::ca9710c8(0000000000000000000000007fa9385be102ac3eac297483dd6233d62b3e1496) [staticcall]
                  [Return] 0x00################################00000000000000000000000000000
              [2741] 0xBA################################64B99::1c57a4a5(0000000000000000000000000b1aeebd19dd171317d13825388b0198db73d9cc0000000000000000000000000b1aeebd19dd171317d13825388b0198db73d9cc0000000000000000000000007fa9385be102ac3eac297483dd6233d62b3e1496)
                  [Stop] 
              emit Transfer(from: 0x0b################################3d9Cc, to: 0xb8################################3F9Bc, value: 198997253086225005827468 [1.989e23])
               [Revert] revert: SafeMath: subtraction overflow
            [Revert] revert: Pancake: TRANSFER_FAILED
         [Revert] revert: Pancake: TRANSFER_FAILED
      [Revert] revert: Pancake: TRANSFER_FAILED

Suite result: FAILED. 0 passed; 1 failed; 0 skipped; finished in 512.08ms (2.25ms CPU time)

Ran 1 test suite in 1.29s (512.08ms CPU time): 0 tests passed, 1 failed, 0 skipped (1 total tests)

Failing tests:
Encountered 1 failing test in src/migration_result_test2/Sheep_exp.sol/0xc3################################37389.sol:ContractTest
[FAIL: revert: Pancake: TRANSFER_FAILED] test() (gas: 188837)

Encountered a total of 1 failing tests, 0 tests succeeded
