Compiling 25 files with Solc 0.8.28
Solc 0.8.28 finished in 1.40s
Compiler run successful with warnings:
Warning (6321): Unnamed return variable can remain unassigned. Add an explicit return with value to all non-reverting code paths or name the variable.
   --> lib/Common.sol:118:93:
    |
118 |     function prepareInitialCapital(address from, address to, uint amount) internal returns (bool) {
    |                                                                                             ^^^^

Warning (2018): Function state mutability can be restricted to view
 --> lib/Common.sol:7:5:
  |
7 |     function getRouterAndMainToken() internal returns (address, address[] memory){
  |     ^ (Relevant source part starts here and spans across multiple lines).

Warning (2018): Function state mutability can be restricted to pure
  --> lib/Common.sol:99:5:
   |
99 |     function tokenInArray(address token, address[] memory array) internal returns (bool){
   |     ^ (Relevant source part starts here and spans across multiple lines).


Ran 1 test for src/migration_result_test2/Sheep_exp.sol/0x65################################6223A.sol:ContractTest
[FAIL: revert: Pancake: TRANSFER_FAILED] test() (gas: 193540)
Traces:
  [193540] ContractTest::test()
     [2534] 0xbb################################c095c::balanceOf(ContractTest: [0x7F################################e1496]) [staticcall]
         [Return] 380000000000000000000 [3.8e20]
     [534] 0xbb################################c095c::balanceOf(ContractTest: [0x7F################################e1496]) [staticcall]
         [Return] 380000000000000000000 [3.8e20]
     [176762] 0x10################################6024E::swapExactTokensForTokensSupportingFeeOnTransferTokens(380000000000000000000 [3.8e20], 0, [0xbb################################c095c, 0x65################################6223A], ContractTest: [0x7F################################e1496], 1676025497 [1.676e9])
        [13025] 0xbb################################c095c::transferFrom(ContractTest: [0x7F################################e1496], 0x27################################71E4b, 380000000000000000000 [3.8e20])
           emit Transfer(from: ContractTest: [0x7F################################e1496], to: 0x27################################71E4b, value: 380000000000000000000 [3.8e20])
            [Return] true
        [12320] 0x65################################6223A::balanceOf(ContractTest: [0x7F################################e1496]) [staticcall]
            [Return] 0
        [2893] 0x27################################71E4b::getReserves() [staticcall]
            [Return] 9955614542578787 [9.955e15], 2036229813244524 [2.036e15], 1649119697 [1.649e9]
        [534] 0xbb################################c095c::balanceOf(0x27################################71E4b) [staticcall]
            [Return] 380002036229813244524 [3.8e20]
        [136475] 0x27################################71E4b::swap(9955561062008302 [9.955e15], 0, ContractTest: [0x7F################################e1496], 0x)
           [124708] 0x65################################6223A::transfer(ContractTest: [0x7F################################e1496], 9955561062008302 [9.955e15])
              [49458] 0x6D################################0e82F::_beforeTokenTransfer(0x27################################71E4b, 0x27################################71E4b, ContractTest: [0x7F################################e1496])
                  [Stop] 
              emit Transfer(from: 0x27################################71E4b, to: 0xF3################################24741, value: 99555610620083 [9.955e13])
               [Revert] revert: SafeMath: subtraction overflow
            [Revert] revert: Pancake: TRANSFER_FAILED
         [Revert] revert: Pancake: TRANSFER_FAILED
      [Revert] revert: Pancake: TRANSFER_FAILED

Suite result: FAILED. 0 passed; 1 failed; 0 skipped; finished in 520.49ms (1.84ms CPU time)

Ran 1 test suite in 1.31s (520.49ms CPU time): 0 tests passed, 1 failed, 0 skipped (1 total tests)

Failing tests:
Encountered 1 failing test in src/migration_result_test2/Sheep_exp.sol/0x65################################6223A.sol:ContractTest
[FAIL: revert: Pancake: TRANSFER_FAILED] test() (gas: 193540)

Encountered a total of 1 failing tests, 0 tests succeeded
