Compiling 25 files with Solc 0.8.28
Solc 0.8.28 finished in 1.40s
Compiler run successful with warnings:
Warning (6321): Unnamed return variable can remain unassigned. Add an explicit return with value to all non-reverting code paths or name the variable.
   --> lib/Common.sol:118:93:
    |
118 |     function prepareInitialCapital(address from, address to, uint amount) internal returns (bool) {
    |                                                                                             ^^^^

Warning (2018): Function state mutability can be restricted to view
 --> lib/Common.sol:7:5:
  |
7 |     function getRouterAndMainToken() internal returns (address, address[] memory){
  |     ^ (Relevant source part starts here and spans across multiple lines).

Warning (2018): Function state mutability can be restricted to pure
  --> lib/Common.sol:99:5:
   |
99 |     function tokenInArray(address token, address[] memory array) internal returns (bool){
   |     ^ (Relevant source part starts here and spans across multiple lines).


Ran 1 test for src/migration_result_test2/Sheep_exp.sol/0xFD################################BC752.sol:ContractTest
[FAIL: revert: Pancake: TRANSFER_FAILED] test() (gas: 143049)
Traces:
  [143049] ContractTest::test()
     [2534] 0xbb################################c095c::balanceOf(ContractTest: [0x7F################################e1496]) [staticcall]
         [Return] 380000000000000000000 [3.8e20]
     [534] 0xbb################################c095c::balanceOf(ContractTest: [0x7F################################e1496]) [staticcall]
         [Return] 380000000000000000000 [3.8e20]
     [126271] 0x10################################6024E::swapExactTokensForTokensSupportingFeeOnTransferTokens(380000000000000000000 [3.8e20], 0, [0xbb################################c095c, 0xFD################################BC752], ContractTest: [0x7F################################e1496], 1676025497 [1.676e9])
        [13025] 0xbb################################c095c::transferFrom(ContractTest: [0x7F################################e1496], 0x2b################################2cB02, 380000000000000000000 [3.8e20])
           emit Transfer(from: ContractTest: [0x7F################################e1496], to: 0x2b################################2cB02, value: 380000000000000000000 [3.8e20])
            [Return] true
        [12315] 0xFD################################BC752::balanceOf(ContractTest: [0x7F################################e1496]) [staticcall]
            [Return] 0
        [2893] 0x2b################################2cB02::getReserves() [staticcall]
            [Return] 2038095238726393 [2.038e15], 99583279321502765054 [9.958e19], 1648251515 [1.648e9]
        [534] 0xbb################################c095c::balanceOf(0x2b################################2cB02) [staticcall]
            [Return] 380002038095238726393 [3.8e20]
        [86039] 0x2b################################2cB02::swap(0, 99582743879961646310 [9.958e19], ContractTest: [0x7F################################e1496], 0x)
           [74235] 0xFD################################BC752::transfer(ContractTest: [0x7F################################e1496], 99582743879961646310 [9.958e19])
              [5026] 0x9D################################30153::_beforeTokenTransfer(0x2b################################2cB02, 0x2b################################2cB02, ContractTest: [0x7F################################e1496])
                  [Return] 0x00################################00000000000000000000000000001
              emit Transfer(from: 0x2b################################2cB02, to: 0xd0################################b0e90, value: 0)
               [Revert] revert: SafeMath: subtraction overflow
            [Revert] revert: Pancake: TRANSFER_FAILED
         [Revert] revert: Pancake: TRANSFER_FAILED
      [Revert] revert: Pancake: TRANSFER_FAILED

Suite result: FAILED. 0 passed; 1 failed; 0 skipped; finished in 2.09s (1.17s CPU time)

Ran 1 test suite in 2.87s (2.09s CPU time): 0 tests passed, 1 failed, 0 skipped (1 total tests)

Failing tests:
Encountered 1 failing test in src/migration_result_test2/Sheep_exp.sol/0xFD################################BC752.sol:ContractTest
[FAIL: revert: Pancake: TRANSFER_FAILED] test() (gas: 143049)

Encountered a total of 1 failing tests, 0 tests succeeded
