Compiling 25 files with Solc 0.8.28
Solc 0.8.28 finished in 1.41s
Compiler run successful with warnings:
Warning (6321): Unnamed return variable can remain unassigned. Add an explicit return with value to all non-reverting code paths or name the variable.
   --> lib/Common.sol:118:93:
    |
118 |     function prepareInitialCapital(address from, address to, uint amount) internal returns (bool) {
    |                                                                                             ^^^^

Warning (2018): Function state mutability can be restricted to view
 --> lib/Common.sol:7:5:
  |
7 |     function getRouterAndMainToken() internal returns (address, address[] memory){
  |     ^ (Relevant source part starts here and spans across multiple lines).

Warning (2018): Function state mutability can be restricted to pure
  --> lib/Common.sol:99:5:
   |
99 |     function tokenInArray(address token, address[] memory array) internal returns (bool){
   |     ^ (Relevant source part starts here and spans across multiple lines).


Ran 1 test for src/migration_result_test2/Sheep_exp.sol/0x38################################11b96.sol:ContractTest
[FAIL: revert: Pancake: TRANSFER_FAILED] test() (gas: 204486)
Traces:
  [204486] ContractTest::test()
     [2534] 0xbb################################c095c::balanceOf(ContractTest: [0x7F################################e1496]) [staticcall]
         [Return] 380000000000000000000 [3.8e20]
     [534] 0xbb################################c095c::balanceOf(ContractTest: [0x7F################################e1496]) [staticcall]
         [Return] 380000000000000000000 [3.8e20]
     [187708] 0x10################################6024E::swapExactTokensForTokensSupportingFeeOnTransferTokens(380000000000000000000 [3.8e20], 0, [0xbb################################c095c, 0x38################################11B96], ContractTest: [0x7F################################e1496], 1676025497 [1.676e9])
        [13025] 0xbb################################c095c::transferFrom(ContractTest: [0x7F################################e1496], 0xFd################################A6097, 380000000000000000000 [3.8e20])
           emit Transfer(from: ContractTest: [0x7F################################e1496], to: 0xFd################################A6097, value: 380000000000000000000 [3.8e20])
            [Return] true
        [12292] 0x38################################11B96::balanceOf(ContractTest: [0x7F################################e1496]) [staticcall]
            [Return] 0
        [2893] 0xFd################################A6097::getReserves() [staticcall]
            [Return] 2972411902297930798665 [2.972e21], 15815116043402283 [1.581e16], 1658418425 [1.658e9]
        [534] 0xbb################################c095c::balanceOf(0xFd################################A6097) [staticcall]
            [Return] 380015815116043402283 [3.8e20]
        [147449] 0xFd################################A6097::swap(2972287889429217641216 [2.972e21], 0, ContractTest: [0x7F################################e1496], 0x)
           [135682] 0x38################################11B96::transfer(ContractTest: [0x7F################################e1496], 2972287889429217641216 [2.972e21])
              [46177] 0xf1################################fcC29::e568987f(000000000000000000000000fdaa0aae07c306ab0895dadf4395fb03ab5a6097) [staticcall]
                  [Return] 0x00################################00000000000000000000000000000
              [10177] 0xf1################################fcC29::e568987f(0000000000000000000000007fa9385be102ac3eac297483dd6233d62b3e1496) [staticcall]
                  [Return] 0x00################################00000000000000000000000000000
              [2741] 0xf1################################fcC29::606b55a7(000000000000000000000000fdaa0aae07c306ab0895dadf4395fb03ab5a6097000000000000000000000000fdaa0aae07c306ab0895dadf4395fb03ab5a60970000000000000000000000007fa9385be102ac3eac297483dd6233d62b3e1496)
                  [Stop] 
              emit Transfer(from: 0xFd################################A6097, to: 0xdd################################F786B, value: 29722878894292176412 [2.972e19])
               [Revert] revert: SafeMath: subtraction overflow
            [Revert] revert: Pancake: TRANSFER_FAILED
         [Revert] revert: Pancake: TRANSFER_FAILED
      [Revert] revert: Pancake: TRANSFER_FAILED

Suite result: FAILED. 0 passed; 1 failed; 0 skipped; finished in 520.53ms (2.38ms CPU time)

Ran 1 test suite in 1.29s (520.53ms CPU time): 0 tests passed, 1 failed, 0 skipped (1 total tests)

Failing tests:
Encountered 1 failing test in src/migration_result_test2/Sheep_exp.sol/0x38################################11b96.sol:ContractTest
[FAIL: revert: Pancake: TRANSFER_FAILED] test() (gas: 204486)

Encountered a total of 1 failing tests, 0 tests succeeded
