Compiling 25 files with Solc 0.8.28
Solc 0.8.28 finished in 1.42s
Compiler run successful with warnings:
Warning (6321): Unnamed return variable can remain unassigned. Add an explicit return with value to all non-reverting code paths or name the variable.
   --> lib/Common.sol:118:93:
    |
118 |     function prepareInitialCapital(address from, address to, uint amount) internal returns (bool) {
    |                                                                                             ^^^^

Warning (2018): Function state mutability can be restricted to view
 --> lib/Common.sol:7:5:
  |
7 |     function getRouterAndMainToken() internal returns (address, address[] memory){
  |     ^ (Relevant source part starts here and spans across multiple lines).

Warning (2018): Function state mutability can be restricted to pure
  --> lib/Common.sol:99:5:
   |
99 |     function tokenInArray(address token, address[] memory array) internal returns (bool){
   |     ^ (Relevant source part starts here and spans across multiple lines).


Ran 1 test for src/migration_result_test2/Sheep_exp.sol/0xd6################################80fed.sol:ContractTest
[FAIL: revert: Pancake: TRANSFER_FAILED] test() (gas: 160815)
Traces:
  [160815] ContractTest::test()
     [2534] 0xbb################################c095c::balanceOf(ContractTest: [0x7F################################e1496]) [staticcall]
         [Return] 380000000000000000000 [3.8e20]
     [534] 0xbb################################c095c::balanceOf(ContractTest: [0x7F################################e1496]) [staticcall]
         [Return] 380000000000000000000 [3.8e20]
     [144037] 0x10################################6024E::swapExactTokensForTokensSupportingFeeOnTransferTokens(380000000000000000000 [3.8e20], 0, [0xbb################################c095c, 0xd6################################80FEd], ContractTest: [0x7F################################e1496], 1676025497 [1.676e9])
        [13025] 0xbb################################c095c::transferFrom(ContractTest: [0x7F################################e1496], 0x71################################E3124, 380000000000000000000 [3.8e20])
           emit Transfer(from: ContractTest: [0x7F################################e1496], to: 0x71################################E3124, value: 380000000000000000000 [3.8e20])
            [Return] true
        [12292] 0xd6################################80FEd::balanceOf(ContractTest: [0x7F################################e1496]) [staticcall]
            [Return] 0
        [2893] 0x71################################E3124::getReserves() [staticcall]
            [Return] 20070350704795980 [2.007e16], 29929351746124830153255 [2.992e22], 1659364897 [1.659e9]
        [534] 0xbb################################c095c::balanceOf(0x71################################E3124) [staticcall]
            [Return] 380020070350704795980 [3.8e20]
        [103828] 0x71################################E3124::swap(0, 29927767098238078820801 [2.992e22], ContractTest: [0x7F################################e1496], 0x)
           [92024] 0xd6################################80FEd::transfer(ContractTest: [0x7F################################e1496], 29927767098238078820801 [2.992e22])
              [15397] 0x5F################################1d794::e568987f(00000000000000000000000071f3a9e7bac9712f31f669b1e6cdaf3a4dbe3124) [staticcall]
                  [Return] 0x00################################00000000000000000000000000000
              [3397] 0x5F################################1d794::e568987f(0000000000000000000000007fa9385be102ac3eac297483dd6233d62b3e1496) [staticcall]
                  [Return] 0x00################################00000000000000000000000000000
              [2741] 0x5F################################1d794::606b55a7(00000000000000000000000071f3a9e7bac9712f31f669b1e6cdaf3a4dbe312400000000000000000000000071f3a9e7bac9712f31f669b1e6cdaf3a4dbe31240000000000000000000000007fa9385be102ac3eac297483dd6233d62b3e1496)
                  [Stop] 
              emit Transfer(from: 0x71################################E3124, to: 0x53################################d182c, value: 0)
               [Revert] revert: SafeMath: subtraction overflow
            [Revert] revert: Pancake: TRANSFER_FAILED
         [Revert] revert: Pancake: TRANSFER_FAILED
      [Revert] revert: Pancake: TRANSFER_FAILED

Suite result: FAILED. 0 passed; 1 failed; 0 skipped; finished in 541.14ms (2.09ms CPU time)

Ran 1 test suite in 1.33s (541.14ms CPU time): 0 tests passed, 1 failed, 0 skipped (1 total tests)

Failing tests:
Encountered 1 failing test in src/migration_result_test2/Sheep_exp.sol/0xd6################################80fed.sol:ContractTest
[FAIL: revert: Pancake: TRANSFER_FAILED] test() (gas: 160815)

Encountered a total of 1 failing tests, 0 tests succeeded
