Compiling 25 files with Solc 0.8.28
Solc 0.8.28 finished in 1.42s
Compiler run successful with warnings:
Warning (6321): Unnamed return variable can remain unassigned. Add an explicit return with value to all non-reverting code paths or name the variable.
   --> lib/Common.sol:118:93:
    |
118 |     function prepareInitialCapital(address from, address to, uint amount) internal returns (bool) {
    |                                                                                             ^^^^

Warning (2018): Function state mutability can be restricted to view
 --> lib/Common.sol:7:5:
  |
7 |     function getRouterAndMainToken() internal returns (address, address[] memory){
  |     ^ (Relevant source part starts here and spans across multiple lines).

Warning (2018): Function state mutability can be restricted to pure
  --> lib/Common.sol:99:5:
   |
99 |     function tokenInArray(address token, address[] memory array) internal returns (bool){
   |     ^ (Relevant source part starts here and spans across multiple lines).


Ran 1 test for src/migration_result_test2/Sheep_exp.sol/0x7D################################404C9.sol:ContractTest
[FAIL: revert: Pancake: TRANSFER_FAILED] test() (gas: 193540)
Traces:
  [193540] ContractTest::test()
     [2534] 0xbb################################c095c::balanceOf(ContractTest: [0x7F################################e1496]) [staticcall]
         [Return] 380000000000000000000 [3.8e20]
     [534] 0xbb################################c095c::balanceOf(ContractTest: [0x7F################################e1496]) [staticcall]
         [Return] 380000000000000000000 [3.8e20]
     [176762] 0x10################################6024E::swapExactTokensForTokensSupportingFeeOnTransferTokens(380000000000000000000 [3.8e20], 0, [0xbb################################c095c, 0x7D################################404C9], ContractTest: [0x7F################################e1496], 1676025497 [1.676e9])
        [13025] 0xbb################################c095c::transferFrom(ContractTest: [0x7F################################e1496], 0x1D################################D7ba8, 380000000000000000000 [3.8e20])
           emit Transfer(from: ContractTest: [0x7F################################e1496], to: 0x1D################################D7ba8, value: 380000000000000000000 [3.8e20])
            [Return] true
        [12320] 0x7D################################404C9::balanceOf(ContractTest: [0x7F################################e1496]) [staticcall]
            [Return] 0
        [2893] 0x1D################################D7ba8::getReserves() [staticcall]
            [Return] 98978248167043676 [9.897e16], 1046984555874571 [1.046e15], 1648574236 [1.648e9]
        [534] 0xbb################################c095c::balanceOf(0x1D################################D7ba8) [staticcall]
            [Return] 380001046984555874571 [3.8e20]
        [136475] 0x1D################################D7ba8::swap(98977974777224487 [9.897e16], 0, ContractTest: [0x7F################################e1496], 0x)
           [124708] 0x7D################################404C9::transfer(ContractTest: [0x7F################################e1496], 98977974777224487 [9.897e16])
              [49458] 0xd9################################fc0B5::_beforeTokenTransfer(0x1D################################D7ba8, 0x1D################################D7ba8, ContractTest: [0x7F################################e1496])
                  [Stop] 
              emit Transfer(from: 0x1D################################D7ba8, to: 0x5d################################5E786, value: 2969339243316734 [2.969e15])
               [Revert] revert: SafeMath: subtraction overflow
            [Revert] revert: Pancake: TRANSFER_FAILED
         [Revert] revert: Pancake: TRANSFER_FAILED
      [Revert] revert: Pancake: TRANSFER_FAILED

Suite result: FAILED. 0 passed; 1 failed; 0 skipped; finished in 518.94ms (1.95ms CPU time)

Ran 1 test suite in 1.34s (518.94ms CPU time): 0 tests passed, 1 failed, 0 skipped (1 total tests)

Failing tests:
Encountered 1 failing test in src/migration_result_test2/Sheep_exp.sol/0x7D################################404C9.sol:ContractTest
[FAIL: revert: Pancake: TRANSFER_FAILED] test() (gas: 193540)

Encountered a total of 1 failing tests, 0 tests succeeded
