Compiling 25 files with Solc 0.8.28
Solc 0.8.28 finished in 1.41s
Compiler run successful with warnings:
Warning (6321): Unnamed return variable can remain unassigned. Add an explicit return with value to all non-reverting code paths or name the variable.
   --> lib/Common.sol:118:93:
    |
118 |     function prepareInitialCapital(address from, address to, uint amount) internal returns (bool) {
    |                                                                                             ^^^^

Warning (2018): Function state mutability can be restricted to view
 --> lib/Common.sol:7:5:
  |
7 |     function getRouterAndMainToken() internal returns (address, address[] memory){
  |     ^ (Relevant source part starts here and spans across multiple lines).

Warning (2018): Function state mutability can be restricted to pure
  --> lib/Common.sol:99:5:
   |
99 |     function tokenInArray(address token, address[] memory array) internal returns (bool){
   |     ^ (Relevant source part starts here and spans across multiple lines).


Ran 1 test for src/migration_result_test2/Sheep_exp.sol/0x36################################74985.sol:ContractTest
[FAIL: revert: Pancake: TRANSFER_FAILED] test() (gas: 192433)
Traces:
  [192433] ContractTest::test()
     [2534] 0xbb################################c095c::balanceOf(ContractTest: [0x7F################################e1496]) [staticcall]
         [Return] 380000000000000000000 [3.8e20]
     [534] 0xbb################################c095c::balanceOf(ContractTest: [0x7F################################e1496]) [staticcall]
         [Return] 380000000000000000000 [3.8e20]
     [175655] 0x10################################6024E::swapExactTokensForTokensSupportingFeeOnTransferTokens(380000000000000000000 [3.8e20], 0, [0xbb################################c095c, 0x36################################74985], ContractTest: [0x7F################################e1496], 1676025497 [1.676e9])
        [13025] 0xbb################################c095c::transferFrom(ContractTest: [0x7F################################e1496], 0x49################################64c0f, 380000000000000000000 [3.8e20])
           emit Transfer(from: ContractTest: [0x7F################################e1496], to: 0x49################################64c0f, value: 380000000000000000000 [3.8e20])
            [Return] true
        [12292] 0x36################################74985::balanceOf(ContractTest: [0x7F################################e1496]) [staticcall]
            [Return] 0
        [2893] 0x49################################64c0f::getReserves() [staticcall]
            [Return] 9978878981745374476280053 [9.978e24], 10127734178809299 [1.012e16], 1659546223 [1.659e9]
        [534] 0xbb################################c095c::balanceOf(0x49################################64c0f) [staticcall]
            [Return] 380010127734178809299 [3.8e20]
        [135396] 0x49################################64c0f::swap(9978612365907054238854396 [9.978e24], 0, ContractTest: [0x7F################################e1496], 0x)
           [123629] 0x36################################74985::transfer(ContractTest: [0x7F################################e1496], 9978612365907054238854396 [9.978e24])
              [41047] 0xE1################################B74F7::e568987f(000000000000000000000000491fcec2ed7816da5860336ccb7aadf1f0964c0f) [staticcall]
                  [Return] 0x00################################00000000000000000000000000000
              [9047] 0xE1################################B74F7::e568987f(0000000000000000000000007fa9385be102ac3eac297483dd6233d62b3e1496) [staticcall]
                  [Return] 0x00################################00000000000000000000000000000
              [3046] 0xE1################################B74F7::606b55a7(000000000000000000000000491fcec2ed7816da5860336ccb7aadf1f0964c0f000000000000000000000000491fcec2ed7816da5860336ccb7aadf1f0964c0f0000000000000000000000007fa9385be102ac3eac297483dd6233d62b3e1496)
                  [Stop] 
              emit Transfer(from: 0x49################################64c0f, to: 0xF5################################C659C, value: 0)
               [Revert] revert: SafeMath: subtraction overflow
            [Revert] revert: Pancake: TRANSFER_FAILED
         [Revert] revert: Pancake: TRANSFER_FAILED
      [Revert] revert: Pancake: TRANSFER_FAILED

Suite result: FAILED. 0 passed; 1 failed; 0 skipped; finished in 538.54ms (2.37ms CPU time)

Ran 1 test suite in 1.35s (538.54ms CPU time): 0 tests passed, 1 failed, 0 skipped (1 total tests)

Failing tests:
Encountered 1 failing test in src/migration_result_test2/Sheep_exp.sol/0x36################################74985.sol:ContractTest
[FAIL: revert: Pancake: TRANSFER_FAILED] test() (gas: 192433)

Encountered a total of 1 failing tests, 0 tests succeeded
