Compiling 25 files with Solc 0.8.28
Solc 0.8.28 finished in 1.41s
Compiler run successful with warnings:
Warning (6321): Unnamed return variable can remain unassigned. Add an explicit return with value to all non-reverting code paths or name the variable.
   --> lib/Common.sol:118:93:
    |
118 |     function prepareInitialCapital(address from, address to, uint amount) internal returns (bool) {
    |                                                                                             ^^^^

Warning (2018): Function state mutability can be restricted to view
 --> lib/Common.sol:7:5:
  |
7 |     function getRouterAndMainToken() internal returns (address, address[] memory){
  |     ^ (Relevant source part starts here and spans across multiple lines).

Warning (2018): Function state mutability can be restricted to pure
  --> lib/Common.sol:99:5:
   |
99 |     function tokenInArray(address token, address[] memory array) internal returns (bool){
   |     ^ (Relevant source part starts here and spans across multiple lines).


Ran 1 test for src/migration_result_test2/Sheep_exp.sol/0xc1################################9a6d6.sol:ContractTest
[FAIL: revert: Pancake: TRANSFER_FAILED] test() (gas: 173640)
Traces:
  [173640] ContractTest::test()
     [2534] 0xbb################################c095c::balanceOf(ContractTest: [0x7F################################e1496]) [staticcall]
         [Return] 380000000000000000000 [3.8e20]
     [534] 0xbb################################c095c::balanceOf(ContractTest: [0x7F################################e1496]) [staticcall]
         [Return] 380000000000000000000 [3.8e20]
     [156862] 0x10################################6024E::swapExactTokensForTokensSupportingFeeOnTransferTokens(380000000000000000000 [3.8e20], 0, [0xbb################################c095c, 0xC1################################9A6d6], ContractTest: [0x7F################################e1496], 1676025497 [1.676e9])
        [13025] 0xbb################################c095c::transferFrom(ContractTest: [0x7F################################e1496], 0x08################################C6205, 380000000000000000000 [3.8e20])
           emit Transfer(from: ContractTest: [0x7F################################e1496], to: 0x08################################C6205, value: 380000000000000000000 [3.8e20])
            [Return] true
        [12292] 0xC1################################9A6d6::balanceOf(ContractTest: [0x7F################################e1496]) [staticcall]
            [Return] 0
        [2893] 0x08################################C6205::getReserves() [staticcall]
            [Return] 12000565388725983 [1.2e16], 1979442609376114520216 [1.979e21], 1658233718 [1.658e9]
        [534] 0xbb################################c095c::balanceOf(0x08################################C6205) [staticcall]
            [Return] 380012000565388725983 [3.8e20]
        [116653] 0x08################################C6205::swap(0, 1979379943030156292801 [1.979e21], ContractTest: [0x7F################################e1496], 0x)
           [104849] 0xC1################################9A6d6::transfer(ContractTest: [0x7F################################e1496], 1979379943030156292801 [1.979e21])
              [25657] 0x7A################################3282b::e568987f(000000000000000000000000081985657704ec74a63cf593a9099caf787c6205) [staticcall]
                  [Return] 0x00################################00000000000000000000000000000
              [5657] 0x7A################################3282b::e568987f(0000000000000000000000007fa9385be102ac3eac297483dd6233d62b3e1496) [staticcall]
                  [Return] 0x00################################00000000000000000000000000000
              [3046] 0x7A################################3282b::606b55a7(000000000000000000000000081985657704ec74a63cf593a9099caf787c6205000000000000000000000000081985657704ec74a63cf593a9099caf787c62050000000000000000000000007fa9385be102ac3eac297483dd6233d62b3e1496)
                  [Stop] 
              emit Transfer(from: 0x08################################C6205, to: 0xf6################################5F78c, value: 0)
               [Revert] revert: SafeMath: subtraction overflow
            [Revert] revert: Pancake: TRANSFER_FAILED
         [Revert] revert: Pancake: TRANSFER_FAILED
      [Revert] revert: Pancake: TRANSFER_FAILED

Suite result: FAILED. 0 passed; 1 failed; 0 skipped; finished in 2.61s (1.68s CPU time)

Ran 1 test suite in 3.39s (2.61s CPU time): 0 tests passed, 1 failed, 0 skipped (1 total tests)

Failing tests:
Encountered 1 failing test in src/migration_result_test2/Sheep_exp.sol/0xc1################################9a6d6.sol:ContractTest
[FAIL: revert: Pancake: TRANSFER_FAILED] test() (gas: 173640)

Encountered a total of 1 failing tests, 0 tests succeeded
