Compiling 25 files with Solc 0.8.28
Solc 0.8.28 finished in 1.42s
Compiler run successful with warnings:
Warning (6321): Unnamed return variable can remain unassigned. Add an explicit return with value to all non-reverting code paths or name the variable.
   --> lib/Common.sol:118:93:
    |
118 |     function prepareInitialCapital(address from, address to, uint amount) internal returns (bool) {
    |                                                                                             ^^^^

Warning (2018): Function state mutability can be restricted to view
 --> lib/Common.sol:7:5:
  |
7 |     function getRouterAndMainToken() internal returns (address, address[] memory){
  |     ^ (Relevant source part starts here and spans across multiple lines).

Warning (2018): Function state mutability can be restricted to pure
  --> lib/Common.sol:99:5:
   |
99 |     function tokenInArray(address token, address[] memory array) internal returns (bool){
   |     ^ (Relevant source part starts here and spans across multiple lines).


Ran 1 test for src/migration_result_test2/Sheep_exp.sol/0xd3################################48da6.sol:ContractTest
[FAIL: revert: Pancake: TRANSFER_FAILED] test() (gas: 179900)
Traces:
  [179900] ContractTest::test()
     [2534] 0xbb################################c095c::balanceOf(ContractTest: [0x7F################################e1496]) [staticcall]
         [Return] 380000000000000000000 [3.8e20]
     [534] 0xbb################################c095c::balanceOf(ContractTest: [0x7F################################e1496]) [staticcall]
         [Return] 380000000000000000000 [3.8e20]
     [163122] 0x10################################6024E::swapExactTokensForTokensSupportingFeeOnTransferTokens(380000000000000000000 [3.8e20], 0, [0xbb################################c095c, 0xD3################################48DA6], ContractTest: [0x7F################################e1496], 1676025497 [1.676e9])
        [13025] 0xbb################################c095c::transferFrom(ContractTest: [0x7F################################e1496], 0x6A################################d97A7, 380000000000000000000 [3.8e20])
           emit Transfer(from: ContractTest: [0x7F################################e1496], to: 0x6A################################d97A7, value: 380000000000000000000 [3.8e20])
            [Return] true
        [12292] 0xD3################################48DA6::balanceOf(ContractTest: [0x7F################################e1496]) [staticcall]
            [Return] 0
        [2893] 0x6A################################d97A7::getReserves() [staticcall]
            [Return] 10143195698887076 [1.014e16], 29885807197922102251261 [2.988e22], 1658748325 [1.658e9]
        [534] 0xbb################################c095c::balanceOf(0x6A################################d97A7) [staticcall]
            [Return] 380010143195698887076 [3.8e20]
        [122913] 0x6A################################d97A7::swap(0, 29885007489494642417175 [2.988e22], ContractTest: [0x7F################################e1496], 0x)
           [111109] 0xD3################################48DA6::transfer(ContractTest: [0x7F################################e1496], 29885007489494642417175 [2.988e22])
              [30787] 0xfB################################f1739::e568987f(0000000000000000000000006a8cd52b302e01753755530ce3d3d711d8cd97a7) [staticcall]
                  [Return] 0x00################################00000000000000000000000000000
              [6787] 0xfB################################f1739::e568987f(0000000000000000000000007fa9385be102ac3eac297483dd6233d62b3e1496) [staticcall]
                  [Return] 0x00################################00000000000000000000000000000
              [3046] 0xfB################################f1739::606b55a7(0000000000000000000000006a8cd52b302e01753755530ce3d3d711d8cd97a70000000000000000000000006a8cd52b302e01753755530ce3d3d711d8cd97a70000000000000000000000007fa9385be102ac3eac297483dd6233d62b3e1496)
                  [Stop] 
              emit Transfer(from: 0x6A################################d97A7, to: 0x4E################################8364F, value: 0)
               [Revert] revert: SafeMath: subtraction overflow
            [Revert] revert: Pancake: TRANSFER_FAILED
         [Revert] revert: Pancake: TRANSFER_FAILED
      [Revert] revert: Pancake: TRANSFER_FAILED

Suite result: FAILED. 0 passed; 1 failed; 0 skipped; finished in 544.05ms (2.26ms CPU time)

Ran 1 test suite in 1.30s (544.05ms CPU time): 0 tests passed, 1 failed, 0 skipped (1 total tests)

Failing tests:
Encountered 1 failing test in src/migration_result_test2/Sheep_exp.sol/0xd3################################48da6.sol:ContractTest
[FAIL: revert: Pancake: TRANSFER_FAILED] test() (gas: 179900)

Encountered a total of 1 failing tests, 0 tests succeeded
