Compiling 25 files with Solc 0.8.28
Solc 0.8.28 finished in 1.41s
Compiler run successful with warnings:
Warning (6321): Unnamed return variable can remain unassigned. Add an explicit return with value to all non-reverting code paths or name the variable.
   --> lib/Common.sol:118:93:
    |
118 |     function prepareInitialCapital(address from, address to, uint amount) internal returns (bool) {
    |                                                                                             ^^^^

Warning (2018): Function state mutability can be restricted to view
 --> lib/Common.sol:7:5:
  |
7 |     function getRouterAndMainToken() internal returns (address, address[] memory){
  |     ^ (Relevant source part starts here and spans across multiple lines).

Warning (2018): Function state mutability can be restricted to pure
  --> lib/Common.sol:99:5:
   |
99 |     function tokenInArray(address token, address[] memory array) internal returns (bool){
   |     ^ (Relevant source part starts here and spans across multiple lines).


Ran 1 test for src/migration_result_test2/Sheep_exp.sol/0xc0################################00aa2.sol:ContractTest
[FAIL: revert: Pancake: TRANSFER_FAILED] test() (gas: 151257)
Traces:
  [151257] ContractTest::test()
     [2534] 0xbb################################c095c::balanceOf(ContractTest: [0x7F################################e1496]) [staticcall]
         [Return] 380000000000000000000 [3.8e20]
     [534] 0xbb################################c095c::balanceOf(ContractTest: [0x7F################################e1496]) [staticcall]
         [Return] 380000000000000000000 [3.8e20]
     [134479] 0x10################################6024E::swapExactTokensForTokensSupportingFeeOnTransferTokens(380000000000000000000 [3.8e20], 0, [0xbb################################c095c, 0xC0################################00aa2], ContractTest: [0x7F################################e1496], 1676025497 [1.676e9])
        [13025] 0xbb################################c095c::transferFrom(ContractTest: [0x7F################################e1496], 0x49################################544F2, 380000000000000000000 [3.8e20])
           emit Transfer(from: ContractTest: [0x7F################################e1496], to: 0x49################################544F2, value: 380000000000000000000 [3.8e20])
            [Return] true
        [12287] 0xC0################################00aa2::balanceOf(ContractTest: [0x7F################################e1496]) [staticcall]
            [Return] 0
        [2893] 0x49################################544F2::getReserves() [staticcall]
            [Return] 10164283047581845 [1.016e16], 997470010372315924092200 [9.974e23], 1659253138 [1.659e9]
        [534] 0xbb################################c095c::balanceOf(0x49################################544F2) [staticcall]
            [Return] 380010164283047581845 [3.8e20]
        [94275] 0x49################################544F2::swap(0, 997443263780423118232268 [9.974e23], ContractTest: [0x7F################################e1496], 0x)
           [82471] 0xC0################################00aa2::transfer(ContractTest: [0x7F################################e1496], 997443263780423118232268 [9.974e23])
              [2579] 0xaf################################7Cc71::ca9710c8(000000000000000000000000492df429d4f5e5b57e06a32fb9f0c0c7b10544f2) [staticcall]
                  [Return] 0x00################################00000000000000000000000000000
              [579] 0xaf################################7Cc71::ca9710c8(0000000000000000000000007fa9385be102ac3eac297483dd6233d62b3e1496) [staticcall]
                  [Return] 0x00################################00000000000000000000000000000
              [2729] 0xaf################################7Cc71::1c57a4a5(000000000000000000000000492df429d4f5e5b57e06a32fb9f0c0c7b10544f2000000000000000000000000492df429d4f5e5b57e06a32fb9f0c0c7b10544f20000000000000000000000007fa9385be102ac3eac297483dd6233d62b3e1496)
                  [Stop] 
              emit Transfer(from: 0x49################################544F2, to: 0x8b################################59457, value: 29923297913412693546968 [2.992e22])
               [Revert] revert: SafeMath: subtraction overflow
            [Revert] revert: Pancake: TRANSFER_FAILED
         [Revert] revert: Pancake: TRANSFER_FAILED
      [Revert] revert: Pancake: TRANSFER_FAILED

Suite result: FAILED. 0 passed; 1 failed; 0 skipped; finished in 510.52ms (1.87ms CPU time)

Ran 1 test suite in 1.27s (510.52ms CPU time): 0 tests passed, 1 failed, 0 skipped (1 total tests)

Failing tests:
Encountered 1 failing test in src/migration_result_test2/Sheep_exp.sol/0xc0################################00aa2.sol:ContractTest
[FAIL: revert: Pancake: TRANSFER_FAILED] test() (gas: 151257)

Encountered a total of 1 failing tests, 0 tests succeeded
