Compiling 25 files with Solc 0.8.28
Solc 0.8.28 finished in 1.40s
Compiler run successful with warnings:
Warning (6321): Unnamed return variable can remain unassigned. Add an explicit return with value to all non-reverting code paths or name the variable.
   --> lib/Common.sol:118:93:
    |
118 |     function prepareInitialCapital(address from, address to, uint amount) internal returns (bool) {
    |                                                                                             ^^^^

Warning (2018): Function state mutability can be restricted to view
 --> lib/Common.sol:7:5:
  |
7 |     function getRouterAndMainToken() internal returns (address, address[] memory){
  |     ^ (Relevant source part starts here and spans across multiple lines).

Warning (2018): Function state mutability can be restricted to pure
  --> lib/Common.sol:99:5:
   |
99 |     function tokenInArray(address token, address[] memory array) internal returns (bool){
   |     ^ (Relevant source part starts here and spans across multiple lines).


Ran 1 test for src/migration_result_test2/Sheep_exp.sol/0xbd################################5dc57.sol:ContractTest
[FAIL: revert: Pancake: TRANSFER_FAILED] test() (gas: 156597)
Traces:
  [156597] ContractTest::test()
     [2534] 0xbb################################c095c::balanceOf(ContractTest: [0x7F################################e1496]) [staticcall]
         [Return] 380000000000000000000 [3.8e20]
     [534] 0xbb################################c095c::balanceOf(ContractTest: [0x7F################################e1496]) [staticcall]
         [Return] 380000000000000000000 [3.8e20]
     [139819] 0x10################################6024E::swapExactTokensForTokensSupportingFeeOnTransferTokens(380000000000000000000 [3.8e20], 0, [0xbb################################c095c, 0xBD################################5DC57], ContractTest: [0x7F################################e1496], 1676025497 [1.676e9])
        [13025] 0xbb################################c095c::transferFrom(ContractTest: [0x7F################################e1496], 0x66################################d7bC3, 380000000000000000000 [3.8e20])
           emit Transfer(from: ContractTest: [0x7F################################e1496], to: 0x66################################d7bC3, value: 380000000000000000000 [3.8e20])
            [Return] true
        [12792] 0xBD################################5DC57::balanceOf(ContractTest: [0x7F################################e1496]) [staticcall]
            [Return] 0
        [2893] 0x66################################d7bC3::getReserves() [staticcall]
            [Return] 98716906230908 [9.871e13], 39305425459933545568 [3.93e19], 1636499659 [1.636e9]
        [534] 0xbb################################c095c::balanceOf(0x66################################d7bC3) [staticcall]
            [Return] 380000098716906230908 [3.8e20]
        [99110] 0x66################################d7bC3::swap(0, 39305415223529406303 [3.93e19], ContractTest: [0x7F################################e1496], 0x)
           [87318] 0xBD################################5DC57::transfer(ContractTest: [0x7F################################e1496], 39305415223529406303 [3.93e19])
               [Revert] panic: arithmetic underflow or overflow (0x11)
            [Revert] revert: Pancake: TRANSFER_FAILED
         [Revert] revert: Pancake: TRANSFER_FAILED
      [Revert] revert: Pancake: TRANSFER_FAILED

Suite result: FAILED. 0 passed; 1 failed; 0 skipped; finished in 533.05ms (1.81ms CPU time)

Ran 1 test suite in 575.43ms (533.05ms CPU time): 0 tests passed, 1 failed, 0 skipped (1 total tests)

Failing tests:
Encountered 1 failing test in src/migration_result_test2/Sheep_exp.sol/0xbd################################5dc57.sol:ContractTest
[FAIL: revert: Pancake: TRANSFER_FAILED] test() (gas: 156597)

Encountered a total of 1 failing tests, 0 tests succeeded
