Compiling 25 files with Solc 0.8.28
Solc 0.8.28 finished in 1.43s
Compiler run successful with warnings:
Warning (6321): Unnamed return variable can remain unassigned. Add an explicit return with value to all non-reverting code paths or name the variable.
   --> lib/Common.sol:118:93:
    |
118 |     function prepareInitialCapital(address from, address to, uint amount) internal returns (bool) {
    |                                                                                             ^^^^

Warning (2018): Function state mutability can be restricted to view
 --> lib/Common.sol:7:5:
  |
7 |     function getRouterAndMainToken() internal returns (address, address[] memory){
  |     ^ (Relevant source part starts here and spans across multiple lines).

Warning (2018): Function state mutability can be restricted to pure
  --> lib/Common.sol:99:5:
   |
99 |     function tokenInArray(address token, address[] memory array) internal returns (bool){
   |     ^ (Relevant source part starts here and spans across multiple lines).


Ran 1 test for src/migration_result_test2/Sheep_exp.sol/0xfc################################1c33f.sol:ContractTest
[FAIL: revert: Pancake: TRANSFER_FAILED] test() (gas: 75458)
Traces:
  [75458] ContractTest::test()
     [2534] 0xbb################################c095c::balanceOf(ContractTest: [0x7F################################e1496]) [staticcall]
         [Return] 380000000000000000000 [3.8e20]
     [534] 0xbb################################c095c::balanceOf(ContractTest: [0x7F################################e1496]) [staticcall]
         [Return] 380000000000000000000 [3.8e20]
     [58680] 0x10################################6024E::swapExactTokensForTokensSupportingFeeOnTransferTokens(380000000000000000000 [3.8e20], 0, [0xbb################################c095c, 0xFC################################1C33f], ContractTest: [0x7F################################e1496], 1676025497 [1.676e9])
        [13025] 0xbb################################c095c::transferFrom(ContractTest: [0x7F################################e1496], 0x48################################A4716, 380000000000000000000 [3.8e20])
           emit Transfer(from: ContractTest: [0x7F################################e1496], to: 0x48################################A4716, value: 380000000000000000000 [3.8e20])
            [Return] true
        [13219] 0xFC################################1C33f::balanceOf(ContractTest: [0x7F################################e1496]) [staticcall]
            [Return] 0
        [2893] 0x48################################A4716::getReserves() [staticcall]
            [Return] 42489230993001736 [4.248e16], 1438904006822860809 [1.438e18], 1635152616 [1.635e9]
        [534] 0xbb################################c095c::balanceOf(0x48################################A4716) [staticcall]
            [Return] 380042489230993001736 [3.8e20]
        [17544] 0x48################################A4716::swap(0, 1438742732393903713 [1.438e18], ContractTest: [0x7F################################e1496], 0x)
           [5734] 0xFC################################1C33f::transfer(ContractTest: [0x7F################################e1496], 1438742732393903713 [1.438e18])
               [Revert] revert: Transfer amount exceeds the maxTxAmount.
            [Revert] revert: Pancake: TRANSFER_FAILED
         [Revert] revert: Pancake: TRANSFER_FAILED
      [Revert] revert: Pancake: TRANSFER_FAILED

Suite result: FAILED. 0 passed; 1 failed; 0 skipped; finished in 1.54s (616.25ms CPU time)

Ran 1 test suite in 1.59s (1.54s CPU time): 0 tests passed, 1 failed, 0 skipped (1 total tests)

Failing tests:
Encountered 1 failing test in src/migration_result_test2/Sheep_exp.sol/0xfc################################1c33f.sol:ContractTest
[FAIL: revert: Pancake: TRANSFER_FAILED] test() (gas: 75458)

Encountered a total of 1 failing tests, 0 tests succeeded
