Compiling 25 files with Solc 0.8.28
Solc 0.8.28 finished in 1.42s
Compiler run successful with warnings:
Warning (6321): Unnamed return variable can remain unassigned. Add an explicit return with value to all non-reverting code paths or name the variable.
   --> lib/Common.sol:118:93:
    |
118 |     function prepareInitialCapital(address from, address to, uint amount) internal returns (bool) {
    |                                                                                             ^^^^

Warning (2018): Function state mutability can be restricted to view
 --> lib/Common.sol:7:5:
  |
7 |     function getRouterAndMainToken() internal returns (address, address[] memory){
  |     ^ (Relevant source part starts here and spans across multiple lines).

Warning (2018): Function state mutability can be restricted to pure
  --> lib/Common.sol:99:5:
   |
99 |     function tokenInArray(address token, address[] memory array) internal returns (bool){
   |     ^ (Relevant source part starts here and spans across multiple lines).


Ran 1 test for src/migration_result_test2/Sheep_exp.sol/0xe5################################aDbB0.sol:ContractTest
[FAIL: revert: Pancake: TRANSFER_FAILED] test() (gas: 193527)
Traces:
  [193527] ContractTest::test()
     [2534] 0xbb################################c095c::balanceOf(ContractTest: [0x7F################################e1496]) [staticcall]
         [Return] 380000000000000000000 [3.8e20]
     [534] 0xbb################################c095c::balanceOf(ContractTest: [0x7F################################e1496]) [staticcall]
         [Return] 380000000000000000000 [3.8e20]
     [176749] 0x10################################6024E::swapExactTokensForTokensSupportingFeeOnTransferTokens(380000000000000000000 [3.8e20], 0, [0xbb################################c095c, 0xe5################################aDbB0], ContractTest: [0x7F################################e1496], 1676025497 [1.676e9])
        [13025] 0xbb################################c095c::transferFrom(ContractTest: [0x7F################################e1496], 0x9B################################36141, 380000000000000000000 [3.8e20])
           emit Transfer(from: ContractTest: [0x7F################################e1496], to: 0x9B################################36141, value: 380000000000000000000 [3.8e20])
            [Return] true
        [12320] 0xe5################################aDbB0::balanceOf(ContractTest: [0x7F################################e1496]) [staticcall]
            [Return] 0
        [2893] 0x9B################################36141::getReserves() [staticcall]
            [Return] 2051504434982835 [2.051e15], 991021756949268429 [9.91e17], 1647099270 [1.647e9]
        [534] 0xbb################################c095c::balanceOf(0x9B################################36141) [staticcall]
            [Return] 380002051504434982835 [3.8e20]
        [136512] 0x9B################################36141::swap(0, 991016393344134314 [9.91e17], ContractTest: [0x7F################################e1496], 0x)
           [124708] 0xe5################################aDbB0::transfer(ContractTest: [0x7F################################e1496], 991016393344134314 [9.91e17])
              [49458] 0x02################################349E5::_beforeTokenTransfer(0x9B################################36141, 0x9B################################36141, ContractTest: [0x7F################################e1496])
                  [Stop] 
              emit Transfer(from: 0x9B################################36141, to: 0xd3################################33EAA, value: 19820327866882686 [1.982e16])
               [Revert] revert: SafeMath: subtraction overflow
            [Revert] revert: Pancake: TRANSFER_FAILED
         [Revert] revert: Pancake: TRANSFER_FAILED
      [Revert] revert: Pancake: TRANSFER_FAILED

Suite result: FAILED. 0 passed; 1 failed; 0 skipped; finished in 523.80ms (1.88ms CPU time)

Ran 1 test suite in 1.29s (523.80ms CPU time): 0 tests passed, 1 failed, 0 skipped (1 total tests)

Failing tests:
Encountered 1 failing test in src/migration_result_test2/Sheep_exp.sol/0xe5################################aDbB0.sol:ContractTest
[FAIL: revert: Pancake: TRANSFER_FAILED] test() (gas: 193527)

Encountered a total of 1 failing tests, 0 tests succeeded
