Compiling 25 files with Solc 0.8.28
Solc 0.8.28 finished in 1.41s
Compiler run successful with warnings:
Warning (6321): Unnamed return variable can remain unassigned. Add an explicit return with value to all non-reverting code paths or name the variable.
   --> lib/Common.sol:118:93:
    |
118 |     function prepareInitialCapital(address from, address to, uint amount) internal returns (bool) {
    |                                                                                             ^^^^

Warning (2018): Function state mutability can be restricted to view
 --> lib/Common.sol:7:5:
  |
7 |     function getRouterAndMainToken() internal returns (address, address[] memory){
  |     ^ (Relevant source part starts here and spans across multiple lines).

Warning (2018): Function state mutability can be restricted to pure
  --> lib/Common.sol:99:5:
   |
99 |     function tokenInArray(address token, address[] memory array) internal returns (bool){
   |     ^ (Relevant source part starts here and spans across multiple lines).


Ran 1 test for src/migration_result_test2/Sheep_exp.sol/0x6c################################fa267.sol:ContractTest
[FAIL: revert: Pancake: TRANSFER_FAILED] test() (gas: 151270)
Traces:
  [151270] ContractTest::test()
     [2534] 0xbb################################c095c::balanceOf(ContractTest: [0x7F################################e1496]) [staticcall]
         [Return] 380000000000000000000 [3.8e20]
     [534] 0xbb################################c095c::balanceOf(ContractTest: [0x7F################################e1496]) [staticcall]
         [Return] 380000000000000000000 [3.8e20]
     [134492] 0x10################################6024E::swapExactTokensForTokensSupportingFeeOnTransferTokens(380000000000000000000 [3.8e20], 0, [0xbb################################c095c, 0x6C################################fa267], ContractTest: [0x7F################################e1496], 1676025497 [1.676e9])
        [13025] 0xbb################################c095c::transferFrom(ContractTest: [0x7F################################e1496], 0xe7################################aDb9d, 380000000000000000000 [3.8e20])
           emit Transfer(from: ContractTest: [0x7F################################e1496], to: 0xe7################################aDb9d, value: 380000000000000000000 [3.8e20])
            [Return] true
        [12287] 0x6C################################fa267::balanceOf(ContractTest: [0x7F################################e1496]) [staticcall]
            [Return] 0
        [2893] 0xe7################################aDb9d::getReserves() [staticcall]
            [Return] 99384034295530483854374 [9.938e22], 5137289679574604 [5.137e15], 1659338699 [1.659e9]
        [534] 0xbb################################c095c::balanceOf(0xe7################################aDb9d) [staticcall]
            [Return] 380005137289679574604 [3.8e20]
        [94238] 0xe7################################aDb9d::swap(99382687355406280403170 [9.938e22], 0, ContractTest: [0x7F################################e1496], 0x)
           [82471] 0x6C################################fa267::transfer(ContractTest: [0x7F################################e1496], 99382687355406280403170 [9.938e22])
              [2579] 0x7d################################f07Be::ca9710c8(000000000000000000000000e71e92d53fdb1e3bc53b82947fcd589253badb9d) [staticcall]
                  [Return] 0x00################################00000000000000000000000000000
              [579] 0x7d################################f07Be::ca9710c8(0000000000000000000000007fa9385be102ac3eac297483dd6233d62b3e1496) [staticcall]
                  [Return] 0x00################################00000000000000000000000000000
              [2729] 0x7d################################f07Be::1c57a4a5(000000000000000000000000e71e92d53fdb1e3bc53b82947fcd589253badb9d000000000000000000000000e71e92d53fdb1e3bc53b82947fcd589253badb9d0000000000000000000000007fa9385be102ac3eac297483dd6233d62b3e1496)
                  [Stop] 
              emit Transfer(from: 0xe7################################aDb9d, to: 0x13################################d39db, value: 1987653747108125608063 [1.987e21])
               [Revert] revert: SafeMath: subtraction overflow
            [Revert] revert: Pancake: TRANSFER_FAILED
         [Revert] revert: Pancake: TRANSFER_FAILED
      [Revert] revert: Pancake: TRANSFER_FAILED

Suite result: FAILED. 0 passed; 1 failed; 0 skipped; finished in 2.32s (1.45s CPU time)

Ran 1 test suite in 3.09s (2.32s CPU time): 0 tests passed, 1 failed, 0 skipped (1 total tests)

Failing tests:
Encountered 1 failing test in src/migration_result_test2/Sheep_exp.sol/0x6c################################fa267.sol:ContractTest
[FAIL: revert: Pancake: TRANSFER_FAILED] test() (gas: 151270)

Encountered a total of 1 failing tests, 0 tests succeeded
