Compiling 25 files with Solc 0.8.28
Solc 0.8.28 finished in 1.40s
Compiler run successful with warnings:
Warning (6321): Unnamed return variable can remain unassigned. Add an explicit return with value to all non-reverting code paths or name the variable.
   --> lib/Common.sol:118:93:
    |
118 |     function prepareInitialCapital(address from, address to, uint amount) internal returns (bool) {
    |                                                                                             ^^^^

Warning (2018): Function state mutability can be restricted to view
 --> lib/Common.sol:7:5:
  |
7 |     function getRouterAndMainToken() internal returns (address, address[] memory){
  |     ^ (Relevant source part starts here and spans across multiple lines).

Warning (2018): Function state mutability can be restricted to pure
  --> lib/Common.sol:99:5:
   |
99 |     function tokenInArray(address token, address[] memory array) internal returns (bool){
   |     ^ (Relevant source part starts here and spans across multiple lines).


Ran 1 test for src/migration_result_test2/Sheep_exp.sol/0xeb################################bebf2.sol:ContractTest
[FAIL: revert: Pancake: TRANSFER_FAILED] test() (gas: 214409)
Traces:
  [214409] ContractTest::test()
     [2534] 0xbb################################c095c::balanceOf(ContractTest: [0x7F################################e1496]) [staticcall]
         [Return] 380000000000000000000 [3.8e20]
     [534] 0xbb################################c095c::balanceOf(ContractTest: [0x7F################################e1496]) [staticcall]
         [Return] 380000000000000000000 [3.8e20]
     [197631] 0x10################################6024E::swapExactTokensForTokensSupportingFeeOnTransferTokens(380000000000000000000 [3.8e20], 0, [0xbb################################c095c, 0xeb################################bEbf2], ContractTest: [0x7F################################e1496], 1676025497 [1.676e9])
        [13025] 0xbb################################c095c::transferFrom(ContractTest: [0x7F################################e1496], 0x81################################4291c, 380000000000000000000 [3.8e20])
           emit Transfer(from: ContractTest: [0x7F################################e1496], to: 0x81################################4291c, value: 380000000000000000000 [3.8e20])
            [Return] true
        [12292] 0xeb################################bEbf2::balanceOf(ContractTest: [0x7F################################e1496]) [staticcall]
            [Return] 0
        [2893] 0x81################################4291c::getReserves() [staticcall]
            [Return] 5043052344367871 [5.043e15], 99704092472279136 [9.97e16], 1659637580 [1.659e9]
        [534] 0xbb################################c095c::balanceOf(0x81################################4291c) [staticcall]
            [Return] 380005043052344367871 [3.8e20]
        [157422] 0x81################################4291c::swap(0, 99702765981663850 [9.97e16], ContractTest: [0x7F################################e1496], 0x)
           [145618] 0xeb################################bEbf2::transfer(ContractTest: [0x7F################################e1496], 99702765981663850 [9.97e16])
              [59002] 0xDC################################b1d00::e568987f(000000000000000000000000817a85b62f16500eb372f2604ef60def7614291c) [staticcall]
                  [Return] 0x00################################00000000000000000000000000000
              [13002] 0xDC################################b1d00::e568987f(0000000000000000000000007fa9385be102ac3eac297483dd6233d62b3e1496) [staticcall]
                  [Return] 0x00################################00000000000000000000000000000
              [3046] 0xDC################################b1d00::606b55a7(000000000000000000000000817a85b62f16500eb372f2604ef60def7614291c000000000000000000000000817a85b62f16500eb372f2604ef60def7614291c0000000000000000000000007fa9385be102ac3eac297483dd6233d62b3e1496)
                  [Stop] 
              emit Transfer(from: 0x81################################4291c, to: 0x5e################################994D4, value: 0)
               [Revert] revert: SafeMath: subtraction overflow
            [Revert] revert: Pancake: TRANSFER_FAILED
         [Revert] revert: Pancake: TRANSFER_FAILED
      [Revert] revert: Pancake: TRANSFER_FAILED

Suite result: FAILED. 0 passed; 1 failed; 0 skipped; finished in 615.95ms (2.63ms CPU time)

Ran 1 test suite in 1.38s (615.95ms CPU time): 0 tests passed, 1 failed, 0 skipped (1 total tests)

Failing tests:
Encountered 1 failing test in src/migration_result_test2/Sheep_exp.sol/0xeb################################bebf2.sol:ContractTest
[FAIL: revert: Pancake: TRANSFER_FAILED] test() (gas: 214409)

Encountered a total of 1 failing tests, 0 tests succeeded
