Compiling 25 files with Solc 0.8.28
Solc 0.8.28 finished in 1.41s
Compiler run successful with warnings:
Warning (6321): Unnamed return variable can remain unassigned. Add an explicit return with value to all non-reverting code paths or name the variable.
   --> lib/Common.sol:118:93:
    |
118 |     function prepareInitialCapital(address from, address to, uint amount) internal returns (bool) {
    |                                                                                             ^^^^

Warning (2018): Function state mutability can be restricted to view
 --> lib/Common.sol:7:5:
  |
7 |     function getRouterAndMainToken() internal returns (address, address[] memory){
  |     ^ (Relevant source part starts here and spans across multiple lines).

Warning (2018): Function state mutability can be restricted to pure
  --> lib/Common.sol:99:5:
   |
99 |     function tokenInArray(address token, address[] memory array) internal returns (bool){
   |     ^ (Relevant source part starts here and spans across multiple lines).


Ran 1 test for src/migration_result_test2/Sheep_exp.sol/0xd6################################dd7d0.sol:ContractTest
[FAIL: revert: Pancake: TRANSFER_FAILED] test() (gas: 267087)
Traces:
  [267087] ContractTest::test()
     [2534] 0xbb################################c095c::balanceOf(ContractTest: [0x7F################################e1496]) [staticcall]
         [Return] 380000000000000000000 [3.8e20]
     [534] 0xbb################################c095c::balanceOf(ContractTest: [0x7F################################e1496]) [staticcall]
         [Return] 380000000000000000000 [3.8e20]
     [250309] 0x10################################6024E::swapExactTokensForTokensSupportingFeeOnTransferTokens(380000000000000000000 [3.8e20], 0, [0xbb################################c095c, 0xd6################################DD7D0], ContractTest: [0x7F################################e1496], 1676025497 [1.676e9])
        [13025] 0xbb################################c095c::transferFrom(ContractTest: [0x7F################################e1496], 0x96################################5b4FC, 380000000000000000000 [3.8e20])
           emit Transfer(from: ContractTest: [0x7F################################e1496], to: 0x96################################5b4FC, value: 380000000000000000000 [3.8e20])
            [Return] true
        [12287] 0xd6################################DD7D0::balanceOf(ContractTest: [0x7F################################e1496]) [staticcall]
            [Return] 0
        [2893] 0x96################################5b4FC::getReserves() [staticcall]
            [Return] 25627768668237291 [2.562e16], 397800590640189532890205 [3.978e23], 1658226819 [1.658e9]
        [534] 0xbb################################c095c::balanceOf(0x96################################5b4FC) [staticcall]
            [Return] 380025627768668237291 [3.8e20]
        [210105] 0x96################################5b4FC::swap(0, 397773696952581538471654 [3.977e23], ContractTest: [0x7F################################e1496], 0x)
           [198301] 0xd6################################DD7D0::transfer(ContractTest: [0x7F################################e1496], 397773696952581538471654 [3.977e23])
              [97488] 0xbE################################Bc515::ca9710c8(00000000000000000000000096e19df70f2a23ff317ac2951a201e526035b4fc) [staticcall]
                  [Return] 0x00################################00000000000000000000000000000
              [21488] 0xbE################################Bc515::ca9710c8(0000000000000000000000007fa9385be102ac3eac297483dd6233d62b3e1496) [staticcall]
                  [Return] 0x00################################00000000000000000000000000000
              [2741] 0xbE################################Bc515::1c57a4a5(00000000000000000000000096e19df70f2a23ff317ac2951a201e526035b4fc00000000000000000000000096e19df70f2a23ff317ac2951a201e526035b4fc0000000000000000000000007fa9385be102ac3eac297483dd6233d62b3e1496)
                  [Stop] 
              emit Transfer(from: 0x96################################5b4FC, to: 0x12################################a16A0, value: 3977736969525815384716 [3.977e21])
               [Revert] revert: SafeMath: subtraction overflow
            [Revert] revert: Pancake: TRANSFER_FAILED
         [Revert] revert: Pancake: TRANSFER_FAILED
      [Revert] revert: Pancake: TRANSFER_FAILED

Suite result: FAILED. 0 passed; 1 failed; 0 skipped; finished in 549.59ms (3.08ms CPU time)

Ran 1 test suite in 1.32s (549.59ms CPU time): 0 tests passed, 1 failed, 0 skipped (1 total tests)

Failing tests:
Encountered 1 failing test in src/migration_result_test2/Sheep_exp.sol/0xd6################################dd7d0.sol:ContractTest
[FAIL: revert: Pancake: TRANSFER_FAILED] test() (gas: 267087)

Encountered a total of 1 failing tests, 0 tests succeeded
