Compiling 25 files with Solc 0.8.28
Solc 0.8.28 finished in 1.42s
Compiler run successful with warnings:
Warning (6321): Unnamed return variable can remain unassigned. Add an explicit return with value to all non-reverting code paths or name the variable.
   --> lib/Common.sol:118:93:
    |
118 |     function prepareInitialCapital(address from, address to, uint amount) internal returns (bool) {
    |                                                                                             ^^^^

Warning (2072): Unused local variable.
   --> src/migration_result_test2/SpaceGodzilla.exp.sol/0xd0################################01f9e.sol:381:9:
    |
381 |         uint256 LP_SpaceGodzilla_balance = TARGETADDRESS.balanceOf(address(READADDRESS0));
    |         ^^^^^^^^^^^^^^^^^^^^^^^^^^^^^^^^

Warning (2018): Function state mutability can be restricted to view
 --> lib/Common.sol:7:5:
  |
7 |     function getRouterAndMainToken() internal returns (address, address[] memory){
  |     ^ (Relevant source part starts here and spans across multiple lines).

Warning (2018): Function state mutability can be restricted to pure
  --> lib/Common.sol:99:5:
   |
99 |     function tokenInArray(address token, address[] memory array) internal returns (bool){
   |     ^ (Relevant source part starts here and spans across multiple lines).


Ran 1 test for src/migration_result_test2/SpaceGodzilla.exp.sol/0xd0################################01f9e.sol:ContractTest
[FAIL: revert: TransferHelper: TRANSFER_FROM_FAILED] test() (gas: 33046)
Traces:
  [33046] ContractTest::test()
     [2531] 0x55################################97955::balanceOf(ContractTest: [0x7F################################e1496]) [staticcall]
         [Return] 2975314109773545495278570 [2.975e24]
     [20345] 0xD0################################01f9e::swapTokensForOther(69127461036369179405415017714 [6.912e28])
        [8732] 0x10################################6024E::swapExactTokensForTokensSupportingFeeOnTransferTokens(69127461036369179405415017714 [6.912e28], 0, [0xD0################################01f9e, 0x55################################97955], 0x37################################e4F0C, 1657743400 [1.657e9])
           [6300] 0xD0################################01f9e::transferFrom(0xD0################################01f9e, 0xBc################################52be0, 69127461036369179405415017714 [6.912e28])
               [Revert] revert: SafeMath: subtraction overflow
            [Revert] revert: TransferHelper: TRANSFER_FROM_FAILED
         [Revert] revert: TransferHelper: TRANSFER_FROM_FAILED
      [Revert] revert: TransferHelper: TRANSFER_FROM_FAILED

Suite result: FAILED. 0 passed; 1 failed; 0 skipped; finished in 496.12ms (924.54s CPU time)

Ran 1 test suite in 501.54ms (496.12ms CPU time): 0 tests passed, 1 failed, 0 skipped (1 total tests)

Failing tests:
Encountered 1 failing test in src/migration_result_test2/SpaceGodzilla.exp.sol/0xd0################################01f9e.sol:ContractTest
[FAIL: revert: TransferHelper: TRANSFER_FROM_FAILED] test() (gas: 33046)

Encountered a total of 1 failing tests, 0 tests succeeded
