Compiling 25 files with Solc 0.8.28
Solc 0.8.28 finished in 1.49s
Compiler run successful with warnings:
Warning (6321): Unnamed return variable can remain unassigned. Add an explicit return with value to all non-reverting code paths or name the variable.
   --> lib/Common.sol:118:93:
    |
118 |     function prepareInitialCapital(address from, address to, uint amount) internal returns (bool) {
    |                                                                                             ^^^^

Warning (2018): Function state mutability can be restricted to view
 --> lib/Common.sol:7:5:
  |
7 |     function getRouterAndMainToken() internal returns (address, address[] memory){
  |     ^ (Relevant source part starts here and spans across multiple lines).

Warning (2018): Function state mutability can be restricted to pure
  --> lib/Common.sol:99:5:
   |
99 |     function tokenInArray(address token, address[] memory array) internal returns (bool){
   |     ^ (Relevant source part starts here and spans across multiple lines).


Ran 1 test for src/migration_result_test2/TINU_exp.t.sol/0xf9################################9D696.sol:ContractTest
[FAIL: revert: Pancake: TRANSFER_FAILED] test() (gas: 192055)
Traces:
  [192055] ContractTest::test()
     [2534] 0xbb################################c095c::balanceOf(ContractTest: [0x7F################################e1496]) [staticcall]
         [Return] 104850000000000000000 [1.048e20]
     [150287] 0x10################################6024E::swapExactTokensForTokensSupportingFeeOnTransferTokens(104850000000000000000 [1.048e20], 0, [0xbb################################c095c, 0xf9################################9D696], ContractTest: [0x7F################################e1496], 115792089237316195423570985008687907853269984665640564039457584007913129639935 [1.157e77])
        [13025] 0xbb################################c095c::transferFrom(ContractTest: [0x7F################################e1496], 0x45################################84438, 104850000000000000000 [1.048e20])
           emit Transfer(from: ContractTest: [0x7F################################e1496], to: 0x45################################84438, value: 104850000000000000000 [1.048e20])
            [Return] true
        [12429] 0xf9################################9D696::balanceOf(ContractTest: [0x7F################################e1496]) [staticcall]
            [Return] 0
        [2893] 0x45################################84438::getReserves() [staticcall]
            [Return] 2462253046399 [2.462e12], 1963551 [1.963e6], 1635606868 [1.635e9]
        [534] 0xbb################################c095c::balanceOf(0x45################################84438) [staticcall]
            [Return] 104850002462253046399 [1.048e20]
        [106835] 0x45################################84438::swap(0, 1963550 [1.963e6], ContractTest: [0x7F################################e1496], 0x)
           [70560] 0xf9################################9D696::transfer(ContractTest: [0x7F################################e1496], 1963550 [1.963e6])
              emit Transfer(from: 0x45################################84438, to: ContractTest: [0x7F################################e1496], value: 1767196 [1.767e6])
               [Return] true
           [534] 0xbb################################c095c::balanceOf(0x45################################84438) [staticcall]
               [Return] 104850002462253046399 [1.048e20]
           [2429] 0xf9################################9D696::balanceOf(0x45################################84438) [staticcall]
               [Return] 1
           emit Sync(reserve0: 104850002462253046399 [1.048e20], reserve1: 1)
           emit Swap(sender: 0x10################################6024E, amount0In: 104850000000000000000 [1.048e20], amount1In: 0, amount0Out: 0, amount1Out: 1963550 [1.963e6], to: ContractTest: [0x7F################################e1496])
            [Stop] 
        [2429] 0xf9################################9D696::balanceOf(ContractTest: [0x7F################################e1496]) [staticcall]
            [Return] 1767196 [1.767e6]
         [Stop] 
     [2429] 0xf9################################9D696::balanceOf(ContractTest: [0x7F################################e1496]) [staticcall]
         [Return] 1767196 [1.767e6]
     [6079] 0xf9################################9D696::deliver(1767196 [1.767e6])
         [Stop] 
     [14191] 0x45################################84438::skim(ContractTest: [0x7F################################e1496])
        [534] 0xbb################################c095c::balanceOf(0x45################################84438) [staticcall]
            [Return] 104850002462253046399 [1.048e20]
        [3262] 0xbb################################c095c::transfer(ContractTest: [0x7F################################e1496], 0)
           emit Transfer(from: 0x45################################84438, to: ContractTest: [0x7F################################e1496], value: 0)
            [Return] true
        [2429] 0xf9################################9D696::balanceOf(0x45################################84438) [staticcall]
            [Return] 1
        [631] 0xf9################################9D696::transfer(ContractTest: [0x7F################################e1496], 0)
            [Revert] revert: Transfer amount must be greater than zero
         [Revert] revert: Pancake: TRANSFER_FAILED
      [Revert] revert: Pancake: TRANSFER_FAILED

Suite result: FAILED. 0 passed; 1 failed; 0 skipped; finished in 1.81s (1.07s CPU time)

Ran 1 test suite in 1.83s (1.81s CPU time): 0 tests passed, 1 failed, 0 skipped (1 total tests)

Failing tests:
Encountered 1 failing test in src/migration_result_test2/TINU_exp.t.sol/0xf9################################9D696.sol:ContractTest
[FAIL: revert: Pancake: TRANSFER_FAILED] test() (gas: 192055)

Encountered a total of 1 failing tests, 0 tests succeeded
