Compiling 25 files with Solc 0.8.28
Solc 0.8.28 finished in 1.46s
Compiler run successful with warnings:
Warning (6321): Unnamed return variable can remain unassigned. Add an explicit return with value to all non-reverting code paths or name the variable.
   --> lib/Common.sol:118:93:
    |
118 |     function prepareInitialCapital(address from, address to, uint amount) internal returns (bool) {
    |                                                                                             ^^^^

Warning (2018): Function state mutability can be restricted to view
 --> lib/Common.sol:7:5:
  |
7 |     function getRouterAndMainToken() internal returns (address, address[] memory){
  |     ^ (Relevant source part starts here and spans across multiple lines).

Warning (2018): Function state mutability can be restricted to pure
  --> lib/Common.sol:99:5:
   |
99 |     function tokenInArray(address token, address[] memory array) internal returns (bool){
   |     ^ (Relevant source part starts here and spans across multiple lines).


Ran 1 test for src/migration_result_test2/TINU_exp.t.sol/0xD6################################26109.sol:ContractTest
[FAIL: revert: UniswapV2: TRANSFER_FAILED] test() (gas: 228450)
Traces:
  [228450] ContractTest::test()
     [2534] 0xC0################################56Cc2::balanceOf(ContractTest: [0x7F################################e1496]) [staticcall]
         [Return] 104850000000000000000 [1.048e20]
     [159431] 0x7a################################2488D::swapExactTokensForTokensSupportingFeeOnTransferTokens(104850000000000000000 [1.048e20], 0, [0xC0################################56Cc2, 0xD6################################26109], ContractTest: [0x7F################################e1496], 115792089237316195423570985008687907853269984665640564039457584007913129639935 [1.157e77])
        [13025] 0xC0################################56Cc2::transferFrom(ContractTest: [0x7F################################e1496], 0x79################################36f24, 104850000000000000000 [1.048e20])
           emit Transfer(from: ContractTest: [0x7F################################e1496], to: 0x79################################36f24, value: 104850000000000000000 [1.048e20])
            [Return] true
        [20543] 0xD6################################26109::balanceOf(ContractTest: [0x7F################################e1496]) [staticcall]
            [Return] 0
        [2504] 0x79################################36f24::getReserves() [staticcall]
            [Return] 15778 [1.577e4], 64, 1660921823 [1.66e9]
        [534] 0xC0################################56Cc2::balanceOf(0x79################################36f24) [staticcall]
            [Return] 104850000000000015778 [1.048e20]
        [106140] 0x79################################36f24::swap(0, 63, ContractTest: [0x7F################################e1496], 0x)
           [69740] 0xD6################################26109::transfer(ContractTest: [0x7F################################e1496], 63)
              emit Transfer(from: 0x79################################36f24, to: ContractTest: [0x7F################################e1496], value: 54)
               [Return] true
           [534] 0xC0################################56Cc2::balanceOf(0x79################################36f24) [staticcall]
               [Return] 104850000000000015778 [1.048e20]
           [4543] 0xD6################################26109::balanceOf(0x79################################36f24) [staticcall]
               [Return] 1
           emit Sync(reserve0: 104850000000000015778 [1.048e20], reserve1: 1)
           emit Swap(sender: 0x7a################################2488D, amount0In: 104850000000000000000 [1.048e20], amount1In: 0, amount0Out: 0, amount1Out: 63, to: ContractTest: [0x7F################################e1496])
            [Stop] 
        [4543] 0xD6################################26109::balanceOf(ContractTest: [0x7F################################e1496]) [staticcall]
            [Return] 54
         [Stop] 
     [4543] 0xD6################################26109::balanceOf(ContractTest: [0x7F################################e1496]) [staticcall]
         [Return] 54
     [29673] 0xD6################################26109::deliver(54)
         [Stop] 
     [15734] 0x79################################36f24::skim(ContractTest: [0x7F################################e1496])
        [534] 0xC0################################56Cc2::balanceOf(0x79################################36f24) [staticcall]
            [Return] 104850000000000015778 [1.048e20]
        [3262] 0xC0################################56Cc2::transfer(ContractTest: [0x7F################################e1496], 0)
           emit Transfer(from: 0x79################################36f24, to: ContractTest: [0x7F################################e1496], value: 0)
            [Return] true
        [4543] 0xD6################################26109::balanceOf(0x79################################36f24) [staticcall]
            [Return] 1
        [634] 0xD6################################26109::transfer(ContractTest: [0x7F################################e1496], 0)
            [Revert] revert: AFTRBRN: Transfer amount must be greater than zero
         [Revert] revert: UniswapV2: TRANSFER_FAILED
      [Revert] revert: UniswapV2: TRANSFER_FAILED

Suite result: FAILED. 0 passed; 1 failed; 0 skipped; finished in 489.70ms (3.18ms CPU time)

Ran 1 test suite in 498.60ms (489.70ms CPU time): 0 tests passed, 1 failed, 0 skipped (1 total tests)

Failing tests:
Encountered 1 failing test in src/migration_result_test2/TINU_exp.t.sol/0xD6################################26109.sol:ContractTest
[FAIL: revert: UniswapV2: TRANSFER_FAILED] test() (gas: 228450)

Encountered a total of 1 failing tests, 0 tests succeeded
