Compiling 25 files with Solc 0.8.28
Solc 0.8.28 finished in 1.41s
Compiler run successful with warnings:
Warning (6321): Unnamed return variable can remain unassigned. Add an explicit return with value to all non-reverting code paths or name the variable.
   --> lib/Common.sol:118:93:
    |
118 |     function prepareInitialCapital(address from, address to, uint amount) internal returns (bool) {
    |                                                                                             ^^^^

Warning (2018): Function state mutability can be restricted to view
 --> lib/Common.sol:7:5:
  |
7 |     function getRouterAndMainToken() internal returns (address, address[] memory){
  |     ^ (Relevant source part starts here and spans across multiple lines).

Warning (2018): Function state mutability can be restricted to pure
  --> lib/Common.sol:99:5:
   |
99 |     function tokenInArray(address token, address[] memory array) internal returns (bool){
   |     ^ (Relevant source part starts here and spans across multiple lines).


Ran 1 test for src/migration_result_test2/TINU_exp.t.sol/0xb0################################1738d.sol:ContractTest
[FAIL: revert: Pancake: TRANSFER_FAILED] test() (gas: 85199)
Traces:
  [85199] ContractTest::test()
     [2534] 0xbb################################c095c::balanceOf(ContractTest: [0x7F################################e1496]) [staticcall]
         [Return] 104850000000000000000 [1.048e20]
     [69417] 0x10################################6024E::swapExactTokensForTokensSupportingFeeOnTransferTokens(104850000000000000000 [1.048e20], 0, [0xbb################################c095c, 0xb0################################1738D], ContractTest: [0x7F################################e1496], 115792089237316195423570985008687907853269984665640564039457584007913129639935 [1.157e77])
        [13025] 0xbb################################c095c::transferFrom(ContractTest: [0x7F################################e1496], 0x21################################8Ce85, 104850000000000000000 [1.048e20])
           emit Transfer(from: ContractTest: [0x7F################################e1496], to: 0x21################################8Ce85, value: 104850000000000000000 [1.048e20])
            [Return] true
        [12200] 0xb0################################1738D::balanceOf(ContractTest: [0x7F################################e1496]) [staticcall]
            [Return] 0
        [2893] 0x21################################8Ce85::getReserves() [staticcall]
            [Return] 407830996142171741968 [4.078e20], 11101370826912879 [1.11e16], 1642635549 [1.642e9]
        [534] 0xbb################################c095c::balanceOf(0x21################################8Ce85) [staticcall]
            [Return] 104861101370826912879 [1.048e20]
        [29250] 0x21################################8Ce85::swap(407787711941121508191 [4.077e20], 0, ContractTest: [0x7F################################e1496], 0x)
           [17477] 0xb0################################1738D::transfer(ContractTest: [0x7F################################e1496], 407787711941121508191 [4.077e20])
               [Revert] revert: Transfer amount exceeds the maxTxAmount.
            [Revert] revert: Pancake: TRANSFER_FAILED
         [Revert] revert: Pancake: TRANSFER_FAILED
      [Revert] revert: Pancake: TRANSFER_FAILED

Suite result: FAILED. 0 passed; 1 failed; 0 skipped; finished in 1.66s (910.77ms CPU time)

Ran 1 test suite in 1.70s (1.66s CPU time): 0 tests passed, 1 failed, 0 skipped (1 total tests)

Failing tests:
Encountered 1 failing test in src/migration_result_test2/TINU_exp.t.sol/0xb0################################1738d.sol:ContractTest
[FAIL: revert: Pancake: TRANSFER_FAILED] test() (gas: 85199)

Encountered a total of 1 failing tests, 0 tests succeeded
