Compiling 25 files with Solc 0.8.28
Solc 0.8.28 finished in 1.55s
Compiler run successful with warnings:
Warning (6321): Unnamed return variable can remain unassigned. Add an explicit return with value to all non-reverting code paths or name the variable.
   --> lib/Common.sol:118:93:
    |
118 |     function prepareInitialCapital(address from, address to, uint amount) internal returns (bool) {
    |                                                                                             ^^^^

Warning (2018): Function state mutability can be restricted to view
 --> lib/Common.sol:7:5:
  |
7 |     function getRouterAndMainToken() internal returns (address, address[] memory){
  |     ^ (Relevant source part starts here and spans across multiple lines).

Warning (2018): Function state mutability can be restricted to pure
  --> lib/Common.sol:99:5:
   |
99 |     function tokenInArray(address token, address[] memory array) internal returns (bool){
   |     ^ (Relevant source part starts here and spans across multiple lines).


Ran 1 test for src/migration_result_test2/TINU_exp.t.sol/0x3c################################2A2cE.sol:ContractTest
[FAIL: revert: Pancake: TRANSFER_FAILED] test() (gas: 74092)
Traces:
  [74092] ContractTest::test()
     [2534] 0xbb################################c095c::balanceOf(ContractTest: [0x7F################################e1496]) [staticcall]
         [Return] 104850000000000000000 [1.048e20]
     [58310] 0x10################################6024E::swapExactTokensForTokensSupportingFeeOnTransferTokens(104850000000000000000 [1.048e20], 0, [0xbb################################c095c, 0x3c################################2A2cE], ContractTest: [0x7F################################e1496], 115792089237316195423570985008687907853269984665640564039457584007913129639935 [1.157e77])
        [13025] 0xbb################################c095c::transferFrom(ContractTest: [0x7F################################e1496], 0xd8################################542Fd, 104850000000000000000 [1.048e20])
           emit Transfer(from: ContractTest: [0x7F################################e1496], to: 0xd8################################542Fd, value: 104850000000000000000 [1.048e20])
            [Return] true
        [12814] 0x3c################################2A2cE::balanceOf(ContractTest: [0x7F################################e1496]) [staticcall]
            [Return] 0
        [2893] 0xd8################################542Fd::getReserves() [staticcall]
            [Return] 321529734775547330250657 [3.215e23], 1837205509854345624 [1.837e18], 1647470639 [1.647e9]
        [534] 0xbb################################c095c::balanceOf(0xd8################################542Fd) [staticcall]
            [Return] 106687205509854345624 [1.066e20]
        [17529] 0xd8################################542Fd::swap(315979199154792549058709 [3.159e23], 0, ContractTest: [0x7F################################e1496], 0x)
           [5756] 0x3c################################2A2cE::transfer(ContractTest: [0x7F################################e1496], 315979199154792549058709 [3.159e23])
               [Revert] revert: MUSK VISION : Transfer amount exceeds the maxTxAmount.
            [Revert] revert: Pancake: TRANSFER_FAILED
         [Revert] revert: Pancake: TRANSFER_FAILED
      [Revert] revert: Pancake: TRANSFER_FAILED

Suite result: FAILED. 0 passed; 1 failed; 0 skipped; finished in 513.28ms (1.39ms CPU time)

Ran 1 test suite in 527.57ms (513.28ms CPU time): 0 tests passed, 1 failed, 0 skipped (1 total tests)

Failing tests:
Encountered 1 failing test in src/migration_result_test2/TINU_exp.t.sol/0x3c################################2A2cE.sol:ContractTest
[FAIL: revert: Pancake: TRANSFER_FAILED] test() (gas: 74092)

Encountered a total of 1 failing tests, 0 tests succeeded
