Compiling 25 files with Solc 0.8.28
Solc 0.8.28 finished in 1.42s
Compiler run successful with warnings:
Warning (6321): Unnamed return variable can remain unassigned. Add an explicit return with value to all non-reverting code paths or name the variable.
   --> lib/Common.sol:118:93:
    |
118 |     function prepareInitialCapital(address from, address to, uint amount) internal returns (bool) {
    |                                                                                             ^^^^

Warning (2018): Function state mutability can be restricted to view
 --> lib/Common.sol:7:5:
  |
7 |     function getRouterAndMainToken() internal returns (address, address[] memory){
  |     ^ (Relevant source part starts here and spans across multiple lines).

Warning (2018): Function state mutability can be restricted to pure
  --> lib/Common.sol:99:5:
   |
99 |     function tokenInArray(address token, address[] memory array) internal returns (bool){
   |     ^ (Relevant source part starts here and spans across multiple lines).


Ran 1 test for src/migration_result_test2/TINU_exp.t.sol/0xca################################a9145.sol:ContractTest
[FAIL: revert: Pancake: TRANSFER_FAILED] test() (gas: 224713)
Traces:
  [224713] ContractTest::test()
     [2534] 0xbb################################c095c::balanceOf(ContractTest: [0x7F################################e1496]) [staticcall]
         [Return] 104850000000000000000 [1.048e20]
     [184832] 0x10################################6024E::swapExactTokensForTokensSupportingFeeOnTransferTokens(104850000000000000000 [1.048e20], 0, [0xbb################################c095c, 0xcA################################A9145], ContractTest: [0x7F################################e1496], 115792089237316195423570985008687907853269984665640564039457584007913129639935 [1.157e77])
        [13025] 0xbb################################c095c::transferFrom(ContractTest: [0x7F################################e1496], 0xDb################################7B44f, 104850000000000000000 [1.048e20])
           emit Transfer(from: ContractTest: [0x7F################################e1496], to: 0xDb################################7B44f, value: 104850000000000000000 [1.048e20])
            [Return] true
        [10044] 0xcA################################A9145::balanceOf(ContractTest: [0x7F################################e1496]) [staticcall]
            [Return] 0
        [2893] 0xDb################################7B44f::getReserves() [staticcall]
            [Return] 12832097 [1.283e7], 10000000000006396809591216380831 [1e31], 1642100790 [1.642e9]
        [534] 0xbb################################c095c::balanceOf(0xDb################################7B44f) [staticcall]
            [Return] 104850000000012832097 [1.048e20]
        [144150] 0xDb################################7B44f::swap(0, 10000000000005169889453484675884 [1e31], ContractTest: [0x7F################################e1496], 0x)
           [108260] 0xcA################################A9145::transfer(ContractTest: [0x7F################################e1496], 10000000000005169889453484675884 [1e31])
              emit Transfer(from: 0xDb################################7B44f, to: ContractTest: [0x7F################################e1496], value: 9016000000004661172331261783779 [9.016e30])
              emit Transfer(from: 0xDb################################7B44f, to: 0x00################################00000, value: 100000000000051698894534846758 [1e29])
              emit Transfer(from: 0xDb################################7B44f, to: 0x47################################Cf253, value: 100000000000051698894534846758 [1e29])
               [Return] true
           [534] 0xbb################################c095c::balanceOf(0xDb################################7B44f) [staticcall]
               [Return] 104850000000012832097 [1.048e20]
           [2044] 0xcA################################A9145::balanceOf(0xDb################################7B44f) [staticcall]
               [Return] 1226920137731704947 [1.226e18]
           emit Sync(reserve0: 104850000000012832097 [1.048e20], reserve1: 1226920137731704947 [1.226e18])
           emit Swap(sender: 0x10################################6024E, amount0In: 104850000000000000000 [1.048e20], amount1In: 0, amount0Out: 0, amount1Out: 10000000000005169889453484675884 [1e31], to: ContractTest: [0x7F################################e1496])
            [Stop] 
        [2044] 0xcA################################A9145::balanceOf(ContractTest: [0x7F################################e1496]) [staticcall]
            [Return] 9016000000004661172331261783779 [9.016e30]
         [Stop] 
     [2044] 0xcA################################A9145::balanceOf(ContractTest: [0x7F################################e1496]) [staticcall]
         [Return] 9016000000004661172331261783779 [9.016e30]
     [5045] 0xcA################################A9145::deliver(9016000000004661172331261783779 [9.016e30])
         [Stop] 
     [13723] 0xDb################################7B44f::skim(ContractTest: [0x7F################################e1496])
        [534] 0xbb################################c095c::balanceOf(0xDb################################7B44f) [staticcall]
            [Return] 104850000000012832097 [1.048e20]
        [3262] 0xbb################################c095c::transfer(ContractTest: [0x7F################################e1496], 0)
           emit Transfer(from: 0xDb################################7B44f, to: ContractTest: [0x7F################################e1496], value: 0)
            [Return] true
        [2044] 0xcA################################A9145::balanceOf(0xDb################################7B44f) [staticcall]
            [Return] 1226920137731704947 [1.226e18]
        [548] 0xcA################################A9145::transfer(ContractTest: [0x7F################################e1496], 0)
            [Revert] revert: Transfer amount must be greater than zero
         [Revert] revert: Pancake: TRANSFER_FAILED
      [Revert] revert: Pancake: TRANSFER_FAILED

Suite result: FAILED. 0 passed; 1 failed; 0 skipped; finished in 2.07s (1.26s CPU time)

Ran 1 test suite in 2.10s (2.07s CPU time): 0 tests passed, 1 failed, 0 skipped (1 total tests)

Failing tests:
Encountered 1 failing test in src/migration_result_test2/TINU_exp.t.sol/0xca################################a9145.sol:ContractTest
[FAIL: revert: Pancake: TRANSFER_FAILED] test() (gas: 224713)

Encountered a total of 1 failing tests, 0 tests succeeded
