Compiling 25 files with Solc 0.8.28
Solc 0.8.28 finished in 1.48s
Compiler run successful with warnings:
Warning (6321): Unnamed return variable can remain unassigned. Add an explicit return with value to all non-reverting code paths or name the variable.
   --> lib/Common.sol:118:93:
    |
118 |     function prepareInitialCapital(address from, address to, uint amount) internal returns (bool) {
    |                                                                                             ^^^^

Warning (2018): Function state mutability can be restricted to view
 --> lib/Common.sol:7:5:
  |
7 |     function getRouterAndMainToken() internal returns (address, address[] memory){
  |     ^ (Relevant source part starts here and spans across multiple lines).

Warning (2018): Function state mutability can be restricted to pure
  --> lib/Common.sol:99:5:
   |
99 |     function tokenInArray(address token, address[] memory array) internal returns (bool){
   |     ^ (Relevant source part starts here and spans across multiple lines).


Ran 1 test for src/migration_result_test2/TINU_exp.t.sol/0x2e################################893ac.sol:ContractTest
[FAIL: revert: UniswapV2: TRANSFER_FAILED] test() (gas: 72073)
Traces:
  [72073] ContractTest::test()
     [2534] 0xC0################################56Cc2::balanceOf(ContractTest: [0x7F################################e1496]) [staticcall]
         [Return] 104850000000000000000 [1.048e20]
     [56291] 0x7a################################2488D::swapExactTokensForTokensSupportingFeeOnTransferTokens(104850000000000000000 [1.048e20], 0, [0xC0################################56Cc2, 0x2e################################893ac], ContractTest: [0x7F################################e1496], 115792089237316195423570985008687907853269984665640564039457584007913129639935 [1.157e77])
        [13025] 0xC0################################56Cc2::transferFrom(ContractTest: [0x7F################################e1496], 0x57################################87857, 104850000000000000000 [1.048e20])
           emit Transfer(from: ContractTest: [0x7F################################e1496], to: 0x57################################87857, value: 104850000000000000000 [1.048e20])
            [Return] true
        [12436] 0x2e################################893ac::balanceOf(ContractTest: [0x7F################################e1496]) [staticcall]
            [Return] 0
        [2504] 0x57################################87857::getReserves() [staticcall]
            [Return] 1271359253956884054690506313984 [1.271e30], 12452005319490229 [1.245e16], 1644581257 [1.644e9]
        [534] 0xC0################################56Cc2::balanceOf(0x57################################87857) [staticcall]
            [Return] 104862452005319490229 [1.048e20]
        [16277] 0x57################################87857::swap(1271207830811229264264605415471 [1.271e30], 0, ContractTest: [0x7F################################e1496], 0x)
           [5120] 0x2e################################893ac::transfer(ContractTest: [0x7F################################e1496], 1271207830811229264264605415471 [1.271e30])
               [Revert] revert: Transfer amount exceeds the maxTxAmount.
            [Revert] revert: UniswapV2: TRANSFER_FAILED
         [Revert] revert: UniswapV2: TRANSFER_FAILED
      [Revert] revert: UniswapV2: TRANSFER_FAILED

Suite result: FAILED. 0 passed; 1 failed; 0 skipped; finished in 1.54s (654.71ms CPU time)

Ran 1 test suite in 1.55s (1.54s CPU time): 0 tests passed, 1 failed, 0 skipped (1 total tests)

Failing tests:
Encountered 1 failing test in src/migration_result_test2/TINU_exp.t.sol/0x2e################################893ac.sol:ContractTest
[FAIL: revert: UniswapV2: TRANSFER_FAILED] test() (gas: 72073)

Encountered a total of 1 failing tests, 0 tests succeeded
