Compiling 25 files with Solc 0.8.28
Solc 0.8.28 finished in 1.46s
Compiler run successful with warnings:
Warning (6321): Unnamed return variable can remain unassigned. Add an explicit return with value to all non-reverting code paths or name the variable.
   --> lib/Common.sol:118:93:
    |
118 |     function prepareInitialCapital(address from, address to, uint amount) internal returns (bool) {
    |                                                                                             ^^^^

Warning (2018): Function state mutability can be restricted to view
 --> lib/Common.sol:7:5:
  |
7 |     function getRouterAndMainToken() internal returns (address, address[] memory){
  |     ^ (Relevant source part starts here and spans across multiple lines).

Warning (2018): Function state mutability can be restricted to pure
  --> lib/Common.sol:99:5:
   |
99 |     function tokenInArray(address token, address[] memory array) internal returns (bool){
   |     ^ (Relevant source part starts here and spans across multiple lines).


Ran 1 test for src/migration_result_test2/TINU_exp.t.sol/0x42################################C1711.sol:ContractTest
[FAIL: revert: Pancake: TRANSFER_FAILED] test() (gas: 264760)
Traces:
  [264760] ContractTest::test()
     [2534] 0xbb################################c095c::balanceOf(ContractTest: [0x7F################################e1496]) [staticcall]
         [Return] 104850000000000000000 [1.048e20]
     [213362] 0x10################################6024E::swapExactTokensForTokensSupportingFeeOnTransferTokens(104850000000000000000 [1.048e20], 0, [0xbb################################c095c, 0x42################################C1711], ContractTest: [0x7F################################e1496], 115792089237316195423570985008687907853269984665640564039457584007913129639935 [1.157e77])
        [13025] 0xbb################################c095c::transferFrom(ContractTest: [0x7F################################e1496], 0x9c################################9C38C, 104850000000000000000 [1.048e20])
           emit Transfer(from: ContractTest: [0x7F################################e1496], to: 0x9c################################9C38C, value: 104850000000000000000 [1.048e20])
            [Return] true
        [29331] 0x42################################C1711::balanceOf(ContractTest: [0x7F################################e1496]) [staticcall]
            [Return] 0
        [2893] 0x9c################################9C38C::getReserves() [staticcall]
            [Return] 912507 [9.125e5], 1913071808818 [1.913e12], 1626932623 [1.626e9]
        [534] 0xbb################################c095c::balanceOf(0x9c################################9C38C) [staticcall]
            [Return] 104850001913071808818 [1.048e20]
        [148056] 0x9c################################9C38C::swap(912506 [9.125e5], 0, ContractTest: [0x7F################################e1496], 0x)
           [106879] 0x42################################C1711::transfer(ContractTest: [0x7F################################e1496], 912506 [9.125e5])
              emit Transfer(from: 0x9c################################9C38C, to: ContractTest: [0x7F################################e1496], value: 866882 [8.668e5])
               [Return] true
           [7331] 0x42################################C1711::balanceOf(0x9c################################9C38C) [staticcall]
               [Return] 1
           [534] 0xbb################################c095c::balanceOf(0x9c################################9C38C) [staticcall]
               [Return] 104850001913071808818 [1.048e20]
           emit Sync(reserve0: 1, reserve1: 104850001913071808818 [1.048e20])
           emit Swap(sender: 0x10################################6024E, amount0In: 0, amount1In: 104850000000000000000 [1.048e20], amount0Out: 912506 [9.125e5], amount1Out: 0, to: ContractTest: [0x7F################################e1496])
            [Stop] 
        [7331] 0x42################################C1711::balanceOf(ContractTest: [0x7F################################e1496]) [staticcall]
            [Return] 866882 [8.668e5]
         [Stop] 
     [7331] 0x42################################C1711::balanceOf(ContractTest: [0x7F################################e1496]) [staticcall]
         [Return] 866882 [8.668e5]
     [11607] 0x42################################C1711::deliver(866882 [8.668e5])
         [Stop] 
     [13391] 0x9c################################9C38C::skim(ContractTest: [0x7F################################e1496])
        [7331] 0x42################################C1711::balanceOf(0x9c################################9C38C) [staticcall]
            [Return] 1
        [605] 0x42################################C1711::transfer(ContractTest: [0x7F################################e1496], 0)
            [Revert] revert: Transfer amount must be greater than zero
         [Revert] revert: Pancake: TRANSFER_FAILED
      [Revert] revert: Pancake: TRANSFER_FAILED

Suite result: FAILED. 0 passed; 1 failed; 0 skipped; finished in 540.23ms (3.84ms CPU time)

Ran 1 test suite in 560.70ms (540.23ms CPU time): 0 tests passed, 1 failed, 0 skipped (1 total tests)

Failing tests:
Encountered 1 failing test in src/migration_result_test2/TINU_exp.t.sol/0x42################################C1711.sol:ContractTest
[FAIL: revert: Pancake: TRANSFER_FAILED] test() (gas: 264760)

Encountered a total of 1 failing tests, 0 tests succeeded
