Compiling 25 files with Solc 0.8.28
Solc 0.8.28 finished in 1.46s
Compiler run successful with warnings:
Warning (6321): Unnamed return variable can remain unassigned. Add an explicit return with value to all non-reverting code paths or name the variable.
   --> lib/Common.sol:118:93:
    |
118 |     function prepareInitialCapital(address from, address to, uint amount) internal returns (bool) {
    |                                                                                             ^^^^

Warning (2018): Function state mutability can be restricted to view
 --> lib/Common.sol:7:5:
  |
7 |     function getRouterAndMainToken() internal returns (address, address[] memory){
  |     ^ (Relevant source part starts here and spans across multiple lines).

Warning (2018): Function state mutability can be restricted to pure
  --> lib/Common.sol:99:5:
   |
99 |     function tokenInArray(address token, address[] memory array) internal returns (bool){
   |     ^ (Relevant source part starts here and spans across multiple lines).


Ran 1 test for src/migration_result_test2/TINU_exp.t.sol/0x92################################cC01d.sol:ContractTest
[FAIL: revert: Pancake: TRANSFER_FAILED] test() (gas: 72877)
Traces:
  [72877] ContractTest::test()
     [2534] 0xbb################################c095c::balanceOf(ContractTest: [0x7F################################e1496]) [staticcall]
         [Return] 104850000000000000000 [1.048e20]
     [57095] 0x10################################6024E::swapExactTokensForTokensSupportingFeeOnTransferTokens(104850000000000000000 [1.048e20], 0, [0xbb################################c095c, 0x92################################cC01d], ContractTest: [0x7F################################e1496], 115792089237316195423570985008687907853269984665640564039457584007913129639935 [1.157e77])
        [13025] 0xbb################################c095c::transferFrom(ContractTest: [0x7F################################e1496], 0x22################################7D46b, 104850000000000000000 [1.048e20])
           emit Transfer(from: ContractTest: [0x7F################################e1496], to: 0x22################################7D46b, value: 104850000000000000000 [1.048e20])
            [Return] true
        [12222] 0x92################################cC01d::balanceOf(ContractTest: [0x7F################################e1496]) [staticcall]
            [Return] 0
        [2893] 0x22################################7D46b::getReserves() [staticcall]
            [Return] 885632519760 [8.856e11], 8314409706983437 [8.314e15], 1638699844 [1.638e9]
        [534] 0xbb################################c095c::balanceOf(0x22################################7D46b) [staticcall]
            [Return] 104858314409706983437 [1.048e20]
        [16906] 0x22################################7D46b::swap(885562120334 [8.855e11], 0, ContractTest: [0x7F################################e1496], 0x)
           [5133] 0x92################################cC01d::transfer(ContractTest: [0x7F################################e1496], 885562120334 [8.855e11])
               [Revert] revert: Transfer amount exceeds the maxTxAmount.
            [Revert] revert: Pancake: TRANSFER_FAILED
         [Revert] revert: Pancake: TRANSFER_FAILED
      [Revert] revert: Pancake: TRANSFER_FAILED

Suite result: FAILED. 0 passed; 1 failed; 0 skipped; finished in 1.28s (574.66ms CPU time)

Ran 1 test suite in 1.35s (1.28s CPU time): 0 tests passed, 1 failed, 0 skipped (1 total tests)

Failing tests:
Encountered 1 failing test in src/migration_result_test2/TINU_exp.t.sol/0x92################################cC01d.sol:ContractTest
[FAIL: revert: Pancake: TRANSFER_FAILED] test() (gas: 72877)

Encountered a total of 1 failing tests, 0 tests succeeded
