Compiling 25 files with Solc 0.8.28
Solc 0.8.28 finished in 1.47s
Compiler run successful with warnings:
Warning (6321): Unnamed return variable can remain unassigned. Add an explicit return with value to all non-reverting code paths or name the variable.
   --> lib/Common.sol:118:93:
    |
118 |     function prepareInitialCapital(address from, address to, uint amount) internal returns (bool) {
    |                                                                                             ^^^^

Warning (2018): Function state mutability can be restricted to view
 --> lib/Common.sol:7:5:
  |
7 |     function getRouterAndMainToken() internal returns (address, address[] memory){
  |     ^ (Relevant source part starts here and spans across multiple lines).

Warning (2018): Function state mutability can be restricted to pure
  --> lib/Common.sol:99:5:
   |
99 |     function tokenInArray(address token, address[] memory array) internal returns (bool){
   |     ^ (Relevant source part starts here and spans across multiple lines).


Ran 1 test for src/migration_result_test2/TINU_exp.t.sol/0xEF################################06718.sol:ContractTest
[FAIL: revert: Pancake: TRANSFER_FAILED] test() (gas: 91823)
Traces:
  [91823] ContractTest::test()
     [2534] 0xbb################################c095c::balanceOf(ContractTest: [0x7F################################e1496]) [staticcall]
         [Return] 104850000000000000000 [1.048e20]
     [76041] 0x10################################6024E::swapExactTokensForTokensSupportingFeeOnTransferTokens(104850000000000000000 [1.048e20], 0, [0xbb################################c095c, 0xEF################################06718], ContractTest: [0x7F################################e1496], 115792089237316195423570985008687907853269984665640564039457584007913129639935 [1.157e77])
        [13025] 0xbb################################c095c::transferFrom(ContractTest: [0x7F################################e1496], 0xD4################################3D6a9, 104850000000000000000 [1.048e20])
           emit Transfer(from: ContractTest: [0x7F################################e1496], to: 0xD4################################3D6a9, value: 104850000000000000000 [1.048e20])
            [Return] true
        [12199] 0xEF################################06718::balanceOf(ContractTest: [0x7F################################e1496]) [staticcall]
            [Return] 0
        [2893] 0xD4################################3D6a9::getReserves() [staticcall]
            [Return] 1938785747450607 [1.938e15], 20503418420930395150 [2.05e19], 1644432871 [1.644e9]
        [534] 0xbb################################c095c::balanceOf(0xD4################################3D6a9) [staticcall]
            [Return] 104851938785747450607 [1.048e20]
        [35925] 0xD4################################3D6a9::swap(0, 20503038348206583368 [2.05e19], ContractTest: [0x7F################################e1496], 0x)
           [24121] 0xEF################################06718::transfer(ContractTest: [0x7F################################e1496], 20503038348206583368 [2.05e19])
               [Revert] revert: SafeMath: subtraction overflow
            [Revert] revert: Pancake: TRANSFER_FAILED
         [Revert] revert: Pancake: TRANSFER_FAILED
      [Revert] revert: Pancake: TRANSFER_FAILED

Suite result: FAILED. 0 passed; 1 failed; 0 skipped; finished in 1.82s (1.09s CPU time)

Ran 1 test suite in 1.85s (1.82s CPU time): 0 tests passed, 1 failed, 0 skipped (1 total tests)

Failing tests:
Encountered 1 failing test in src/migration_result_test2/TINU_exp.t.sol/0xEF################################06718.sol:ContractTest
[FAIL: revert: Pancake: TRANSFER_FAILED] test() (gas: 91823)

Encountered a total of 1 failing tests, 0 tests succeeded
