Compiling 25 files with Solc 0.8.28
Solc 0.8.28 finished in 1.41s
Compiler run successful with warnings:
Warning (6321): Unnamed return variable can remain unassigned. Add an explicit return with value to all non-reverting code paths or name the variable.
   --> lib/Common.sol:118:93:
    |
118 |     function prepareInitialCapital(address from, address to, uint amount) internal returns (bool) {
    |                                                                                             ^^^^

Warning (2018): Function state mutability can be restricted to view
 --> lib/Common.sol:7:5:
  |
7 |     function getRouterAndMainToken() internal returns (address, address[] memory){
  |     ^ (Relevant source part starts here and spans across multiple lines).

Warning (2018): Function state mutability can be restricted to pure
  --> lib/Common.sol:99:5:
   |
99 |     function tokenInArray(address token, address[] memory array) internal returns (bool){
   |     ^ (Relevant source part starts here and spans across multiple lines).


Ran 1 test for src/migration_result_test2/TINU_exp.t.sol/0x13################################4cba1.sol:ContractTest
[FAIL: revert: Pancake: TRANSFER_FAILED] test() (gas: 91836)
Traces:
  [91836] ContractTest::test()
     [2534] 0xbb################################c095c::balanceOf(ContractTest: [0x7F################################e1496]) [staticcall]
         [Return] 104850000000000000000 [1.048e20]
     [76054] 0x10################################6024E::swapExactTokensForTokensSupportingFeeOnTransferTokens(104850000000000000000 [1.048e20], 0, [0xbb################################c095c, 0x13################################4cba1], ContractTest: [0x7F################################e1496], 115792089237316195423570985008687907853269984665640564039457584007913129639935 [1.157e77])
        [13025] 0xbb################################c095c::transferFrom(ContractTest: [0x7F################################e1496], 0xb3################################7638B, 104850000000000000000 [1.048e20])
           emit Transfer(from: ContractTest: [0x7F################################e1496], to: 0xb3################################7638B, value: 104850000000000000000 [1.048e20])
            [Return] true
        [12199] 0x13################################4cba1::balanceOf(ContractTest: [0x7F################################e1496]) [staticcall]
            [Return] 0
        [2893] 0xb3################################7638B::getReserves() [staticcall]
            [Return] 10000010000000000 [1e16], 11303415450395 [1.13e13], 1644685378 [1.644e9]
        [534] 0xbb################################c095c::balanceOf(0xb3################################7638B) [staticcall]
            [Return] 104850011303415450395 [1.048e20]
        [35888] 0xb3################################7638B::swap(10000008919241304 [1e16], 0, ContractTest: [0x7F################################e1496], 0x)
           [24121] 0x13################################4cba1::transfer(ContractTest: [0x7F################################e1496], 10000008919241304 [1e16])
               [Revert] revert: SafeMath: subtraction overflow
            [Revert] revert: Pancake: TRANSFER_FAILED
         [Revert] revert: Pancake: TRANSFER_FAILED
      [Revert] revert: Pancake: TRANSFER_FAILED

Suite result: FAILED. 0 passed; 1 failed; 0 skipped; finished in 1.73s (841.54ms CPU time)

Ran 1 test suite in 1.77s (1.73s CPU time): 0 tests passed, 1 failed, 0 skipped (1 total tests)

Failing tests:
Encountered 1 failing test in src/migration_result_test2/TINU_exp.t.sol/0x13################################4cba1.sol:ContractTest
[FAIL: revert: Pancake: TRANSFER_FAILED] test() (gas: 91836)

Encountered a total of 1 failing tests, 0 tests succeeded
