Compiling 25 files with Solc 0.8.28
Solc 0.8.28 finished in 1.44s
Compiler run successful with warnings:
Warning (6321): Unnamed return variable can remain unassigned. Add an explicit return with value to all non-reverting code paths or name the variable.
   --> lib/Common.sol:118:93:
    |
118 |     function prepareInitialCapital(address from, address to, uint amount) internal returns (bool) {
    |                                                                                             ^^^^

Warning (2018): Function state mutability can be restricted to view
 --> lib/Common.sol:7:5:
  |
7 |     function getRouterAndMainToken() internal returns (address, address[] memory){
  |     ^ (Relevant source part starts here and spans across multiple lines).

Warning (2018): Function state mutability can be restricted to pure
  --> lib/Common.sol:99:5:
   |
99 |     function tokenInArray(address token, address[] memory array) internal returns (bool){
   |     ^ (Relevant source part starts here and spans across multiple lines).


Ran 1 test for src/migration_result_test2/TINU_exp.t.sol/0x1b################################42252.sol:ContractTest
[FAIL: revert: Pancake: TRANSFER_FAILED] test() (gas: 200822)
Traces:
  [200822] ContractTest::test()
     [2534] 0xbb################################c095c::balanceOf(ContractTest: [0x7F################################e1496]) [staticcall]
         [Return] 104850000000000000000 [1.048e20]
     [150337] 0x10################################6024E::swapExactTokensForTokensSupportingFeeOnTransferTokens(104850000000000000000 [1.048e20], 0, [0xbb################################c095c, 0x1B################################42252], ContractTest: [0x7F################################e1496], 115792089237316195423570985008687907853269984665640564039457584007913129639935 [1.157e77])
        [13025] 0xbb################################c095c::transferFrom(ContractTest: [0x7F################################e1496], 0x4A################################1255b, 104850000000000000000 [1.048e20])
           emit Transfer(from: ContractTest: [0x7F################################e1496], to: 0x4A################################1255b, value: 104850000000000000000 [1.048e20])
            [Return] true
        [12429] 0x1B################################42252::balanceOf(ContractTest: [0x7F################################e1496]) [staticcall]
            [Return] 0
        [2893] 0x4A################################1255b::getReserves() [staticcall]
            [Return] 773532536 [7.735e8], 4000049093063 [4e12], 1643467726 [1.643e9]
        [534] 0xbb################################c095c::balanceOf(0x4A################################1255b) [staticcall]
            [Return] 104850004000049093063 [1.048e20]
        [106835] 0x4A################################1255b::swap(773532506 [7.735e8], 0, ContractTest: [0x7F################################e1496], 0x)
           [70560] 0x1B################################42252::transfer(ContractTest: [0x7F################################e1496], 773532506 [7.735e8])
              emit Transfer(from: 0x4A################################1255b, to: ContractTest: [0x7F################################e1496], value: 727120556 [7.271e8])
               [Return] true
           [2429] 0x1B################################42252::balanceOf(0x4A################################1255b) [staticcall]
               [Return] 30
           [534] 0xbb################################c095c::balanceOf(0x4A################################1255b) [staticcall]
               [Return] 104850004000049093063 [1.048e20]
           emit Sync(reserve0: 30, reserve1: 104850004000049093063 [1.048e20])
           emit Swap(sender: 0x10################################6024E, amount0In: 0, amount1In: 104850000000000000000 [1.048e20], amount0Out: 773532506 [7.735e8], amount1Out: 0, to: ContractTest: [0x7F################################e1496])
            [Stop] 
        [2429] 0x1B################################42252::balanceOf(ContractTest: [0x7F################################e1496]) [staticcall]
            [Return] 727120589 [7.271e8]
         [Stop] 
     [2429] 0x1B################################42252::balanceOf(ContractTest: [0x7F################################e1496]) [staticcall]
         [Return] 727120589 [7.271e8]
     [6079] 0x1B################################42252::deliver(727120589 [7.271e8])
         [Stop] 
     [20408] 0x7B################################16a03::skim(ContractTest: [0x7F################################e1496])
        [6429] 0x1B################################42252::balanceOf(0x7B################################16a03) [staticcall]
            [Return] 0
        [631] 0x1B################################42252::transfer(ContractTest: [0x7F################################e1496], 0)
            [Revert] revert: Transfer amount must be greater than zero
         [Revert] revert: Pancake: TRANSFER_FAILED
      [Revert] revert: Pancake: TRANSFER_FAILED

Suite result: FAILED. 0 passed; 1 failed; 0 skipped; finished in 2.26s (1.48s CPU time)

Ran 1 test suite in 2.28s (2.26s CPU time): 0 tests passed, 1 failed, 0 skipped (1 total tests)

Failing tests:
Encountered 1 failing test in src/migration_result_test2/TINU_exp.t.sol/0x1b################################42252.sol:ContractTest
[FAIL: revert: Pancake: TRANSFER_FAILED] test() (gas: 200822)

Encountered a total of 1 failing tests, 0 tests succeeded
