Compiling 25 files with Solc 0.8.28
Solc 0.8.28 finished in 1.44s
Compiler run successful with warnings:
Warning (6321): Unnamed return variable can remain unassigned. Add an explicit return with value to all non-reverting code paths or name the variable.
   --> lib/Common.sol:118:93:
    |
118 |     function prepareInitialCapital(address from, address to, uint amount) internal returns (bool) {
    |                                                                                             ^^^^

Warning (2018): Function state mutability can be restricted to view
 --> lib/Common.sol:7:5:
  |
7 |     function getRouterAndMainToken() internal returns (address, address[] memory){
  |     ^ (Relevant source part starts here and spans across multiple lines).

Warning (2018): Function state mutability can be restricted to pure
  --> lib/Common.sol:99:5:
   |
99 |     function tokenInArray(address token, address[] memory array) internal returns (bool){
   |     ^ (Relevant source part starts here and spans across multiple lines).


Ran 1 test for src/migration_result_test2/TINU_exp.t.sol/0x62################################4D4E0.sol:ContractTest
[FAIL: revert: Pancake: TRANSFER_FAILED] test() (gas: 74988)
Traces:
  [74988] ContractTest::test()
     [2534] 0xbb################################c095c::balanceOf(ContractTest: [0x7F################################e1496]) [staticcall]
         [Return] 104850000000000000000 [1.048e20]
     [59206] 0x10################################6024E::swapExactTokensForTokensSupportingFeeOnTransferTokens(104850000000000000000 [1.048e20], 0, [0xbb################################c095c, 0x62################################4D4E0], ContractTest: [0x7F################################e1496], 115792089237316195423570985008687907853269984665640564039457584007913129639935 [1.157e77])
        [13025] 0xbb################################c095c::transferFrom(ContractTest: [0x7F################################e1496], 0x82################################37b18, 104850000000000000000 [1.048e20])
           emit Transfer(from: ContractTest: [0x7F################################e1496], to: 0x82################################37b18, value: 104850000000000000000 [1.048e20])
            [Return] true
        [12056] 0x62################################4D4E0::balanceOf(ContractTest: [0x7F################################e1496]) [staticcall]
            [Return] 0
        [2893] 0x82################################37b18::getReserves() [staticcall]
            [Return] 3947002439831420326583511376 [3.947e27], 5468750351292991347 [5.468e18], 1648495068 [1.648e9]
        [534] 0xbb################################c095c::balanceOf(0x82################################37b18) [staticcall]
            [Return] 110318750351292991347 [1.103e20]
        [19183] 0x82################################37b18::swap(3750874574648528979454780377 [3.75e27], 0, ContractTest: [0x7F################################e1496], 0x)
           [7410] 0x62################################4D4E0::transfer(ContractTest: [0x7F################################e1496], 3750874574648528979454780377 [3.75e27])
               [Revert] revert: Transfer amount exceeds the maxTxAmount.
            [Revert] revert: Pancake: TRANSFER_FAILED
         [Revert] revert: Pancake: TRANSFER_FAILED
      [Revert] revert: Pancake: TRANSFER_FAILED

Suite result: FAILED. 0 passed; 1 failed; 0 skipped; finished in 491.45ms (1.56ms CPU time)

Ran 1 test suite in 526.12ms (491.45ms CPU time): 0 tests passed, 1 failed, 0 skipped (1 total tests)

Failing tests:
Encountered 1 failing test in src/migration_result_test2/TINU_exp.t.sol/0x62################################4D4E0.sol:ContractTest
[FAIL: revert: Pancake: TRANSFER_FAILED] test() (gas: 74988)

Encountered a total of 1 failing tests, 0 tests succeeded
