Compiling 25 files with Solc 0.8.28
Solc 0.8.28 finished in 1.41s
Compiler run successful with warnings:
Warning (6321): Unnamed return variable can remain unassigned. Add an explicit return with value to all non-reverting code paths or name the variable.
   --> lib/Common.sol:118:93:
    |
118 |     function prepareInitialCapital(address from, address to, uint amount) internal returns (bool) {
    |                                                                                             ^^^^

Warning (2018): Function state mutability can be restricted to view
 --> lib/Common.sol:7:5:
  |
7 |     function getRouterAndMainToken() internal returns (address, address[] memory){
  |     ^ (Relevant source part starts here and spans across multiple lines).

Warning (2018): Function state mutability can be restricted to pure
  --> lib/Common.sol:99:5:
   |
99 |     function tokenInArray(address token, address[] memory array) internal returns (bool){
   |     ^ (Relevant source part starts here and spans across multiple lines).


Ran 1 test for src/migration_result_test2/TINU_exp.t.sol/0xae################################8945f.sol:ContractTest
[FAIL: revert: Pancake: TRANSFER_FAILED] test() (gas: 326081)
Traces:
  [326081] ContractTest::test()
     [2534] 0xbb################################c095c::balanceOf(ContractTest: [0x7F################################e1496]) [staticcall]
         [Return] 104850000000000000000 [1.048e20]
     [274152] 0x10################################6024E::swapExactTokensForTokensSupportingFeeOnTransferTokens(104850000000000000000 [1.048e20], 0, [0xbb################################c095c, 0xAE################################8945f], ContractTest: [0x7F################################e1496], 115792089237316195423570985008687907853269984665640564039457584007913129639935 [1.157e77])
        [13025] 0xbb################################c095c::transferFrom(ContractTest: [0x7F################################e1496], 0x72################################69038, 104850000000000000000 [1.048e20])
           emit Transfer(from: ContractTest: [0x7F################################e1496], to: 0x72################################69038, value: 104850000000000000000 [1.048e20])
            [Return] true
        [40928] 0xAE################################8945f::balanceOf(ContractTest: [0x7F################################e1496]) [staticcall]
            [Return] 0
        [2893] 0x72################################69038::getReserves() [staticcall]
            [Return] 245, 4083, 1629473328 [1.629e9]
        [534] 0xbb################################c095c::balanceOf(0x72################################69038) [staticcall]
            [Return] 104850000000000004083 [1.048e20]
        [193652] 0x72################################69038::swap(244, 0, ContractTest: [0x7F################################e1496], 0x)
           [158982] 0xAE################################8945f::transfer(ContractTest: [0x7F################################e1496], 244)
              emit Transfer(from: 0x72################################69038, to: 0xAE################################8945f, value: 4)
              emit Transfer(from: 0x72################################69038, to: ContractTest: [0x7F################################e1496], value: 228)
               [Return] true
           [824] 0xAE################################8945f::balanceOf(0x72################################69038) [staticcall]
               [Return] 1
           [534] 0xbb################################c095c::balanceOf(0x72################################69038) [staticcall]
               [Return] 104850000000000004083 [1.048e20]
           emit Sync(reserve0: 1, reserve1: 104850000000000004083 [1.048e20])
           emit Swap(sender: 0x10################################6024E, amount0In: 0, amount1In: 104850000000000000000 [1.048e20], amount0Out: 244, amount1Out: 0, to: ContractTest: [0x7F################################e1496])
            [Stop] 
        [10928] 0xAE################################8945f::balanceOf(ContractTest: [0x7F################################e1496]) [staticcall]
            [Return] 228
         [Stop] 
     [10928] 0xAE################################8945f::balanceOf(ContractTest: [0x7F################################e1496]) [staticcall]
         [Return] 228
     [14975] 0xAE################################8945f::deliver(228)
         [Stop] 
     [6957] 0x72################################69038::skim(ContractTest: [0x7F################################e1496])
        [824] 0xAE################################8945f::balanceOf(0x72################################69038) [staticcall]
            [Return] 1
        [678] 0xAE################################8945f::transfer(ContractTest: [0x7F################################e1496], 0)
            [Revert] revert: Transfer amount must be greater than zero
         [Revert] revert: Pancake: TRANSFER_FAILED
      [Revert] revert: Pancake: TRANSFER_FAILED

Suite result: FAILED. 0 passed; 1 failed; 0 skipped; finished in 2.52s (1.74s CPU time)

Ran 1 test suite in 2.55s (2.52s CPU time): 0 tests passed, 1 failed, 0 skipped (1 total tests)

Failing tests:
Encountered 1 failing test in src/migration_result_test2/TINU_exp.t.sol/0xae################################8945f.sol:ContractTest
[FAIL: revert: Pancake: TRANSFER_FAILED] test() (gas: 326081)

Encountered a total of 1 failing tests, 0 tests succeeded
