Compiling 25 files with Solc 0.8.28
Solc 0.8.28 finished in 1.44s
Compiler run successful with warnings:
Warning (6321): Unnamed return variable can remain unassigned. Add an explicit return with value to all non-reverting code paths or name the variable.
   --> lib/Common.sol:118:93:
    |
118 |     function prepareInitialCapital(address from, address to, uint amount) internal returns (bool) {
    |                                                                                             ^^^^

Warning (2018): Function state mutability can be restricted to view
 --> lib/Common.sol:7:5:
  |
7 |     function getRouterAndMainToken() internal returns (address, address[] memory){
  |     ^ (Relevant source part starts here and spans across multiple lines).

Warning (2018): Function state mutability can be restricted to pure
  --> lib/Common.sol:99:5:
   |
99 |     function tokenInArray(address token, address[] memory array) internal returns (bool){
   |     ^ (Relevant source part starts here and spans across multiple lines).


Ran 1 test for src/migration_result_test2/TINU_exp.t.sol/0xdF################################Aa1cD.sol:ContractTest
[FAIL: revert: UniswapV2: TRANSFER_FAILED] test() (gas: 188012)
Traces:
  [188012] ContractTest::test()
     [2534] 0xC0################################56Cc2::balanceOf(ContractTest: [0x7F################################e1496]) [staticcall]
         [Return] 104850000000000000000 [1.048e20]
     [148026] 0x7a################################2488D::swapExactTokensForTokensSupportingFeeOnTransferTokens(104850000000000000000 [1.048e20], 0, [0xC0################################56Cc2, 0xdF################################Aa1cD], ContractTest: [0x7F################################e1496], 115792089237316195423570985008687907853269984665640564039457584007913129639935 [1.157e77])
        [13025] 0xC0################################56Cc2::transferFrom(ContractTest: [0x7F################################e1496], 0x8c################################9F27d, 104850000000000000000 [1.048e20])
           emit Transfer(from: ContractTest: [0x7F################################e1496], to: 0x8c################################9F27d, value: 104850000000000000000 [1.048e20])
            [Return] true
        [12244] 0xdF################################Aa1cD::balanceOf(ContractTest: [0x7F################################e1496]) [staticcall]
            [Return] 0
        [2504] 0x8c################################9F27d::getReserves() [staticcall]
            [Return] 122, 8448, 1627256078 [1.627e9]
        [534] 0xC0################################56Cc2::balanceOf(0x8c################################9F27d) [staticcall]
            [Return] 104850000000000000122 [1.048e20]
        [105333] 0x8c################################9F27d::swap(0, 8447, ContractTest: [0x7F################################e1496], 0x)
           [71232] 0xdF################################Aa1cD::transfer(ContractTest: [0x7F################################e1496], 8447)
              emit Transfer(from: 0x8c################################9F27d, to: ContractTest: [0x7F################################e1496], value: 7603)
               [Return] true
           [534] 0xC0################################56Cc2::balanceOf(0x8c################################9F27d) [staticcall]
               [Return] 104850000000000000122 [1.048e20]
           [2244] 0xdF################################Aa1cD::balanceOf(0x8c################################9F27d) [staticcall]
               [Return] 1
           emit Sync(reserve0: 104850000000000000122 [1.048e20], reserve1: 1)
           emit Swap(sender: 0x7a################################2488D, amount0In: 104850000000000000000 [1.048e20], amount1In: 0, amount0Out: 0, amount1Out: 8447, to: ContractTest: [0x7F################################e1496])
            [Stop] 
        [2244] 0xdF################################Aa1cD::balanceOf(ContractTest: [0x7F################################e1496]) [staticcall]
            [Return] 7603
         [Stop] 
     [2244] 0xdF################################Aa1cD::balanceOf(ContractTest: [0x7F################################e1496]) [staticcall]
         [Return] 7603
     [5267] 0xdF################################Aa1cD::deliver(7603)
         [Stop] 
     [13406] 0x8c################################9F27d::skim(ContractTest: [0x7F################################e1496])
        [534] 0xC0################################56Cc2::balanceOf(0x8c################################9F27d) [staticcall]
            [Return] 104850000000000000122 [1.048e20]
        [3262] 0xC0################################56Cc2::transfer(ContractTest: [0x7F################################e1496], 0)
           emit Transfer(from: 0x8c################################9F27d, to: ContractTest: [0x7F################################e1496], value: 0)
            [Return] true
        [2244] 0xdF################################Aa1cD::balanceOf(0x8c################################9F27d) [staticcall]
            [Return] 1
        [605] 0xdF################################Aa1cD::transfer(ContractTest: [0x7F################################e1496], 0)
            [Revert] revert: Transfer amount must be greater than zero
         [Revert] revert: UniswapV2: TRANSFER_FAILED
      [Revert] revert: UniswapV2: TRANSFER_FAILED

Suite result: FAILED. 0 passed; 1 failed; 0 skipped; finished in 1.93s (1.18s CPU time)

Ran 1 test suite in 1.94s (1.93s CPU time): 0 tests passed, 1 failed, 0 skipped (1 total tests)

Failing tests:
Encountered 1 failing test in src/migration_result_test2/TINU_exp.t.sol/0xdF################################Aa1cD.sol:ContractTest
[FAIL: revert: UniswapV2: TRANSFER_FAILED] test() (gas: 188012)

Encountered a total of 1 failing tests, 0 tests succeeded
