Compiling 25 files with Solc 0.8.28
Solc 0.8.28 finished in 1.47s
Compiler run successful with warnings:
Warning (6321): Unnamed return variable can remain unassigned. Add an explicit return with value to all non-reverting code paths or name the variable.
   --> lib/Common.sol:118:93:
    |
118 |     function prepareInitialCapital(address from, address to, uint amount) internal returns (bool) {
    |                                                                                             ^^^^

Warning (2018): Function state mutability can be restricted to view
 --> lib/Common.sol:7:5:
  |
7 |     function getRouterAndMainToken() internal returns (address, address[] memory){
  |     ^ (Relevant source part starts here and spans across multiple lines).

Warning (2018): Function state mutability can be restricted to pure
  --> lib/Common.sol:99:5:
   |
99 |     function tokenInArray(address token, address[] memory array) internal returns (bool){
   |     ^ (Relevant source part starts here and spans across multiple lines).


Ran 1 test for src/migration_result_test2/TINU_exp.t.sol/0x9f################################34db2.sol:ContractTest
[FAIL: revert: Pancake: TRANSFER_FAILED] test() (gas: 203703)
Traces:
  [203703] ContractTest::test()
     [2534] 0xbb################################c095c::balanceOf(ContractTest: [0x7F################################e1496]) [staticcall]
         [Return] 104850000000000000000 [1.048e20]
     [154602] 0x10################################6024E::swapExactTokensForTokensSupportingFeeOnTransferTokens(104850000000000000000 [1.048e20], 0, [0xbb################################c095c, 0x9f################################34Db2], ContractTest: [0x7F################################e1496], 115792089237316195423570985008687907853269984665640564039457584007913129639935 [1.157e77])
        [13025] 0xbb################################c095c::transferFrom(ContractTest: [0x7F################################e1496], 0x05################################Bd9aA, 104850000000000000000 [1.048e20])
           emit Transfer(from: ContractTest: [0x7F################################e1496], to: 0x05################################Bd9aA, value: 104850000000000000000 [1.048e20])
            [Return] true
        [12178] 0x9f################################34Db2::balanceOf(ContractTest: [0x7F################################e1496]) [staticcall]
            [Return] 0
        [2893] 0x05################################Bd9aA::getReserves() [staticcall]
            [Return] 53135419241895724396349 [5.313e22], 2130544077048169 [2.13e15], 1638322565 [1.638e9]
        [534] 0xbb################################c095c::balanceOf(0x05################################Bd9aA) [staticcall]
            [Return] 104852130544077048169 [1.048e20]
        [111602] 0x05################################Bd9aA::swap(53134336850206782534544 [5.313e22], 0, ContractTest: [0x7F################################e1496], 0x)
           [75581] 0x9f################################34Db2::transfer(ContractTest: [0x7F################################e1496], 53134336850206782534544 [5.313e22])
              emit Transfer(from: 0x05################################Bd9aA, to: ContractTest: [0x7F################################e1496], value: 47820903165186104281090 [4.782e22])
               [Return] true
           [2178] 0x9f################################34Db2::balanceOf(0x05################################Bd9aA) [staticcall]
               [Return] 1082420445788151834 [1.082e18]
           [534] 0xbb################################c095c::balanceOf(0x05################################Bd9aA) [staticcall]
               [Return] 104852130544077048169 [1.048e20]
           emit Sync(reserve0: 1082420445788151834 [1.082e18], reserve1: 104852130544077048169 [1.048e20])
           emit Swap(sender: 0x10################################6024E, amount0In: 28756846290029 [2.875e13], amount1In: 104850000000000000000 [1.048e20], amount0Out: 53134336850206782534544 [5.313e22], amount1Out: 0, to: ContractTest: [0x7F################################e1496])
            [Stop] 
        [2178] 0x9f################################34Db2::balanceOf(ContractTest: [0x7F################################e1496]) [staticcall]
            [Return] 47822173664928314975544 [4.782e22]
         [Stop] 
     [2178] 0x9f################################34Db2::balanceOf(ContractTest: [0x7F################################e1496]) [staticcall]
         [Return] 47822173664928314975544 [4.782e22]
     [5267] 0x9f################################34Db2::deliver(47822173664928314975544 [4.782e22])
         [Stop] 
     [20087] 0xCB################################BcDB3::skim(ContractTest: [0x7F################################e1496])
        [6178] 0x9f################################34Db2::balanceOf(0xCB################################BcDB3) [staticcall]
            [Return] 0
        [561] 0x9f################################34Db2::transfer(ContractTest: [0x7F################################e1496], 0)
            [Revert] revert: Transfer amount must be greater than zero
         [Revert] revert: Pancake: TRANSFER_FAILED
      [Revert] revert: Pancake: TRANSFER_FAILED

Suite result: FAILED. 0 passed; 1 failed; 0 skipped; finished in 2.31s (1.58s CPU time)

Ran 1 test suite in 2.33s (2.31s CPU time): 0 tests passed, 1 failed, 0 skipped (1 total tests)

Failing tests:
Encountered 1 failing test in src/migration_result_test2/TINU_exp.t.sol/0x9f################################34db2.sol:ContractTest
[FAIL: revert: Pancake: TRANSFER_FAILED] test() (gas: 203703)

Encountered a total of 1 failing tests, 0 tests succeeded
