Compiling 25 files with Solc 0.8.28
Solc 0.8.28 finished in 1.45s
Compiler run successful with warnings:
Warning (6321): Unnamed return variable can remain unassigned. Add an explicit return with value to all non-reverting code paths or name the variable.
   --> lib/Common.sol:118:93:
    |
118 |     function prepareInitialCapital(address from, address to, uint amount) internal returns (bool) {
    |                                                                                             ^^^^

Warning (2018): Function state mutability can be restricted to view
 --> lib/Common.sol:7:5:
  |
7 |     function getRouterAndMainToken() internal returns (address, address[] memory){
  |     ^ (Relevant source part starts here and spans across multiple lines).

Warning (2018): Function state mutability can be restricted to pure
  --> lib/Common.sol:99:5:
   |
99 |     function tokenInArray(address token, address[] memory array) internal returns (bool){
   |     ^ (Relevant source part starts here and spans across multiple lines).


Ran 1 test for src/migration_result_test2/TINU_exp.t.sol/0xf4################################82c9b.sol:ContractTest
[FAIL: revert: UniswapV2: TRANSFER_FAILED] test() (gas: 198473)
Traces:
  [198473] ContractTest::test()
     [2534] 0xC0################################56Cc2::balanceOf(ContractTest: [0x7F################################e1496]) [staticcall]
         [Return] 104850000000000000000 [1.048e20]
     [156793] 0x7a################################2488D::swapExactTokensForTokensSupportingFeeOnTransferTokens(104850000000000000000 [1.048e20], 0, [0xC0################################56Cc2, 0xf4################################82c9b], ContractTest: [0x7F################################e1496], 115792089237316195423570985008687907853269984665640564039457584007913129639935 [1.157e77])
        [13025] 0xC0################################56Cc2::transferFrom(ContractTest: [0x7F################################e1496], 0xB7################################D361f, 104850000000000000000 [1.048e20])
           emit Transfer(from: ContractTest: [0x7F################################e1496], to: 0xB7################################D361f, value: 104850000000000000000 [1.048e20])
            [Return] true
        [12436] 0xf4################################82c9b::balanceOf(ContractTest: [0x7F################################e1496]) [staticcall]
            [Return] 0
        [2504] 0xB7################################D361f::getReserves() [staticcall]
            [Return] 1, 96443675 [9.644e7], 1647065923 [1.647e9]
        [534] 0xC0################################56Cc2::balanceOf(0xB7################################D361f) [staticcall]
            [Return] 104850000000000000001 [1.048e20]
        [113716] 0xB7################################D361f::swap(0, 96443674 [9.644e7], ContractTest: [0x7F################################e1496], 0x)
           [79423] 0xf4################################82c9b::transfer(ContractTest: [0x7F################################e1496], 96443674 [9.644e7])
              emit Transfer(from: 0xB7################################D361f, to: ContractTest: [0x7F################################e1496], value: 83905998 [8.39e7])
               [Return] true
           [534] 0xC0################################56Cc2::balanceOf(0xB7################################D361f) [staticcall]
               [Return] 104850000000000000001 [1.048e20]
           [2436] 0xf4################################82c9b::balanceOf(0xB7################################D361f) [staticcall]
               [Return] 1
           emit Sync(reserve0: 104850000000000000001 [1.048e20], reserve1: 1)
           emit Swap(sender: 0x7a################################2488D, amount0In: 104850000000000000000 [1.048e20], amount1In: 0, amount0Out: 0, amount1Out: 96443674 [9.644e7], to: ContractTest: [0x7F################################e1496])
            [Stop] 
        [2436] 0xf4################################82c9b::balanceOf(ContractTest: [0x7F################################e1496]) [staticcall]
            [Return] 83905998 [8.39e7]
         [Stop] 
     [2436] 0xf4################################82c9b::balanceOf(ContractTest: [0x7F################################e1496]) [staticcall]
         [Return] 83905998 [8.39e7]
     [6504] 0xf4################################82c9b::deliver(83905998 [8.39e7])
         [Stop] 
     [13671] 0xB7################################D361f::skim(ContractTest: [0x7F################################e1496])
        [534] 0xC0################################56Cc2::balanceOf(0xB7################################D361f) [staticcall]
            [Return] 104850000000000000001 [1.048e20]
        [3262] 0xC0################################56Cc2::transfer(ContractTest: [0x7F################################e1496], 0)
           emit Transfer(from: 0xB7################################D361f, to: ContractTest: [0x7F################################e1496], value: 0)
            [Return] true
        [2436] 0xf4################################82c9b::balanceOf(0xB7################################D361f) [staticcall]
            [Return] 1
        [678] 0xf4################################82c9b::transfer(ContractTest: [0x7F################################e1496], 0)
            [Revert] revert: Transfer amount must be greater than zero
         [Revert] revert: UniswapV2: TRANSFER_FAILED
      [Revert] revert: UniswapV2: TRANSFER_FAILED

Suite result: FAILED. 0 passed; 1 failed; 0 skipped; finished in 1.91s (1.20s CPU time)

Ran 1 test suite in 1.92s (1.91s CPU time): 0 tests passed, 1 failed, 0 skipped (1 total tests)

Failing tests:
Encountered 1 failing test in src/migration_result_test2/TINU_exp.t.sol/0xf4################################82c9b.sol:ContractTest
[FAIL: revert: UniswapV2: TRANSFER_FAILED] test() (gas: 198473)

Encountered a total of 1 failing tests, 0 tests succeeded
