Compiling 25 files with Solc 0.8.28
Solc 0.8.28 finished in 1.46s
Compiler run successful with warnings:
Warning (6321): Unnamed return variable can remain unassigned. Add an explicit return with value to all non-reverting code paths or name the variable.
   --> lib/Common.sol:118:93:
    |
118 |     function prepareInitialCapital(address from, address to, uint amount) internal returns (bool) {
    |                                                                                             ^^^^

Warning (2018): Function state mutability can be restricted to view
 --> lib/Common.sol:7:5:
  |
7 |     function getRouterAndMainToken() internal returns (address, address[] memory){
  |     ^ (Relevant source part starts here and spans across multiple lines).

Warning (2018): Function state mutability can be restricted to pure
  --> lib/Common.sol:99:5:
   |
99 |     function tokenInArray(address token, address[] memory array) internal returns (bool){
   |     ^ (Relevant source part starts here and spans across multiple lines).


Ran 1 test for src/migration_result_test2/TINU_exp.t.sol/0xe3################################8bdcc.sol:ContractTest
[FAIL: revert: Pancake: TRANSFER_FAILED] test() (gas: 83558)
Traces:
  [83558] ContractTest::test()
     [2534] 0xbb################################c095c::balanceOf(ContractTest: [0x7F################################e1496]) [staticcall]
         [Return] 104850000000000000000 [1.048e20]
     [67776] 0x10################################6024E::swapExactTokensForTokensSupportingFeeOnTransferTokens(104850000000000000000 [1.048e20], 0, [0xbb################################c095c, 0xE3################################8BDcC], ContractTest: [0x7F################################e1496], 115792089237316195423570985008687907853269984665640564039457584007913129639935 [1.157e77])
        [13025] 0xbb################################c095c::transferFrom(ContractTest: [0x7F################################e1496], 0x01################################8247a, 104850000000000000000 [1.048e20])
           emit Transfer(from: ContractTest: [0x7F################################e1496], to: 0x01################################8247a, value: 104850000000000000000 [1.048e20])
            [Return] true
        [12494] 0xE3################################8BDcC::balanceOf(ContractTest: [0x7F################################e1496]) [staticcall]
            [Return] 0
        [2893] 0x01################################8247a::getReserves() [staticcall]
            [Return] 113812508338005579 [1.138e17], 50832520542404551637 [5.083e19], 1647633100 [1.647e9]
        [534] 0xbb################################c095c::balanceOf(0x01################################8247a) [staticcall]
            [Return] 104963812508338005579 [1.049e20]
        [27365] 0x01################################8247a::swap(0, 50777264731292495447 [5.077e19], ContractTest: [0x7F################################e1496], 0x)
           [15555] 0xE3################################8BDcC::transfer(ContractTest: [0x7F################################e1496], 50777264731292495447 [5.077e19])
               [Revert] revert: Transfer amount exceeds the maxTxAmount.
            [Revert] revert: Pancake: TRANSFER_FAILED
         [Revert] revert: Pancake: TRANSFER_FAILED
      [Revert] revert: Pancake: TRANSFER_FAILED

Suite result: FAILED. 0 passed; 1 failed; 0 skipped; finished in 1.58s (810.89ms CPU time)

Ran 1 test suite in 1.60s (1.58s CPU time): 0 tests passed, 1 failed, 0 skipped (1 total tests)

Failing tests:
Encountered 1 failing test in src/migration_result_test2/TINU_exp.t.sol/0xe3################################8bdcc.sol:ContractTest
[FAIL: revert: Pancake: TRANSFER_FAILED] test() (gas: 83558)

Encountered a total of 1 failing tests, 0 tests succeeded
