Compiling 25 files with Solc 0.8.28
Solc 0.8.28 finished in 1.51s
Compiler run successful with warnings:
Warning (6321): Unnamed return variable can remain unassigned. Add an explicit return with value to all non-reverting code paths or name the variable.
   --> lib/Common.sol:118:93:
    |
118 |     function prepareInitialCapital(address from, address to, uint amount) internal returns (bool) {
    |                                                                                             ^^^^

Warning (2018): Function state mutability can be restricted to view
 --> lib/Common.sol:7:5:
  |
7 |     function getRouterAndMainToken() internal returns (address, address[] memory){
  |     ^ (Relevant source part starts here and spans across multiple lines).

Warning (2018): Function state mutability can be restricted to pure
  --> lib/Common.sol:99:5:
   |
99 |     function tokenInArray(address token, address[] memory array) internal returns (bool){
   |     ^ (Relevant source part starts here and spans across multiple lines).


Ran 1 test for src/migration_result_test2/TINU_exp.t.sol/0xc2################################d5a2A.sol:ContractTest
[FAIL: revert: Pancake: TRANSFER_FAILED] test() (gas: 91845)
Traces:
  [91845] ContractTest::test()
     [2534] 0xbb################################c095c::balanceOf(ContractTest: [0x7F################################e1496]) [staticcall]
         [Return] 104850000000000000000 [1.048e20]
     [76063] 0x10################################6024E::swapExactTokensForTokensSupportingFeeOnTransferTokens(104850000000000000000 [1.048e20], 0, [0xbb################################c095c, 0xc2################################d5a2A], ContractTest: [0x7F################################e1496], 115792089237316195423570985008687907853269984665640564039457584007913129639935 [1.157e77])
        [13025] 0xbb################################c095c::transferFrom(ContractTest: [0x7F################################e1496], 0x3A################################36322, 104850000000000000000 [1.048e20])
           emit Transfer(from: ContractTest: [0x7F################################e1496], to: 0x3A################################36322, value: 104850000000000000000 [1.048e20])
            [Return] true
        [12199] 0xc2################################d5a2A::balanceOf(ContractTest: [0x7F################################e1496]) [staticcall]
            [Return] 0
        [2893] 0x3A################################36322::getReserves() [staticcall]
            [Return] 11269890285361 [1.126e13], 100000100000000000000 [1e20], 1644234696 [1.644e9]
        [534] 0xbb################################c095c::balanceOf(0x3A################################36322) [staticcall]
            [Return] 104850011269890285361 [1.048e20]
        [35947] 0x3A################################36322::swap(0, 100000089224467615523 [1e20], ContractTest: [0x7F################################e1496], 0x)
           [24143] 0xc2################################d5a2A::transfer(ContractTest: [0x7F################################e1496], 100000089224467615523 [1e20])
               [Revert] revert: SafeMath: subtraction overflow
            [Revert] revert: Pancake: TRANSFER_FAILED
         [Revert] revert: Pancake: TRANSFER_FAILED
      [Revert] revert: Pancake: TRANSFER_FAILED

Suite result: FAILED. 0 passed; 1 failed; 0 skipped; finished in 2.71s (915.25ms CPU time)

Ran 1 test suite in 2.77s (2.71s CPU time): 0 tests passed, 1 failed, 0 skipped (1 total tests)

Failing tests:
Encountered 1 failing test in src/migration_result_test2/TINU_exp.t.sol/0xc2################################d5a2A.sol:ContractTest
[FAIL: revert: Pancake: TRANSFER_FAILED] test() (gas: 91845)

Encountered a total of 1 failing tests, 0 tests succeeded
